<?xml version="1.0" encoding="UTF-8"?>
<!-- Generated by org.testng.reporters.JUnitReportReporter -->
<testsuite hostname="Sahasra-PC" failures="0" tests="4" name="runners.TestRunner" time="19.015" errors="0" timestamp="2025-05-15T22:23:03 IST" skipped="0">
  <testcase classname="runners.TestRunner" name="runScenario" time="4.530"/>
  <testcase classname="runners.TestRunner" name="runScenario" time="4.902"/>
  <testcase classname="runners.TestRunner" name="runScenario" time="4.050"/>
  <testcase classname="runners.TestRunner" name="runScenario" time="5.533"/>
</testsuite> <!-- runners.TestRunner -->
