<?xml version="1.0" encoding="UTF-8"?>
<!-- Generated by org.testng.reporters.JUnitReportReporter -->
<testsuite hostname="Sahasra-PC" failures="0" tests="2" name="com.api.automation.tests.RegisterApiTest" time="2.308" errors="0" timestamp="2025-05-15T22:25:24 IST" skipped="0">
  <testcase classname="com.api.automation.tests.RegisterApiTest" name="testRegisterApi" time="0.450"/>
  <testcase classname="com.api.automation.tests.RegisterApiTest" name="testRegisterApi" time="1.858"/>
</testsuite> <!-- com.api.automation.tests.RegisterApiTest -->
