<?xml version="1.0" encoding="UTF-8"?>
<!-- Generated by org.testng.reporters.JUnitReportReporter -->
<testsuite hostname="Sahasra-PC" failures="0" tests="3" name="com.api.automation.tests.RegisterApiTest" time="4.877" errors="0" timestamp="2025-05-16T11:54:22 IST" skipped="0">
  <testcase classname="com.api.automation.tests.RegisterApiTest" name="testRegisterApi" time="0.653"/>
  <testcase classname="com.api.automation.tests.RegisterApiTest" name="testRegisterApi" time="3.566"/>
  <testcase classname="com.api.automation.tests.RegisterApiTest" name="testRegisterApi" time="0.658"/>
</testsuite> <!-- com.api.automation.tests.RegisterApiTest -->
