<?xml version="1.0" encoding="UTF-8"?>
<testsuite xmlns:xsi="http://www.w3.org/2001/XMLSchema-instance" xsi:noNamespaceSchemaLocation="https://maven.apache.org/surefire/maven-surefire-plugin/xsd/surefire-test-report-3.0.xsd" version="3.0" name="runners.TestRunner" time="34.492" tests="4" errors="0" skipped="0" failures="0">
  <properties>
[...]
</properties>
  <testcase name="runScenario[&quot;Verify the title of the page and image carousel functionality&quot;, &quot;Verify Page Title and Image Carousel&quot;](1)" classname="runners.TestRunner" time="5.599">
    <system-out><![CDATA[
Scenario: Verify the title of the page and image carousel functionality                       # src/test/resources/features/VerifyPageTitle.feature:3
12:09:32.845 [main] DEBUG io.github.bonigarcia.wdm.WebDriverManager - Using WebDriverManager 5.5.3
12:09:33.321 [main] DEBUG io.github.bonigarcia.wdm.cache.ResolutionCache - Resolution chrome=136 in cache (valid until 13:00:11 16/05/2025 IST)
12:09:33.323 [main] DEBUG io.github.bonigarcia.wdm.cache.ResolutionCache - Resolution chrome136=136.0.7103.94 in cache (valid until 16:55:21 16/05/2025 IST)
12:09:33.323 [main] INFO io.github.bonigarcia.wdm.WebDriverManager - Using chromedriver 136.0.7103.94 (resolved driver for Chrome 136)
12:09:33.347 [main] DEBUG io.github.bonigarcia.wdm.WebDriverManager - Driver chromedriver 136.0.7103.94 found in cache
12:09:33.348 [main] INFO io.github.bonigarcia.wdm.WebDriverManager - Exporting webdriver.chrome.driver as C:\Users\Sahasra Reddy\.cache\selenium\chromedriver\win64\136.0.7103.94\chromedriver.exe
12:09:33.529 [main] DEBUG io.netty.util.internal.logging.InternalLoggerFactory - Using SLF4J as the default logging framework
12:09:33.529 [main] DEBUG io.netty.util.ResourceLeakDetector - -Dio.netty.leakDetection.level: simple
12:09:33.529 [main] DEBUG io.netty.util.ResourceLeakDetector - -Dio.netty.leakDetection.targetRecords: 4
12:09:33.538 [main] DEBUG io.netty.util.ResourceLeakDetectorFactory - Loaded default ResourceLeakDetector: io.netty.util.ResourceLeakDetector@18578491
12:09:33.556 [main] DEBUG io.netty.util.internal.PlatformDependent0 - -Dio.netty.noUnsafe: false
12:09:33.556 [main] DEBUG io.netty.util.internal.PlatformDependent0 - Java version: 21
12:09:33.557 [main] DEBUG io.netty.util.internal.PlatformDependent0 - sun.misc.Unsafe.theUnsafe: available
12:09:33.557 [main] DEBUG io.netty.util.internal.PlatformDependent0 - sun.misc.Unsafe.copyMemory: available
12:09:33.557 [main] DEBUG io.netty.util.internal.PlatformDependent0 - sun.misc.Unsafe.storeFence: available
12:09:33.557 [main] DEBUG io.netty.util.internal.PlatformDependent0 - java.nio.Buffer.address: available
12:09:33.557 [main] DEBUG io.netty.util.internal.PlatformDependent0 - direct buffer constructor: unavailable: java.nio.DirectByteBuffer.<init>(long,int)
12:09:33.557 [main] DEBUG io.netty.util.internal.PlatformDependent0 - java.nio.Bits.unaligned: available, true
12:09:33.562 [main] DEBUG io.netty.util.internal.PlatformDependent0 - jdk.internal.misc.Unsafe.allocateUninitializedArray(int): unavailable: class io.netty.util.internal.PlatformDependent0$7 cannot access class jdk.internal.misc.Unsafe (in module java.base) because module java.base does not export jdk.internal.misc to unnamed module @1efee8e7
12:09:33.563 [main] DEBUG io.netty.util.internal.PlatformDependent0 - java.nio.DirectByteBuffer.<init>(long, int): unavailable
12:09:33.563 [main] DEBUG io.netty.util.internal.PlatformDependent - sun.misc.Unsafe: available
12:09:33.563 [main] DEBUG io.netty.util.internal.PlatformDependent - maxDirectMemory: 4223664128 bytes (maybe)
12:09:33.563 [main] DEBUG io.netty.util.internal.PlatformDependent - -Dio.netty.tmpdir: C:\Users\SAHASR~1\AppData\Local\Temp (java.io.tmpdir)
12:09:33.563 [main] DEBUG io.netty.util.internal.PlatformDependent - -Dio.netty.bitMode: 64 (sun.arch.data.model)
12:09:33.563 [main] DEBUG io.netty.util.internal.PlatformDependent - Platform: Windows
12:09:33.563 [main] DEBUG io.netty.util.internal.PlatformDependent - -Dio.netty.maxDirectMemory: -1 bytes
12:09:33.563 [main] DEBUG io.netty.util.internal.PlatformDependent - -Dio.netty.uninitializedArrayAllocationThreshold: -1
12:09:33.563 [main] DEBUG io.netty.util.internal.CleanerJava9 - java.nio.ByteBuffer.cleaner(): available
12:09:33.563 [main] DEBUG io.netty.util.internal.PlatformDependent - -Dio.netty.noPreferDirect: false
12:09:33.563 [main] DEBUG io.netty.util.internal.PlatformDependent - org.jctools-core.MpscChunkedArrayQueue: available
12:09:33.591 [main] DEBUG io.netty.util.internal.InternalThreadLocalMap - -Dio.netty.threadLocalMap.stringBuilder.initialSize: 1024
12:09:33.591 [main] DEBUG io.netty.util.internal.InternalThreadLocalMap - -Dio.netty.threadLocalMap.stringBuilder.maxSize: 4096
12:09:33.642 [main] DEBUG io.netty.handler.ssl.JdkSslContext - Default protocols (JDK): [TLSv1.3, TLSv1.2] 
12:09:33.642 [main] DEBUG io.netty.handler.ssl.JdkSslContext - Default cipher suites (JDK): [TLS_ECDHE_ECDSA_WITH_AES_256_GCM_SHA384, TLS_ECDHE_ECDSA_WITH_AES_128_GCM_SHA256, TLS_ECDHE_RSA_WITH_AES_128_GCM_SHA256, TLS_ECDHE_RSA_WITH_AES_256_GCM_SHA384, TLS_ECDHE_RSA_WITH_AES_128_CBC_SHA, TLS_ECDHE_RSA_WITH_AES_256_CBC_SHA, TLS_RSA_WITH_AES_128_GCM_SHA256, TLS_RSA_WITH_AES_128_CBC_SHA, TLS_RSA_WITH_AES_256_CBC_SHA, TLS_AES_128_GCM_SHA256, TLS_AES_256_GCM_SHA384]
12:09:33.658 [main] DEBUG io.netty.util.concurrent.GlobalEventExecutor - -Dio.netty.globalEventExecutor.quietPeriodSeconds: 1
12:09:33.667 [main] DEBUG io.netty.channel.MultithreadEventLoopGroup - -Dio.netty.eventLoopThreads: 24
12:09:33.681 [main] DEBUG io.netty.channel.nio.NioEventLoop - -Dio.netty.noKeySetOptimization: false
12:09:33.681 [main] DEBUG io.netty.channel.nio.NioEventLoop - -Dio.netty.selectorAutoRebuildThreshold: 512
12:09:33.757 [main] DEBUG io.netty.buffer.PooledByteBufAllocator - -Dio.netty.allocator.numHeapArenas: 24
12:09:33.757 [main] DEBUG io.netty.buffer.PooledByteBufAllocator - -Dio.netty.allocator.numDirectArenas: 24
12:09:33.757 [main] DEBUG io.netty.buffer.PooledByteBufAllocator - -Dio.netty.allocator.pageSize: 8192
12:09:33.757 [main] DEBUG io.netty.buffer.PooledByteBufAllocator - -Dio.netty.allocator.maxOrder: 9
12:09:33.757 [main] DEBUG io.netty.buffer.PooledByteBufAllocator - -Dio.netty.allocator.chunkSize: 4194304
12:09:33.757 [main] DEBUG io.netty.buffer.PooledByteBufAllocator - -Dio.netty.allocator.smallCacheSize: 256
12:09:33.757 [main] DEBUG io.netty.buffer.PooledByteBufAllocator - -Dio.netty.allocator.normalCacheSize: 64
12:09:33.757 [main] DEBUG io.netty.buffer.PooledByteBufAllocator - -Dio.netty.allocator.maxCachedBufferCapacity: 32768
12:09:33.757 [main] DEBUG io.netty.buffer.PooledByteBufAllocator - -Dio.netty.allocator.cacheTrimInterval: 8192
12:09:33.757 [main] DEBUG io.netty.buffer.PooledByteBufAllocator - -Dio.netty.allocator.cacheTrimIntervalMillis: 0
12:09:33.757 [main] DEBUG io.netty.buffer.PooledByteBufAllocator - -Dio.netty.allocator.useCacheForAllThreads: false
12:09:33.757 [main] DEBUG io.netty.buffer.PooledByteBufAllocator - -Dio.netty.allocator.maxCachedByteBuffersPerChunk: 1023
12:09:33.773 [main] DEBUG io.netty.buffer.ByteBufUtil - -Dio.netty.allocator.type: pooled
12:09:33.773 [main] DEBUG io.netty.buffer.ByteBufUtil - -Dio.netty.threadLocalDirectBufferSize: 0
12:09:33.773 [main] DEBUG io.netty.buffer.ByteBufUtil - -Dio.netty.maxThreadLocalCharBufferSize: 16384
12:09:34.046 [Forwarding newSession on session null to remote] DEBUG io.netty.channel.DefaultChannelId - -Dio.netty.processId: 1272 (auto-detected)
12:09:34.046 [Forwarding newSession on session null to remote] DEBUG io.netty.util.NetUtil - -Djava.net.preferIPv4Stack: false
12:09:34.046 [Forwarding newSession on session null to remote] DEBUG io.netty.util.NetUtil - -Djava.net.preferIPv6Addresses: false
12:09:34.046 [Forwarding newSession on session null to remote] DEBUG io.netty.util.NetUtilInitializations - Loopback interface: loopback_0 (Software Loopback Interface 1, 0:0:0:0:0:0:0:1)
12:09:34.046 [Forwarding newSession on session null to remote] DEBUG io.netty.util.NetUtil - Failed to get SOMAXCONN from sysctl and file \proc\sys\net\core\somaxconn. Default: 200
12:09:34.052 [Forwarding newSession on session null to remote] DEBUG io.netty.channel.DefaultChannelId - -Dio.netty.machineId: 04:e8:b9:ff:fe:da:c2:7f (auto-detected)
12:09:34.090 [AsyncHttpClient-1-2] DEBUG io.netty.buffer.AbstractByteBuf - -Dio.netty.buffer.checkAccessible: true
12:09:34.090 [AsyncHttpClient-1-2] DEBUG io.netty.buffer.AbstractByteBuf - -Dio.netty.buffer.checkBounds: true
12:09:34.090 [AsyncHttpClient-1-2] DEBUG io.netty.util.ResourceLeakDetectorFactory - Loaded default ResourceLeakDetector: io.netty.util.ResourceLeakDetector@35dd4d3e
12:09:34.116 [AsyncHttpClient-1-2] DEBUG org.asynchttpclient.netty.channel.NettyConnectListener - Using new Channel '[id: 0xf30e1d1e, L:/127.0.0.1:50874 - R:localhost/127.0.0.1:21574]' for 'POST' to '/session'
12:09:34.152 [AsyncHttpClient-1-2] DEBUG io.netty.util.Recycler - -Dio.netty.recycler.maxCapacityPerThread: 4096
12:09:34.152 [AsyncHttpClient-1-2] DEBUG io.netty.util.Recycler - -Dio.netty.recycler.ratio: 8
12:09:34.152 [AsyncHttpClient-1-2] DEBUG io.netty.util.Recycler - -Dio.netty.recycler.chunkSize: 32
12:09:34.152 [AsyncHttpClient-1-2] DEBUG io.netty.util.Recycler - -Dio.netty.recycler.blocking: false
12:09:34.152 [AsyncHttpClient-1-2] DEBUG io.netty.util.Recycler - -Dio.netty.recycler.batchFastThreadLocalOnly: true
12:09:34.808 [AsyncHttpClient-1-2] DEBUG io.netty.handler.codec.compression.Brotli - brotli4j not in the classpath; Brotli support will be unavailable.
12:09:34.808 [AsyncHttpClient-1-2] DEBUG org.asynchttpclient.netty.handler.HttpHandler - 

Request DefaultHttpRequest(decodeResult: success, version: HTTP/1.1)
POST /session HTTP/1.1
User-Agent: selenium/4.9.0 (java windows)
Content-Length: 254
Content-Type: application/json; charset=utf-8
host: localhost:21574
accept: */*

Response DefaultHttpResponse(decodeResult: success, version: HTTP/1.1)
HTTP/1.1 200 OK
Content-Length: 885
Content-Type: application/json; charset=utf-8
cache-control: no-cache

12:09:34.816 [AsyncHttpClient-1-2] DEBUG org.asynchttpclient.netty.channel.ChannelManager - Adding key: http://localhost:21574 for channel [id: 0xf30e1d1e, L:/127.0.0.1:50874 - R:localhost/127.0.0.1:21574]
12:09:34.915 [AsyncHttpClient-1-3] DEBUG org.asynchttpclient.netty.channel.NettyConnectListener - Using new Channel '[id: 0x93f7bb27, L:/127.0.0.1:50883 - R:localhost/127.0.0.1:50875]' for 'GET' to '/json/version'
12:09:34.917 [AsyncHttpClient-1-3] DEBUG org.asynchttpclient.netty.handler.HttpHandler - 

Request DefaultFullHttpRequest(decodeResult: success, version: HTTP/1.1, content: EmptyByteBufBE)
GET /json/version HTTP/1.1
User-Agent: selenium/4.9.0 (java windows)
host: localhost:50875
accept: */*

Response DefaultHttpResponse(decodeResult: success, version: HTTP/1.1)
HTTP/1.1 200 OK
Content-Security-Policy: frame-ancestors 'none'
Content-Length: 424
Content-Type: application/json; charset=UTF-8

12:09:34.917 [AsyncHttpClient-1-3] DEBUG org.asynchttpclient.netty.channel.ChannelManager - Adding key: http://localhost:50875 for channel [id: 0x93f7bb27, L:/127.0.0.1:50883 - R:localhost/127.0.0.1:50875]
12:09:34.933 [main] DEBUG io.netty.util.internal.ThreadLocalRandom - -Dio.netty.initialSeedUniquifier: 0x9f58b1449c1010f6
12:09:34.939 [AsyncHttpClient-1-4] DEBUG org.asynchttpclient.netty.channel.NettyConnectListener - Using new Channel '[id: 0xa45071b9, L:/127.0.0.1:50884 - R:localhost/127.0.0.1:50875]' for 'GET' to '/devtools/browser/4c8f5093-58dd-4094-96e4-2fdf1b5b9cdf'
12:09:34.943 [AsyncHttpClient-1-4] DEBUG org.asynchttpclient.netty.handler.WebSocketHandler - 

Request DefaultFullHttpRequest(decodeResult: success, version: HTTP/1.1, content: EmptyByteBufBE)
GET /devtools/browser/4c8f5093-58dd-4094-96e4-2fdf1b5b9cdf HTTP/1.1
upgrade: websocket
connection: upgrade
sec-websocket-key: JDo/h8WoLYOBe8oausihYw==
sec-websocket-version: 13
origin: http://localhost:50875
host: localhost:50875
accept: */*
user-agent: AHC/2.1

Response DefaultHttpResponse(decodeResult: success, version: HTTP/1.1)
HTTP/1.1 101 WebSocket Protocol Handshake
Upgrade: WebSocket
Connection: Upgrade
Sec-WebSocket-Accept: h4GBBFz0dQPhrfjOjQA/NqKQMNk=

12:09:34.998 [Forwarding get on session d0fef5602c0da2f84adb299bb2399908 to remote] DEBUG org.asynchttpclient.netty.request.NettyRequestSender - Using pooled Channel '[id: 0xf30e1d1e, L:/127.0.0.1:50874 - R:localhost/127.0.0.1:21574]' for 'POST' to 'http://localhost:21574/session/d0fef5602c0da2f84adb299bb2399908/url'
12:09:34.998 [Forwarding get on session d0fef5602c0da2f84adb299bb2399908 to remote] DEBUG org.asynchttpclient.netty.request.NettyRequestSender - Using open Channel [id: 0xf30e1d1e, L:/127.0.0.1:50874 - R:localhost/127.0.0.1:21574] for POST '/session/d0fef5602c0da2f84adb299bb2399908/url'
12:09:35.781 [AsyncHttpClient-1-1] DEBUG org.asynchttpclient.netty.channel.DefaultChannelPool - Entry count for : http://localhost:50875 : 1
12:09:36.881 [AsyncHttpClient-1-1] DEBUG org.asynchttpclient.netty.channel.DefaultChannelPool - Entry count for : http://localhost:50875 : 1
12:09:37.140 [AsyncHttpClient-1-2] DEBUG org.asynchttpclient.netty.handler.HttpHandler - 

Request DefaultHttpRequest(decodeResult: success, version: HTTP/1.1)
POST /session/d0fef5602c0da2f84adb299bb2399908/url HTTP/1.1
User-Agent: selenium/4.9.0 (java windows)
Content-Length: 71
Content-Type: application/json; charset=utf-8
host: localhost:21574
accept: */*

Response DefaultHttpResponse(decodeResult: success, version: HTTP/1.1)
HTTP/1.1 200 OK
Content-Length: 14
Content-Type: application/json; charset=utf-8
cache-control: no-cache

12:09:37.155 [AsyncHttpClient-1-2] DEBUG org.asynchttpclient.netty.channel.ChannelManager - Adding key: http://localhost:21574 for channel [id: 0xf30e1d1e, L:/127.0.0.1:50874 - R:localhost/127.0.0.1:21574]
12:09:37.160 [Forwarding maximizeCurrentWindow on session d0fef5602c0da2f84adb299bb2399908 to remote] DEBUG org.asynchttpclient.netty.request.NettyRequestSender - Using pooled Channel '[id: 0xf30e1d1e, L:/127.0.0.1:50874 - R:localhost/127.0.0.1:21574]' for 'POST' to 'http://localhost:21574/session/d0fef5602c0da2f84adb299bb2399908/window/maximize'
12:09:37.160 [Forwarding maximizeCurrentWindow on session d0fef5602c0da2f84adb299bb2399908 to remote] DEBUG org.asynchttpclient.netty.request.NettyRequestSender - Using open Channel [id: 0xf30e1d1e, L:/127.0.0.1:50874 - R:localhost/127.0.0.1:21574] for POST '/session/d0fef5602c0da2f84adb299bb2399908/window/maximize'
12:09:37.216 [AsyncHttpClient-1-2] DEBUG org.asynchttpclient.netty.handler.HttpHandler - 

Request DefaultHttpRequest(decodeResult: success, version: HTTP/1.1)
POST /session/d0fef5602c0da2f84adb299bb2399908/window/maximize HTTP/1.1
User-Agent: selenium/4.9.0 (java windows)
Content-Length: 3
Content-Type: application/json; charset=utf-8
host: localhost:21574
accept: */*

Response DefaultHttpResponse(decodeResult: success, version: HTTP/1.1)
HTTP/1.1 200 OK
Content-Length: 51
Content-Type: application/json; charset=utf-8
cache-control: no-cache

12:09:37.216 [AsyncHttpClient-1-2] DEBUG org.asynchttpclient.netty.channel.ChannelManager - Adding key: http://localhost:21574 for channel [id: 0xf30e1d1e, L:/127.0.0.1:50874 - R:localhost/127.0.0.1:21574]
12:09:37.236 [main] INFO  stepDefinitions.StepDefinitions - Application launched successfully with url: http://webdriveruniversity.com/index.html
  Given I launch the application "http://webdriveruniversity.com/index.html"                  # stepDefinitions.StepDefinitions.launchApplication(java.lang.String)
12:09:37.269 [Forwarding findElement on session d0fef5602c0da2f84adb299bb2399908 to remote] DEBUG org.asynchttpclient.netty.request.NettyRequestSender - Using pooled Channel '[id: 0xf30e1d1e, L:/127.0.0.1:50874 - R:localhost/127.0.0.1:21574]' for 'POST' to 'http://localhost:21574/session/d0fef5602c0da2f84adb299bb2399908/element'
12:09:37.269 [Forwarding findElement on session d0fef5602c0da2f84adb299bb2399908 to remote] DEBUG org.asynchttpclient.netty.request.NettyRequestSender - Using open Channel [id: 0xf30e1d1e, L:/127.0.0.1:50874 - R:localhost/127.0.0.1:21574] for POST '/session/d0fef5602c0da2f84adb299bb2399908/element'
12:09:37.291 [AsyncHttpClient-1-2] DEBUG org.asynchttpclient.netty.handler.HttpHandler - 

Request DefaultHttpRequest(decodeResult: success, version: HTTP/1.1)
POST /session/d0fef5602c0da2f84adb299bb2399908/element HTTP/1.1
User-Agent: selenium/4.9.0 (java windows)
Content-Length: 67
Content-Type: application/json; charset=utf-8
host: localhost:21574
accept: */*

Response DefaultHttpResponse(decodeResult: success, version: HTTP/1.1)
HTTP/1.1 200 OK
Content-Length: 126
Content-Type: application/json; charset=utf-8
cache-control: no-cache

12:09:37.291 [AsyncHttpClient-1-2] DEBUG org.asynchttpclient.netty.channel.ChannelManager - Adding key: http://localhost:21574 for channel [id: 0xf30e1d1e, L:/127.0.0.1:50874 - R:localhost/127.0.0.1:21574]
12:09:37.308 [Forwarding isElementDisplayed on session d0fef5602c0da2f84adb299bb2399908 to remote] DEBUG org.asynchttpclient.netty.request.NettyRequestSender - Using pooled Channel '[id: 0xf30e1d1e, L:/127.0.0.1:50874 - R:localhost/127.0.0.1:21574]' for 'POST' to 'http://localhost:21574/session/d0fef5602c0da2f84adb299bb2399908/execute/sync'
12:09:37.311 [Forwarding isElementDisplayed on session d0fef5602c0da2f84adb299bb2399908 to remote] DEBUG org.asynchttpclient.netty.request.NettyRequestSender - Using open Channel [id: 0xf30e1d1e, L:/127.0.0.1:50874 - R:localhost/127.0.0.1:21574] for POST '/session/d0fef5602c0da2f84adb299bb2399908/execute/sync'
12:09:37.333 [AsyncHttpClient-1-2] DEBUG org.asynchttpclient.netty.handler.HttpHandler - 

Request DefaultHttpRequest(decodeResult: success, version: HTTP/1.1)
POST /session/d0fef5602c0da2f84adb299bb2399908/execute/sync HTTP/1.1
User-Agent: selenium/4.9.0 (java windows)
Content-Length: 48845
Content-Type: application/json; charset=utf-8
host: localhost:21574
accept: */*

Response DefaultHttpResponse(decodeResult: success, version: HTTP/1.1)
HTTP/1.1 200 OK
Content-Length: 14
Content-Type: application/json; charset=utf-8
cache-control: no-cache

12:09:37.333 [AsyncHttpClient-1-2] DEBUG org.asynchttpclient.netty.channel.ChannelManager - Adding key: http://localhost:21574 for channel [id: 0xf30e1d1e, L:/127.0.0.1:50874 - R:localhost/127.0.0.1:21574]
12:09:37.335 [Forwarding getElementText on session d0fef5602c0da2f84adb299bb2399908 to remote] DEBUG org.asynchttpclient.netty.request.NettyRequestSender - Using pooled Channel '[id: 0xf30e1d1e, L:/127.0.0.1:50874 - R:localhost/127.0.0.1:21574]' for 'GET' to 'http://localhost:21574/session/d0fef5602c0da2f84adb299bb2399908/element/f.D7662B8B68473D55B466ADE9CCA0860B.d.8463B0888ECA2B5D27EEE9CD6C3EC934.e.49/text'
12:09:37.335 [Forwarding getElementText on session d0fef5602c0da2f84adb299bb2399908 to remote] DEBUG org.asynchttpclient.netty.request.NettyRequestSender - Using open Channel [id: 0xf30e1d1e, L:/127.0.0.1:50874 - R:localhost/127.0.0.1:21574] for GET '/session/d0fef5602c0da2f84adb299bb2399908/element/f.D7662B8B68473D55B466ADE9CCA0860B.d.8463B0888ECA2B5D27EEE9CD6C3EC934.e.49/text'
12:09:37.370 [AsyncHttpClient-1-2] DEBUG org.asynchttpclient.netty.handler.HttpHandler - 

Request DefaultFullHttpRequest(decodeResult: success, version: HTTP/1.1, content: EmptyByteBufBE)
GET /session/d0fef5602c0da2f84adb299bb2399908/element/f.D7662B8B68473D55B466ADE9CCA0860B.d.8463B0888ECA2B5D27EEE9CD6C3EC934.e.49/text HTTP/1.1
User-Agent: selenium/4.9.0 (java windows)
Cache-Control: no-cache
Content-Type: application/json; charset=utf-8
host: localhost:21574
accept: */*

Response DefaultHttpResponse(decodeResult: success, version: HTTP/1.1)
HTTP/1.1 200 OK
Content-Length: 62
Content-Type: application/json; charset=utf-8
cache-control: no-cache

12:09:37.370 [AsyncHttpClient-1-2] DEBUG org.asynchttpclient.netty.channel.ChannelManager - Adding key: http://localhost:21574 for channel [id: 0xf30e1d1e, L:/127.0.0.1:50874 - R:localhost/127.0.0.1:21574]
12:09:37.375 [main] INFO  stepDefinitions.StepDefinitions - Page title verified successfully. Expected: WebdriverUniversity.com (New Approach To Learning), Actual: WebdriverUniversity.com (New Approach To Learning)
  Then I verify the title of the page is "WebdriverUniversity.com (New Approach To Learning)" # stepDefinitions.StepDefinitions.verifyPageTitle(java.lang.String)
12:09:37.388 [AsyncHttpClient-1-4] DEBUG org.asynchttpclient.netty.handler.WebSocketHandler - Channel Closed: [id: 0xa45071b9, L:/127.0.0.1:50884 ! R:localhost/127.0.0.1:50875] with attribute DISCARD
12:09:37.392 [Driver Command Executor] DEBUG org.asynchttpclient.netty.request.NettyRequestSender - Using pooled Channel '[id: 0xf30e1d1e, L:/127.0.0.1:50874 - R:localhost/127.0.0.1:21574]' for 'DELETE' to 'http://localhost:21574/session/d0fef5602c0da2f84adb299bb2399908'
12:09:37.392 [Driver Command Executor] DEBUG org.asynchttpclient.netty.request.NettyRequestSender - Using open Channel [id: 0xf30e1d1e, L:/127.0.0.1:50874 - R:localhost/127.0.0.1:21574] for DELETE '/session/d0fef5602c0da2f84adb299bb2399908'
12:09:37.564 [AsyncHttpClient-1-3] DEBUG org.asynchttpclient.netty.handler.HttpHandler - Unexpected I/O exception on channel [id: 0x93f7bb27, L:/127.0.0.1:50883 - R:localhost/127.0.0.1:50875]
java.net.SocketException: Connection reset
	at java.base/sun.nio.ch.SocketChannelImpl.throwConnectionReset(SocketChannelImpl.java:401)
	at java.base/sun.nio.ch.SocketChannelImpl.read(SocketChannelImpl.java:434)
	at io.netty.buffer.PooledByteBuf.setBytes(PooledByteBuf.java:256)
	at io.netty.buffer.AbstractByteBuf.writeBytes(AbstractByteBuf.java:1132)
	at io.netty.channel.socket.nio.NioSocketChannel.doReadBytes(NioSocketChannel.java:357)
	at io.netty.channel.nio.AbstractNioByteChannel$NioByteUnsafe.read(AbstractNioByteChannel.java:151)
	at io.netty.channel.nio.NioEventLoop.processSelectedKey(NioEventLoop.java:788)
	at io.netty.channel.nio.NioEventLoop.processSelectedKeysOptimized(NioEventLoop.java:724)
	at io.netty.channel.nio.NioEventLoop.processSelectedKeys(NioEventLoop.java:650)
	at io.netty.channel.nio.NioEventLoop.run(NioEventLoop.java:562)
	at io.netty.util.concurrent.SingleThreadEventExecutor$4.run(SingleThreadEventExecutor.java:997)
	at io.netty.util.internal.ThreadExecutorMap$2.run(ThreadExecutorMap.java:74)
	at io.netty.util.concurrent.FastThreadLocalRunnable.run(FastThreadLocalRunnable.java:30)
	at java.base/java.lang.Thread.run(Thread.java:1583)
12:09:37.564 [AsyncHttpClient-1-3] DEBUG org.asynchttpclient.netty.channel.ChannelManager - Closing Channel [id: 0x93f7bb27, L:/127.0.0.1:50883 - R:localhost/127.0.0.1:50875] 
12:09:37.566 [AsyncHttpClient-1-3] DEBUG org.asynchttpclient.netty.handler.HttpHandler - Channel Closed: [id: 0x93f7bb27, L:/127.0.0.1:50883 ! R:localhost/127.0.0.1:50875] with attribute DISCARD
12:09:37.597 [AsyncHttpClient-1-2] DEBUG org.asynchttpclient.netty.handler.HttpHandler - 

Request DefaultFullHttpRequest(decodeResult: success, version: HTTP/1.1, content: EmptyByteBufBE)
DELETE /session/d0fef5602c0da2f84adb299bb2399908 HTTP/1.1
User-Agent: selenium/4.9.0 (java windows)
Content-Type: application/json; charset=utf-8
host: localhost:21574
accept: */*

Response DefaultHttpResponse(decodeResult: success, version: HTTP/1.1)
HTTP/1.1 200 OK
Content-Length: 14
Content-Type: application/json; charset=utf-8
cache-control: no-cache

12:09:37.597 [AsyncHttpClient-1-2] DEBUG org.asynchttpclient.netty.channel.ChannelManager - Adding key: http://localhost:21574 for channel [id: 0xf30e1d1e, L:/127.0.0.1:50874 - R:localhost/127.0.0.1:21574]
12:09:37.660 [AsyncHttpClient-1-2] DEBUG org.asynchttpclient.netty.handler.HttpHandler - Channel Closed: [id: 0xf30e1d1e, L:/127.0.0.1:50874 ! R:localhost/127.0.0.1:21574] with attribute DISCARD
Browser closed successfully.
]]></system-out>
    <system-err><![CDATA[SLF4J: Class path contains multiple SLF4J bindings.
SLF4J: Found binding in [jar:file:/C:/Users/Sahasra%20Reddy/.m2/repository/ch/qos/logback/logback-classic/1.2.11/logback-classic-1.2.11.jar!/org/slf4j/impl/StaticLoggerBinder.class]
SLF4J: Found binding in [jar:file:/C:/Users/Sahasra%20Reddy/.m2/repository/org/apache/logging/log4j/log4j-slf4j-impl/2.20.0/log4j-slf4j-impl-2.20.0.jar!/org/slf4j/impl/StaticLoggerBinder.class]
SLF4J: See http://www.slf4j.org/codes.html#multiple_bindings for an explanation.
SLF4J: Actual binding is of type [ch.qos.logback.classic.util.ContextSelectorStaticBinder]
Starting ChromeDriver 136.0.7103.94 (fa0be0b33debeb378a8e6ad9c599be34e2dc3b37-refs/branch-heads/7103@{#1842}) on port 21574
Only local connections are allowed.
Please see https://chromedriver.chromium.org/security-considerations for suggestions on keeping ChromeDriver safe.
ChromeDriver was started successfully on port 21574.
May 16, 2025 12:09:34 PM org.openqa.selenium.devtools.CdpVersionFinder findNearestMatch
WARNING: Unable to find CDP implementation matching 136
May 16, 2025 12:09:34 PM org.openqa.selenium.chromium.ChromiumDriver lambda$new$3
WARNING: Unable to find version of CDP to use for . You may need to include a dependency on a specific version of the CDP using something similar to `org.seleniumhq.selenium:selenium-devtools-v86:4.9.0` where the version ("v86") matches the version of the chromium-based browser you're using and the version number of the artifact is the same as Selenium's.
]]></system-err>
  </testcase>
  <testcase name="runScenario[&quot;When clicked on IFRAME link verify I switched to new tab&quot;, &quot;Verify Page Title and Image Carousel&quot;](2)" classname="runners.TestRunner" time="5.604">
    <system-out><![CDATA[
Scenario: When clicked on IFRAME link verify I switched to new tab           # src/test/resources/features/VerifyPageTitle.feature:12
12:09:37.722 [main] DEBUG io.github.bonigarcia.wdm.WebDriverManager - Using WebDriverManager 5.5.3
12:09:37.743 [main] DEBUG io.github.bonigarcia.wdm.cache.ResolutionCache - Resolution chrome=136 in cache (valid until 13:00:11 16/05/2025 IST)
12:09:37.743 [main] DEBUG io.github.bonigarcia.wdm.cache.ResolutionCache - Resolution chrome136=136.0.7103.94 in cache (valid until 16:55:21 16/05/2025 IST)
12:09:37.743 [main] INFO io.github.bonigarcia.wdm.WebDriverManager - Using chromedriver 136.0.7103.94 (resolved driver for Chrome 136)
12:09:37.752 [main] DEBUG io.github.bonigarcia.wdm.WebDriverManager - Driver chromedriver 136.0.7103.94 found in cache
12:09:37.752 [main] INFO io.github.bonigarcia.wdm.WebDriverManager - Exporting webdriver.chrome.driver as C:\Users\Sahasra Reddy\.cache\selenium\chromedriver\win64\136.0.7103.94\chromedriver.exe
12:09:37.830 [AsyncHttpClient-1-5] DEBUG org.asynchttpclient.netty.channel.NettyConnectListener - Using new Channel '[id: 0x0a64fa05, L:/127.0.0.1:50895 - R:localhost/127.0.0.1:23606]' for 'POST' to '/session'
12:09:37.984 [AsyncHttpClient-1-1] DEBUG org.asynchttpclient.netty.channel.DefaultChannelPool - Entry count for : http://localhost:50875 : 1
12:09:37.984 [AsyncHttpClient-1-1] DEBUG org.asynchttpclient.netty.channel.DefaultChannelPool - Entry count for : http://localhost:21574 : 1
12:09:37.984 [AsyncHttpClient-1-1] DEBUG org.asynchttpclient.netty.channel.DefaultChannelPool - Adding Candidate expired Channel [id: 0x93f7bb27, L:/127.0.0.1:50883 ! R:localhost/127.0.0.1:50875] isIdleTimeoutExpired=false isRemotelyClosed=true isTtlExpired=false
12:09:37.984 [AsyncHttpClient-1-1] DEBUG org.asynchttpclient.netty.channel.DefaultChannelPool - Closing Idle Channel [id: 0x93f7bb27, L:/127.0.0.1:50883 ! R:localhost/127.0.0.1:50875]
12:09:37.984 [AsyncHttpClient-1-1] DEBUG org.asynchttpclient.netty.channel.DefaultChannelPool - Adding Candidate expired Channel [id: 0xf30e1d1e, L:/127.0.0.1:50874 ! R:localhost/127.0.0.1:21574] isIdleTimeoutExpired=false isRemotelyClosed=true isTtlExpired=false
12:09:37.984 [AsyncHttpClient-1-1] DEBUG org.asynchttpclient.netty.channel.DefaultChannelPool - Closing Idle Channel [id: 0xf30e1d1e, L:/127.0.0.1:50874 ! R:localhost/127.0.0.1:21574]
12:09:37.984 [AsyncHttpClient-1-1] DEBUG org.asynchttpclient.netty.channel.DefaultChannelPool - Closed 2 connections out of 2 in 0 ms
12:09:38.713 [AsyncHttpClient-1-5] DEBUG org.asynchttpclient.netty.handler.HttpHandler - 

Request DefaultHttpRequest(decodeResult: success, version: HTTP/1.1)
POST /session HTTP/1.1
User-Agent: selenium/4.9.0 (java windows)
Content-Length: 254
Content-Type: application/json; charset=utf-8
host: localhost:23606
accept: */*

Response DefaultHttpResponse(decodeResult: success, version: HTTP/1.1)
HTTP/1.1 200 OK
Content-Length: 886
Content-Type: application/json; charset=utf-8
cache-control: no-cache

12:09:38.713 [AsyncHttpClient-1-5] DEBUG org.asynchttpclient.netty.channel.ChannelManager - Adding key: http://localhost:23606 for channel [id: 0x0a64fa05, L:/127.0.0.1:50895 - R:localhost/127.0.0.1:23606]
12:09:38.729 [AsyncHttpClient-1-6] DEBUG org.asynchttpclient.netty.channel.NettyConnectListener - Using new Channel '[id: 0x63f2df19, L:/127.0.0.1:50904 - R:localhost/127.0.0.1:50896]' for 'GET' to '/json/version'
12:09:38.729 [AsyncHttpClient-1-6] DEBUG org.asynchttpclient.netty.handler.HttpHandler - 

Request DefaultFullHttpRequest(decodeResult: success, version: HTTP/1.1, content: EmptyByteBufBE)
GET /json/version HTTP/1.1
User-Agent: selenium/4.9.0 (java windows)
host: localhost:50896
accept: */*

Response DefaultHttpResponse(decodeResult: success, version: HTTP/1.1)
HTTP/1.1 200 OK
Content-Security-Policy: frame-ancestors 'none'
Content-Length: 424
Content-Type: application/json; charset=UTF-8

12:09:38.729 [AsyncHttpClient-1-6] DEBUG org.asynchttpclient.netty.channel.ChannelManager - Adding key: http://localhost:50896 for channel [id: 0x63f2df19, L:/127.0.0.1:50904 - R:localhost/127.0.0.1:50896]
12:09:38.737 [AsyncHttpClient-1-7] DEBUG org.asynchttpclient.netty.channel.NettyConnectListener - Using new Channel '[id: 0x16707159, L:/127.0.0.1:50905 - R:localhost/127.0.0.1:50896]' for 'GET' to '/devtools/browser/8541b147-9a1f-4c21-95d9-1b2bf279a41d'
12:09:38.742 [AsyncHttpClient-1-7] DEBUG org.asynchttpclient.netty.handler.WebSocketHandler - 

Request DefaultFullHttpRequest(decodeResult: success, version: HTTP/1.1, content: EmptyByteBufBE)
GET /devtools/browser/8541b147-9a1f-4c21-95d9-1b2bf279a41d HTTP/1.1
upgrade: websocket
connection: upgrade
sec-websocket-key: jzZ10/2t3uD8pnHybPvCNw==
sec-websocket-version: 13
origin: http://localhost:50896
host: localhost:50896
accept: */*
user-agent: AHC/2.1

Response DefaultHttpResponse(decodeResult: success, version: HTTP/1.1)
HTTP/1.1 101 WebSocket Protocol Handshake
Upgrade: WebSocket
Connection: Upgrade
Sec-WebSocket-Accept: 4+HJKUWb78i2Jpc5Y/KePBj/L60=

12:09:38.753 [Forwarding get on session bd083f3edb7ac3b2c56f2ee55fef5e1c to remote] DEBUG org.asynchttpclient.netty.request.NettyRequestSender - Using pooled Channel '[id: 0x0a64fa05, L:/127.0.0.1:50895 - R:localhost/127.0.0.1:23606]' for 'POST' to 'http://localhost:23606/session/bd083f3edb7ac3b2c56f2ee55fef5e1c/url'
12:09:38.753 [Forwarding get on session bd083f3edb7ac3b2c56f2ee55fef5e1c to remote] DEBUG org.asynchttpclient.netty.request.NettyRequestSender - Using open Channel [id: 0x0a64fa05, L:/127.0.0.1:50895 - R:localhost/127.0.0.1:23606] for POST '/session/bd083f3edb7ac3b2c56f2ee55fef5e1c/url'
12:09:39.082 [AsyncHttpClient-1-1] DEBUG org.asynchttpclient.netty.channel.DefaultChannelPool - Entry count for : http://localhost:50896 : 1
12:09:40.184 [AsyncHttpClient-1-1] DEBUG org.asynchttpclient.netty.channel.DefaultChannelPool - Entry count for : http://localhost:50896 : 1
12:09:40.945 [AsyncHttpClient-1-5] DEBUG org.asynchttpclient.netty.handler.HttpHandler - 

Request DefaultHttpRequest(decodeResult: success, version: HTTP/1.1)
POST /session/bd083f3edb7ac3b2c56f2ee55fef5e1c/url HTTP/1.1
User-Agent: selenium/4.9.0 (java windows)
Content-Length: 71
Content-Type: application/json; charset=utf-8
host: localhost:23606
accept: */*

Response DefaultHttpResponse(decodeResult: success, version: HTTP/1.1)
HTTP/1.1 200 OK
Content-Length: 14
Content-Type: application/json; charset=utf-8
cache-control: no-cache

12:09:40.945 [AsyncHttpClient-1-5] DEBUG org.asynchttpclient.netty.channel.ChannelManager - Adding key: http://localhost:23606 for channel [id: 0x0a64fa05, L:/127.0.0.1:50895 - R:localhost/127.0.0.1:23606]
12:09:40.948 [Forwarding maximizeCurrentWindow on session bd083f3edb7ac3b2c56f2ee55fef5e1c to remote] DEBUG org.asynchttpclient.netty.request.NettyRequestSender - Using pooled Channel '[id: 0x0a64fa05, L:/127.0.0.1:50895 - R:localhost/127.0.0.1:23606]' for 'POST' to 'http://localhost:23606/session/bd083f3edb7ac3b2c56f2ee55fef5e1c/window/maximize'
12:09:40.948 [Forwarding maximizeCurrentWindow on session bd083f3edb7ac3b2c56f2ee55fef5e1c to remote] DEBUG org.asynchttpclient.netty.request.NettyRequestSender - Using open Channel [id: 0x0a64fa05, L:/127.0.0.1:50895 - R:localhost/127.0.0.1:23606] for POST '/session/bd083f3edb7ac3b2c56f2ee55fef5e1c/window/maximize'
12:09:41.020 [AsyncHttpClient-1-5] DEBUG org.asynchttpclient.netty.handler.HttpHandler - 

Request DefaultHttpRequest(decodeResult: success, version: HTTP/1.1)
POST /session/bd083f3edb7ac3b2c56f2ee55fef5e1c/window/maximize HTTP/1.1
User-Agent: selenium/4.9.0 (java windows)
Content-Length: 3
Content-Type: application/json; charset=utf-8
host: localhost:23606
accept: */*

Response DefaultHttpResponse(decodeResult: success, version: HTTP/1.1)
HTTP/1.1 200 OK
Content-Length: 51
Content-Type: application/json; charset=utf-8
cache-control: no-cache

12:09:41.022 [AsyncHttpClient-1-5] DEBUG org.asynchttpclient.netty.channel.ChannelManager - Adding key: http://localhost:23606 for channel [id: 0x0a64fa05, L:/127.0.0.1:50895 - R:localhost/127.0.0.1:23606]
12:09:41.026 [main] INFO  stepDefinitions.StepDefinitions - Application launched successfully with url: http://webdriveruniversity.com/index.html
  Given I launch the application "http://webdriveruniversity.com/index.html" # stepDefinitions.StepDefinitions.launchApplication(java.lang.String)
12:09:41.030 [Forwarding findElement on session bd083f3edb7ac3b2c56f2ee55fef5e1c to remote] DEBUG org.asynchttpclient.netty.request.NettyRequestSender - Using pooled Channel '[id: 0x0a64fa05, L:/127.0.0.1:50895 - R:localhost/127.0.0.1:23606]' for 'POST' to 'http://localhost:23606/session/bd083f3edb7ac3b2c56f2ee55fef5e1c/element'
12:09:41.030 [Forwarding findElement on session bd083f3edb7ac3b2c56f2ee55fef5e1c to remote] DEBUG org.asynchttpclient.netty.request.NettyRequestSender - Using open Channel [id: 0x0a64fa05, L:/127.0.0.1:50895 - R:localhost/127.0.0.1:23606] for POST '/session/bd083f3edb7ac3b2c56f2ee55fef5e1c/element'
12:09:41.051 [AsyncHttpClient-1-5] DEBUG org.asynchttpclient.netty.handler.HttpHandler - 

Request DefaultHttpRequest(decodeResult: success, version: HTTP/1.1)
POST /session/bd083f3edb7ac3b2c56f2ee55fef5e1c/element HTTP/1.1
User-Agent: selenium/4.9.0 (java windows)
Content-Length: 64
Content-Type: application/json; charset=utf-8
host: localhost:23606
accept: */*

Response DefaultHttpResponse(decodeResult: success, version: HTTP/1.1)
HTTP/1.1 200 OK
Content-Length: 126
Content-Type: application/json; charset=utf-8
cache-control: no-cache

12:09:41.051 [AsyncHttpClient-1-5] DEBUG org.asynchttpclient.netty.channel.ChannelManager - Adding key: http://localhost:23606 for channel [id: 0x0a64fa05, L:/127.0.0.1:50895 - R:localhost/127.0.0.1:23606]
12:09:41.055 [Forwarding executeScript on session bd083f3edb7ac3b2c56f2ee55fef5e1c to remote] DEBUG org.asynchttpclient.netty.request.NettyRequestSender - Using pooled Channel '[id: 0x0a64fa05, L:/127.0.0.1:50895 - R:localhost/127.0.0.1:23606]' for 'POST' to 'http://localhost:23606/session/bd083f3edb7ac3b2c56f2ee55fef5e1c/execute/sync'
12:09:41.055 [Forwarding executeScript on session bd083f3edb7ac3b2c56f2ee55fef5e1c to remote] DEBUG org.asynchttpclient.netty.request.NettyRequestSender - Using open Channel [id: 0x0a64fa05, L:/127.0.0.1:50895 - R:localhost/127.0.0.1:23606] for POST '/session/bd083f3edb7ac3b2c56f2ee55fef5e1c/execute/sync'
12:09:41.090 [AsyncHttpClient-1-5] DEBUG org.asynchttpclient.netty.handler.HttpHandler - 

Request DefaultHttpRequest(decodeResult: success, version: HTTP/1.1)
POST /session/bd083f3edb7ac3b2c56f2ee55fef5e1c/execute/sync HTTP/1.1
User-Agent: selenium/4.9.0 (java windows)
Content-Length: 203
Content-Type: application/json; charset=utf-8
host: localhost:23606
accept: */*

Response DefaultHttpResponse(decodeResult: success, version: HTTP/1.1)
HTTP/1.1 200 OK
Content-Length: 14
Content-Type: application/json; charset=utf-8
cache-control: no-cache

12:09:41.091 [AsyncHttpClient-1-5] DEBUG org.asynchttpclient.netty.channel.ChannelManager - Adding key: http://localhost:23606 for channel [id: 0x0a64fa05, L:/127.0.0.1:50895 - R:localhost/127.0.0.1:23606]
12:09:41.104 [Forwarding clickElement on session bd083f3edb7ac3b2c56f2ee55fef5e1c to remote] DEBUG org.asynchttpclient.netty.request.NettyRequestSender - Using pooled Channel '[id: 0x0a64fa05, L:/127.0.0.1:50895 - R:localhost/127.0.0.1:23606]' for 'POST' to 'http://localhost:23606/session/bd083f3edb7ac3b2c56f2ee55fef5e1c/element/f.4207A2F987B0913B411853208E63024D.d.C4AE2CB2F5E9E67447070D8C543DC3DB.e.50/click'
12:09:41.104 [Forwarding clickElement on session bd083f3edb7ac3b2c56f2ee55fef5e1c to remote] DEBUG org.asynchttpclient.netty.request.NettyRequestSender - Using open Channel [id: 0x0a64fa05, L:/127.0.0.1:50895 - R:localhost/127.0.0.1:23606] for POST '/session/bd083f3edb7ac3b2c56f2ee55fef5e1c/element/f.4207A2F987B0913B411853208E63024D.d.C4AE2CB2F5E9E67447070D8C543DC3DB.e.50/click'
12:09:41.286 [AsyncHttpClient-1-1] DEBUG org.asynchttpclient.netty.channel.DefaultChannelPool - Entry count for : http://localhost:50896 : 1
12:09:41.309 [AsyncHttpClient-1-5] DEBUG org.asynchttpclient.netty.handler.HttpHandler - 

Request DefaultHttpRequest(decodeResult: success, version: HTTP/1.1)
POST /session/bd083f3edb7ac3b2c56f2ee55fef5e1c/element/f.4207A2F987B0913B411853208E63024D.d.C4AE2CB2F5E9E67447070D8C543DC3DB.e.50/click HTTP/1.1
User-Agent: selenium/4.9.0 (java windows)
Content-Length: 88
Content-Type: application/json; charset=utf-8
host: localhost:23606
accept: */*

Response DefaultHttpResponse(decodeResult: success, version: HTTP/1.1)
HTTP/1.1 200 OK
Content-Length: 14
Content-Type: application/json; charset=utf-8
cache-control: no-cache

12:09:41.309 [AsyncHttpClient-1-5] DEBUG org.asynchttpclient.netty.channel.ChannelManager - Adding key: http://localhost:23606 for channel [id: 0x0a64fa05, L:/127.0.0.1:50895 - R:localhost/127.0.0.1:23606]
12:09:41.311 [main] INFO  stepDefinitions.StepDefinitions - Clicked on the link: IFRAME
  When I click on the "IFRAME" link                                          # stepDefinitions.StepDefinitions.clickLink(java.lang.String)
12:09:41.313 [Forwarding getWindowHandles on session bd083f3edb7ac3b2c56f2ee55fef5e1c to remote] DEBUG org.asynchttpclient.netty.request.NettyRequestSender - Using pooled Channel '[id: 0x0a64fa05, L:/127.0.0.1:50895 - R:localhost/127.0.0.1:23606]' for 'GET' to 'http://localhost:23606/session/bd083f3edb7ac3b2c56f2ee55fef5e1c/window/handles'
12:09:41.313 [Forwarding getWindowHandles on session bd083f3edb7ac3b2c56f2ee55fef5e1c to remote] DEBUG org.asynchttpclient.netty.request.NettyRequestSender - Using open Channel [id: 0x0a64fa05, L:/127.0.0.1:50895 - R:localhost/127.0.0.1:23606] for GET '/session/bd083f3edb7ac3b2c56f2ee55fef5e1c/window/handles'
12:09:41.328 [AsyncHttpClient-1-5] DEBUG org.asynchttpclient.netty.handler.HttpHandler - 

Request DefaultFullHttpRequest(decodeResult: success, version: HTTP/1.1, content: EmptyByteBufBE)
GET /session/bd083f3edb7ac3b2c56f2ee55fef5e1c/window/handles HTTP/1.1
User-Agent: selenium/4.9.0 (java windows)
Cache-Control: no-cache
Content-Type: application/json; charset=utf-8
host: localhost:23606
accept: */*

Response DefaultHttpResponse(decodeResult: success, version: HTTP/1.1)
HTTP/1.1 200 OK
Content-Length: 81
Content-Type: application/json; charset=utf-8
cache-control: no-cache

12:09:41.328 [AsyncHttpClient-1-5] DEBUG org.asynchttpclient.netty.channel.ChannelManager - Adding key: http://localhost:23606 for channel [id: 0x0a64fa05, L:/127.0.0.1:50895 - R:localhost/127.0.0.1:23606]
12:09:41.336 [Forwarding switchToWindow on session bd083f3edb7ac3b2c56f2ee55fef5e1c to remote] DEBUG org.asynchttpclient.netty.request.NettyRequestSender - Using pooled Channel '[id: 0x0a64fa05, L:/127.0.0.1:50895 - R:localhost/127.0.0.1:23606]' for 'POST' to 'http://localhost:23606/session/bd083f3edb7ac3b2c56f2ee55fef5e1c/window'
12:09:41.336 [Forwarding switchToWindow on session bd083f3edb7ac3b2c56f2ee55fef5e1c to remote] DEBUG org.asynchttpclient.netty.request.NettyRequestSender - Using open Channel [id: 0x0a64fa05, L:/127.0.0.1:50895 - R:localhost/127.0.0.1:23606] for POST '/session/bd083f3edb7ac3b2c56f2ee55fef5e1c/window'
12:09:41.366 [AsyncHttpClient-1-5] DEBUG org.asynchttpclient.netty.handler.HttpHandler - 

Request DefaultHttpRequest(decodeResult: success, version: HTTP/1.1)
POST /session/bd083f3edb7ac3b2c56f2ee55fef5e1c/window HTTP/1.1
User-Agent: selenium/4.9.0 (java windows)
Content-Length: 50
Content-Type: application/json; charset=utf-8
host: localhost:23606
accept: */*

Response DefaultHttpResponse(decodeResult: success, version: HTTP/1.1)
HTTP/1.1 200 OK
Content-Length: 14
Content-Type: application/json; charset=utf-8
cache-control: no-cache

12:09:41.366 [AsyncHttpClient-1-5] DEBUG org.asynchttpclient.netty.channel.ChannelManager - Adding key: http://localhost:23606 for channel [id: 0x0a64fa05, L:/127.0.0.1:50895 - R:localhost/127.0.0.1:23606]
12:09:41.371 [Forwarding getTitle on session bd083f3edb7ac3b2c56f2ee55fef5e1c to remote] DEBUG org.asynchttpclient.netty.request.NettyRequestSender - Using pooled Channel '[id: 0x0a64fa05, L:/127.0.0.1:50895 - R:localhost/127.0.0.1:23606]' for 'GET' to 'http://localhost:23606/session/bd083f3edb7ac3b2c56f2ee55fef5e1c/title'
12:09:41.373 [Forwarding getTitle on session bd083f3edb7ac3b2c56f2ee55fef5e1c to remote] DEBUG org.asynchttpclient.netty.request.NettyRequestSender - Using open Channel [id: 0x0a64fa05, L:/127.0.0.1:50895 - R:localhost/127.0.0.1:23606] for GET '/session/bd083f3edb7ac3b2c56f2ee55fef5e1c/title'
12:09:41.392 [AsyncHttpClient-1-5] DEBUG org.asynchttpclient.netty.handler.HttpHandler - 

Request DefaultFullHttpRequest(decodeResult: success, version: HTTP/1.1, content: EmptyByteBufBE)
GET /session/bd083f3edb7ac3b2c56f2ee55fef5e1c/title HTTP/1.1
User-Agent: selenium/4.9.0 (java windows)
Cache-Control: no-cache
Content-Type: application/json; charset=utf-8
host: localhost:23606
accept: */*

Response DefaultHttpResponse(decodeResult: success, version: HTTP/1.1)
HTTP/1.1 200 OK
Content-Length: 82
Content-Type: application/json; charset=utf-8
cache-control: no-cache

12:09:41.392 [AsyncHttpClient-1-5] DEBUG org.asynchttpclient.netty.channel.ChannelManager - Adding key: http://localhost:23606 for channel [id: 0x0a64fa05, L:/127.0.0.1:50895 - R:localhost/127.0.0.1:23606]
12:09:41.395 [Forwarding switchToWindow on session bd083f3edb7ac3b2c56f2ee55fef5e1c to remote] DEBUG org.asynchttpclient.netty.request.NettyRequestSender - Using pooled Channel '[id: 0x0a64fa05, L:/127.0.0.1:50895 - R:localhost/127.0.0.1:23606]' for 'POST' to 'http://localhost:23606/session/bd083f3edb7ac3b2c56f2ee55fef5e1c/window'
12:09:41.395 [Forwarding switchToWindow on session bd083f3edb7ac3b2c56f2ee55fef5e1c to remote] DEBUG org.asynchttpclient.netty.request.NettyRequestSender - Using open Channel [id: 0x0a64fa05, L:/127.0.0.1:50895 - R:localhost/127.0.0.1:23606] for POST '/session/bd083f3edb7ac3b2c56f2ee55fef5e1c/window'
12:09:41.412 [AsyncHttpClient-1-5] DEBUG org.asynchttpclient.netty.handler.HttpHandler - 

Request DefaultHttpRequest(decodeResult: success, version: HTTP/1.1)
POST /session/bd083f3edb7ac3b2c56f2ee55fef5e1c/window HTTP/1.1
User-Agent: selenium/4.9.0 (java windows)
Content-Length: 50
Content-Type: application/json; charset=utf-8
host: localhost:23606
accept: */*

Response DefaultHttpResponse(decodeResult: success, version: HTTP/1.1)
HTTP/1.1 200 OK
Content-Length: 14
Content-Type: application/json; charset=utf-8
cache-control: no-cache

12:09:41.412 [AsyncHttpClient-1-5] DEBUG org.asynchttpclient.netty.channel.ChannelManager - Adding key: http://localhost:23606 for channel [id: 0x0a64fa05, L:/127.0.0.1:50895 - R:localhost/127.0.0.1:23606]
12:09:41.416 [Forwarding getTitle on session bd083f3edb7ac3b2c56f2ee55fef5e1c to remote] DEBUG org.asynchttpclient.netty.request.NettyRequestSender - Using pooled Channel '[id: 0x0a64fa05, L:/127.0.0.1:50895 - R:localhost/127.0.0.1:23606]' for 'GET' to 'http://localhost:23606/session/bd083f3edb7ac3b2c56f2ee55fef5e1c/title'
12:09:41.416 [Forwarding getTitle on session bd083f3edb7ac3b2c56f2ee55fef5e1c to remote] DEBUG org.asynchttpclient.netty.request.NettyRequestSender - Using open Channel [id: 0x0a64fa05, L:/127.0.0.1:50895 - R:localhost/127.0.0.1:23606] for GET '/session/bd083f3edb7ac3b2c56f2ee55fef5e1c/title'
12:09:42.386 [AsyncHttpClient-1-1] DEBUG org.asynchttpclient.netty.channel.DefaultChannelPool - Entry count for : http://localhost:50896 : 1
12:09:42.994 [AsyncHttpClient-1-5] DEBUG org.asynchttpclient.netty.handler.HttpHandler - 

Request DefaultFullHttpRequest(decodeResult: success, version: HTTP/1.1, content: EmptyByteBufBE)
GET /session/bd083f3edb7ac3b2c56f2ee55fef5e1c/title HTTP/1.1
User-Agent: selenium/4.9.0 (java windows)
Cache-Control: no-cache
Content-Type: application/json; charset=utf-8
host: localhost:23606
accept: */*

Response DefaultHttpResponse(decodeResult: success, version: HTTP/1.1)
HTTP/1.1 200 OK
Content-Length: 30
Content-Type: application/json; charset=utf-8
cache-control: no-cache

12:09:42.994 [AsyncHttpClient-1-5] DEBUG org.asynchttpclient.netty.channel.ChannelManager - Adding key: http://localhost:23606 for channel [id: 0x0a64fa05, L:/127.0.0.1:50895 - R:localhost/127.0.0.1:23606]
12:09:42.994 [Forwarding getTitle on session bd083f3edb7ac3b2c56f2ee55fef5e1c to remote] DEBUG org.asynchttpclient.netty.request.NettyRequestSender - Using pooled Channel '[id: 0x0a64fa05, L:/127.0.0.1:50895 - R:localhost/127.0.0.1:23606]' for 'GET' to 'http://localhost:23606/session/bd083f3edb7ac3b2c56f2ee55fef5e1c/title'
12:09:42.994 [Forwarding getTitle on session bd083f3edb7ac3b2c56f2ee55fef5e1c to remote] DEBUG org.asynchttpclient.netty.request.NettyRequestSender - Using open Channel [id: 0x0a64fa05, L:/127.0.0.1:50895 - R:localhost/127.0.0.1:23606] for GET '/session/bd083f3edb7ac3b2c56f2ee55fef5e1c/title'
12:09:43.004 [AsyncHttpClient-1-5] DEBUG org.asynchttpclient.netty.handler.HttpHandler - 

Request DefaultFullHttpRequest(decodeResult: success, version: HTTP/1.1, content: EmptyByteBufBE)
GET /session/bd083f3edb7ac3b2c56f2ee55fef5e1c/title HTTP/1.1
User-Agent: selenium/4.9.0 (java windows)
Cache-Control: no-cache
Content-Type: application/json; charset=utf-8
host: localhost:23606
accept: */*

Response DefaultHttpResponse(decodeResult: success, version: HTTP/1.1)
HTTP/1.1 200 OK
Content-Length: 30
Content-Type: application/json; charset=utf-8
cache-control: no-cache

12:09:43.004 [AsyncHttpClient-1-5] DEBUG org.asynchttpclient.netty.channel.ChannelManager - Adding key: http://localhost:23606 for channel [id: 0x0a64fa05, L:/127.0.0.1:50895 - R:localhost/127.0.0.1:23606]
12:09:43.004 [main] INFO  stepDefinitions.StepDefinitions - Switched to the new tab with title: WebDriver | IFrame
12:09:43.004 [Forwarding getTitle on session bd083f3edb7ac3b2c56f2ee55fef5e1c to remote] DEBUG org.asynchttpclient.netty.request.NettyRequestSender - Using pooled Channel '[id: 0x0a64fa05, L:/127.0.0.1:50895 - R:localhost/127.0.0.1:23606]' for 'GET' to 'http://localhost:23606/session/bd083f3edb7ac3b2c56f2ee55fef5e1c/title'
12:09:43.004 [Forwarding getTitle on session bd083f3edb7ac3b2c56f2ee55fef5e1c to remote] DEBUG org.asynchttpclient.netty.request.NettyRequestSender - Using open Channel [id: 0x0a64fa05, L:/127.0.0.1:50895 - R:localhost/127.0.0.1:23606] for GET '/session/bd083f3edb7ac3b2c56f2ee55fef5e1c/title'
12:09:43.004 [AsyncHttpClient-1-5] DEBUG org.asynchttpclient.netty.handler.HttpHandler - 

Request DefaultFullHttpRequest(decodeResult: success, version: HTTP/1.1, content: EmptyByteBufBE)
GET /session/bd083f3edb7ac3b2c56f2ee55fef5e1c/title HTTP/1.1
User-Agent: selenium/4.9.0 (java windows)
Cache-Control: no-cache
Content-Type: application/json; charset=utf-8
host: localhost:23606
accept: */*

Response DefaultHttpResponse(decodeResult: success, version: HTTP/1.1)
HTTP/1.1 200 OK
Content-Length: 30
Content-Type: application/json; charset=utf-8
cache-control: no-cache

12:09:43.004 [AsyncHttpClient-1-5] DEBUG org.asynchttpclient.netty.channel.ChannelManager - Adding key: http://localhost:23606 for channel [id: 0x0a64fa05, L:/127.0.0.1:50895 - R:localhost/127.0.0.1:23606]
  Then I switch to the new tab                                               # stepDefinitions.StepDefinitions.switchToNewTab()
12:09:43.019 [AsyncHttpClient-1-7] DEBUG org.asynchttpclient.netty.handler.WebSocketHandler - Channel Closed: [id: 0x16707159, L:/127.0.0.1:50905 ! R:localhost/127.0.0.1:50896] with attribute DISCARD
12:09:43.021 [Driver Command Executor] DEBUG org.asynchttpclient.netty.request.NettyRequestSender - Using pooled Channel '[id: 0x0a64fa05, L:/127.0.0.1:50895 - R:localhost/127.0.0.1:23606]' for 'DELETE' to 'http://localhost:23606/session/bd083f3edb7ac3b2c56f2ee55fef5e1c'
12:09:43.021 [Driver Command Executor] DEBUG org.asynchttpclient.netty.request.NettyRequestSender - Using open Channel [id: 0x0a64fa05, L:/127.0.0.1:50895 - R:localhost/127.0.0.1:23606] for DELETE '/session/bd083f3edb7ac3b2c56f2ee55fef5e1c'
12:09:43.140 [AsyncHttpClient-1-6] DEBUG org.asynchttpclient.netty.handler.HttpHandler - Unexpected I/O exception on channel [id: 0x63f2df19, L:/127.0.0.1:50904 - R:localhost/127.0.0.1:50896]
java.net.SocketException: Connection reset
	at java.base/sun.nio.ch.SocketChannelImpl.throwConnectionReset(SocketChannelImpl.java:401)
	at java.base/sun.nio.ch.SocketChannelImpl.read(SocketChannelImpl.java:434)
	at io.netty.buffer.PooledByteBuf.setBytes(PooledByteBuf.java:256)
	at io.netty.buffer.AbstractByteBuf.writeBytes(AbstractByteBuf.java:1132)
	at io.netty.channel.socket.nio.NioSocketChannel.doReadBytes(NioSocketChannel.java:357)
	at io.netty.channel.nio.AbstractNioByteChannel$NioByteUnsafe.read(AbstractNioByteChannel.java:151)
	at io.netty.channel.nio.NioEventLoop.processSelectedKey(NioEventLoop.java:788)
	at io.netty.channel.nio.NioEventLoop.processSelectedKeysOptimized(NioEventLoop.java:724)
	at io.netty.channel.nio.NioEventLoop.processSelectedKeys(NioEventLoop.java:650)
	at io.netty.channel.nio.NioEventLoop.run(NioEventLoop.java:562)
	at io.netty.util.concurrent.SingleThreadEventExecutor$4.run(SingleThreadEventExecutor.java:997)
	at io.netty.util.internal.ThreadExecutorMap$2.run(ThreadExecutorMap.java:74)
	at io.netty.util.concurrent.FastThreadLocalRunnable.run(FastThreadLocalRunnable.java:30)
	at java.base/java.lang.Thread.run(Thread.java:1583)
12:09:43.141 [AsyncHttpClient-1-6] DEBUG org.asynchttpclient.netty.channel.ChannelManager - Closing Channel [id: 0x63f2df19, L:/127.0.0.1:50904 - R:localhost/127.0.0.1:50896] 
12:09:43.141 [AsyncHttpClient-1-6] DEBUG org.asynchttpclient.netty.handler.HttpHandler - Channel Closed: [id: 0x63f2df19, L:/127.0.0.1:50904 ! R:localhost/127.0.0.1:50896] with attribute DISCARD
12:09:43.175 [AsyncHttpClient-1-5] DEBUG org.asynchttpclient.netty.handler.HttpHandler - 

Request DefaultFullHttpRequest(decodeResult: success, version: HTTP/1.1, content: EmptyByteBufBE)
DELETE /session/bd083f3edb7ac3b2c56f2ee55fef5e1c HTTP/1.1
User-Agent: selenium/4.9.0 (java windows)
Content-Type: application/json; charset=utf-8
host: localhost:23606
accept: */*

Response DefaultHttpResponse(decodeResult: success, version: HTTP/1.1)
HTTP/1.1 200 OK
Content-Length: 14
Content-Type: application/json; charset=utf-8
cache-control: no-cache

12:09:43.175 [AsyncHttpClient-1-5] DEBUG org.asynchttpclient.netty.channel.ChannelManager - Adding key: http://localhost:23606 for channel [id: 0x0a64fa05, L:/127.0.0.1:50895 - R:localhost/127.0.0.1:23606]
12:09:43.263 [AsyncHttpClient-1-5] DEBUG org.asynchttpclient.netty.handler.HttpHandler - Channel Closed: [id: 0x0a64fa05, L:/127.0.0.1:50895 ! R:localhost/127.0.0.1:23606] with attribute DISCARD
Browser closed successfully.
]]></system-out>
    <system-err><![CDATA[Starting ChromeDriver 136.0.7103.94 (fa0be0b33debeb378a8e6ad9c599be34e2dc3b37-refs/branch-heads/7103@{#1842}) on port 23606
Only local connections are allowed.
Please see https://chromedriver.chromium.org/security-considerations for suggestions on keeping ChromeDriver safe.
ChromeDriver was started successfully on port 23606.
May 16, 2025 12:09:38 PM org.openqa.selenium.devtools.CdpVersionFinder findNearestMatch
WARNING: Unable to find CDP implementation matching 136
May 16, 2025 12:09:38 PM org.openqa.selenium.chromium.ChromiumDriver lambda$new$3
WARNING: Unable to find version of CDP to use for . You may need to include a dependency on a specific version of the CDP using something similar to `org.seleniumhq.selenium:selenium-devtools-v86:4.9.0` where the version ("v86") matches the version of the chromium-based browser you're using and the version number of the artifact is the same as Selenium's.
]]></system-err>
  </testcase>
  <testcase name="runScenario[&quot;When switched to new tab verify the image is present&quot;, &quot;Verify Page Title and Image Carousel&quot;](3)" classname="runners.TestRunner" time="5.736">
    <system-out><![CDATA[
Scenario: When switched to new tab verify the image is present               # src/test/resources/features/VerifyPageTitle.feature:17
12:09:43.337 [main] DEBUG io.github.bonigarcia.wdm.WebDriverManager - Using WebDriverManager 5.5.3
12:09:43.364 [main] DEBUG io.github.bonigarcia.wdm.cache.ResolutionCache - Resolution chrome=136 in cache (valid until 13:00:11 16/05/2025 IST)
12:09:43.365 [main] DEBUG io.github.bonigarcia.wdm.cache.ResolutionCache - Resolution chrome136=136.0.7103.94 in cache (valid until 16:55:21 16/05/2025 IST)
12:09:43.365 [main] INFO io.github.bonigarcia.wdm.WebDriverManager - Using chromedriver 136.0.7103.94 (resolved driver for Chrome 136)
12:09:43.377 [main] DEBUG io.github.bonigarcia.wdm.WebDriverManager - Driver chromedriver 136.0.7103.94 found in cache
12:09:43.378 [main] INFO io.github.bonigarcia.wdm.WebDriverManager - Exporting webdriver.chrome.driver as C:\Users\Sahasra Reddy\.cache\selenium\chromedriver\win64\136.0.7103.94\chromedriver.exe
12:09:43.478 [AsyncHttpClient-1-1] DEBUG org.asynchttpclient.netty.channel.DefaultChannelPool - Entry count for : http://localhost:50896 : 1
12:09:43.478 [AsyncHttpClient-1-1] DEBUG org.asynchttpclient.netty.channel.DefaultChannelPool - Entry count for : http://localhost:23606 : 1
12:09:43.478 [AsyncHttpClient-1-1] DEBUG org.asynchttpclient.netty.channel.DefaultChannelPool - Adding Candidate expired Channel [id: 0x63f2df19, L:/127.0.0.1:50904 ! R:localhost/127.0.0.1:50896] isIdleTimeoutExpired=false isRemotelyClosed=true isTtlExpired=false
12:09:43.478 [AsyncHttpClient-1-1] DEBUG org.asynchttpclient.netty.channel.DefaultChannelPool - Closing Idle Channel [id: 0x63f2df19, L:/127.0.0.1:50904 ! R:localhost/127.0.0.1:50896]
12:09:43.478 [AsyncHttpClient-1-1] DEBUG org.asynchttpclient.netty.channel.DefaultChannelPool - Adding Candidate expired Channel [id: 0x0a64fa05, L:/127.0.0.1:50895 ! R:localhost/127.0.0.1:23606] isIdleTimeoutExpired=false isRemotelyClosed=true isTtlExpired=false
12:09:43.478 [AsyncHttpClient-1-1] DEBUG org.asynchttpclient.netty.channel.DefaultChannelPool - Closing Idle Channel [id: 0x0a64fa05, L:/127.0.0.1:50895 ! R:localhost/127.0.0.1:23606]
12:09:43.478 [AsyncHttpClient-1-1] DEBUG org.asynchttpclient.netty.channel.DefaultChannelPool - Closed 2 connections out of 2 in 0 ms
12:09:43.505 [AsyncHttpClient-1-8] DEBUG org.asynchttpclient.netty.channel.NettyConnectListener - Using new Channel '[id: 0xeaf54744, L:/127.0.0.1:50920 - R:localhost/127.0.0.1:5193]' for 'POST' to '/session'
12:09:44.198 [AsyncHttpClient-1-8] DEBUG org.asynchttpclient.netty.handler.HttpHandler - 

Request DefaultHttpRequest(decodeResult: success, version: HTTP/1.1)
POST /session HTTP/1.1
User-Agent: selenium/4.9.0 (java windows)
Content-Length: 254
Content-Type: application/json; charset=utf-8
host: localhost:5193
accept: */*

Response DefaultHttpResponse(decodeResult: success, version: HTTP/1.1)
HTTP/1.1 200 OK
Content-Length: 885
Content-Type: application/json; charset=utf-8
cache-control: no-cache

12:09:44.199 [AsyncHttpClient-1-8] DEBUG org.asynchttpclient.netty.channel.ChannelManager - Adding key: http://localhost:5193 for channel [id: 0xeaf54744, L:/127.0.0.1:50920 - R:localhost/127.0.0.1:5193]
12:09:44.208 [AsyncHttpClient-1-9] DEBUG org.asynchttpclient.netty.channel.NettyConnectListener - Using new Channel '[id: 0x4d7b141e, L:/127.0.0.1:50929 - R:localhost/127.0.0.1:50921]' for 'GET' to '/json/version'
12:09:44.213 [AsyncHttpClient-1-9] DEBUG org.asynchttpclient.netty.handler.HttpHandler - 

Request DefaultFullHttpRequest(decodeResult: success, version: HTTP/1.1, content: EmptyByteBufBE)
GET /json/version HTTP/1.1
User-Agent: selenium/4.9.0 (java windows)
host: localhost:50921
accept: */*

Response DefaultHttpResponse(decodeResult: success, version: HTTP/1.1)
HTTP/1.1 200 OK
Content-Security-Policy: frame-ancestors 'none'
Content-Length: 424
Content-Type: application/json; charset=UTF-8

12:09:44.213 [AsyncHttpClient-1-9] DEBUG org.asynchttpclient.netty.channel.ChannelManager - Adding key: http://localhost:50921 for channel [id: 0x4d7b141e, L:/127.0.0.1:50929 - R:localhost/127.0.0.1:50921]
12:09:44.217 [AsyncHttpClient-1-10] DEBUG org.asynchttpclient.netty.channel.NettyConnectListener - Using new Channel '[id: 0x3d4f61ff, L:/127.0.0.1:50930 - R:localhost/127.0.0.1:50921]' for 'GET' to '/devtools/browser/cae2683a-f404-4c97-9594-8746fe04d2df'
12:09:44.221 [AsyncHttpClient-1-10] DEBUG org.asynchttpclient.netty.handler.WebSocketHandler - 

Request DefaultFullHttpRequest(decodeResult: success, version: HTTP/1.1, content: EmptyByteBufBE)
GET /devtools/browser/cae2683a-f404-4c97-9594-8746fe04d2df HTTP/1.1
upgrade: websocket
connection: upgrade
sec-websocket-key: gYRypeVU/k7LZ4G/WGFMlA==
sec-websocket-version: 13
origin: http://localhost:50921
host: localhost:50921
accept: */*
user-agent: AHC/2.1

Response DefaultHttpResponse(decodeResult: success, version: HTTP/1.1)
HTTP/1.1 101 WebSocket Protocol Handshake
Upgrade: WebSocket
Connection: Upgrade
Sec-WebSocket-Accept: xFAxJ4Jd7qYpCMIBeNVyjY+StWA=

12:09:44.237 [Forwarding get on session 97ea267ff1412f89fa015f587443de13 to remote] DEBUG org.asynchttpclient.netty.request.NettyRequestSender - Using pooled Channel '[id: 0xeaf54744, L:/127.0.0.1:50920 - R:localhost/127.0.0.1:5193]' for 'POST' to 'http://localhost:5193/session/97ea267ff1412f89fa015f587443de13/url'
12:09:44.237 [Forwarding get on session 97ea267ff1412f89fa015f587443de13 to remote] DEBUG org.asynchttpclient.netty.request.NettyRequestSender - Using open Channel [id: 0xeaf54744, L:/127.0.0.1:50920 - R:localhost/127.0.0.1:5193] for POST '/session/97ea267ff1412f89fa015f587443de13/url'
12:09:44.587 [AsyncHttpClient-1-1] DEBUG org.asynchttpclient.netty.channel.DefaultChannelPool - Entry count for : http://localhost:50921 : 1
12:09:45.678 [AsyncHttpClient-1-1] DEBUG org.asynchttpclient.netty.channel.DefaultChannelPool - Entry count for : http://localhost:50921 : 1
12:09:46.469 [AsyncHttpClient-1-8] DEBUG org.asynchttpclient.netty.handler.HttpHandler - 

Request DefaultHttpRequest(decodeResult: success, version: HTTP/1.1)
POST /session/97ea267ff1412f89fa015f587443de13/url HTTP/1.1
User-Agent: selenium/4.9.0 (java windows)
Content-Length: 71
Content-Type: application/json; charset=utf-8
host: localhost:5193
accept: */*

Response DefaultHttpResponse(decodeResult: success, version: HTTP/1.1)
HTTP/1.1 200 OK
Content-Length: 14
Content-Type: application/json; charset=utf-8
cache-control: no-cache

12:09:46.470 [AsyncHttpClient-1-8] DEBUG org.asynchttpclient.netty.channel.ChannelManager - Adding key: http://localhost:5193 for channel [id: 0xeaf54744, L:/127.0.0.1:50920 - R:localhost/127.0.0.1:5193]
12:09:46.474 [Forwarding maximizeCurrentWindow on session 97ea267ff1412f89fa015f587443de13 to remote] DEBUG org.asynchttpclient.netty.request.NettyRequestSender - Using pooled Channel '[id: 0xeaf54744, L:/127.0.0.1:50920 - R:localhost/127.0.0.1:5193]' for 'POST' to 'http://localhost:5193/session/97ea267ff1412f89fa015f587443de13/window/maximize'
12:09:46.474 [Forwarding maximizeCurrentWindow on session 97ea267ff1412f89fa015f587443de13 to remote] DEBUG org.asynchttpclient.netty.request.NettyRequestSender - Using open Channel [id: 0xeaf54744, L:/127.0.0.1:50920 - R:localhost/127.0.0.1:5193] for POST '/session/97ea267ff1412f89fa015f587443de13/window/maximize'
12:09:46.543 [AsyncHttpClient-1-8] DEBUG org.asynchttpclient.netty.handler.HttpHandler - 

Request DefaultHttpRequest(decodeResult: success, version: HTTP/1.1)
POST /session/97ea267ff1412f89fa015f587443de13/window/maximize HTTP/1.1
User-Agent: selenium/4.9.0 (java windows)
Content-Length: 3
Content-Type: application/json; charset=utf-8
host: localhost:5193
accept: */*

Response DefaultHttpResponse(decodeResult: success, version: HTTP/1.1)
HTTP/1.1 200 OK
Content-Length: 51
Content-Type: application/json; charset=utf-8
cache-control: no-cache

12:09:46.544 [AsyncHttpClient-1-8] DEBUG org.asynchttpclient.netty.channel.ChannelManager - Adding key: http://localhost:5193 for channel [id: 0xeaf54744, L:/127.0.0.1:50920 - R:localhost/127.0.0.1:5193]
12:09:46.546 [main] INFO  stepDefinitions.StepDefinitions - Application launched successfully with url: http://webdriveruniversity.com/index.html
  Given I launch the application "http://webdriveruniversity.com/index.html" # stepDefinitions.StepDefinitions.launchApplication(java.lang.String)
12:09:46.550 [Forwarding findElement on session 97ea267ff1412f89fa015f587443de13 to remote] DEBUG org.asynchttpclient.netty.request.NettyRequestSender - Using pooled Channel '[id: 0xeaf54744, L:/127.0.0.1:50920 - R:localhost/127.0.0.1:5193]' for 'POST' to 'http://localhost:5193/session/97ea267ff1412f89fa015f587443de13/element'
12:09:46.551 [Forwarding findElement on session 97ea267ff1412f89fa015f587443de13 to remote] DEBUG org.asynchttpclient.netty.request.NettyRequestSender - Using open Channel [id: 0xeaf54744, L:/127.0.0.1:50920 - R:localhost/127.0.0.1:5193] for POST '/session/97ea267ff1412f89fa015f587443de13/element'
12:09:46.571 [AsyncHttpClient-1-8] DEBUG org.asynchttpclient.netty.handler.HttpHandler - 

Request DefaultHttpRequest(decodeResult: success, version: HTTP/1.1)
POST /session/97ea267ff1412f89fa015f587443de13/element HTTP/1.1
User-Agent: selenium/4.9.0 (java windows)
Content-Length: 64
Content-Type: application/json; charset=utf-8
host: localhost:5193
accept: */*

Response DefaultHttpResponse(decodeResult: success, version: HTTP/1.1)
HTTP/1.1 200 OK
Content-Length: 126
Content-Type: application/json; charset=utf-8
cache-control: no-cache

12:09:46.572 [AsyncHttpClient-1-8] DEBUG org.asynchttpclient.netty.channel.ChannelManager - Adding key: http://localhost:5193 for channel [id: 0xeaf54744, L:/127.0.0.1:50920 - R:localhost/127.0.0.1:5193]
12:09:46.576 [Forwarding executeScript on session 97ea267ff1412f89fa015f587443de13 to remote] DEBUG org.asynchttpclient.netty.request.NettyRequestSender - Using pooled Channel '[id: 0xeaf54744, L:/127.0.0.1:50920 - R:localhost/127.0.0.1:5193]' for 'POST' to 'http://localhost:5193/session/97ea267ff1412f89fa015f587443de13/execute/sync'
12:09:46.576 [Forwarding executeScript on session 97ea267ff1412f89fa015f587443de13 to remote] DEBUG org.asynchttpclient.netty.request.NettyRequestSender - Using open Channel [id: 0xeaf54744, L:/127.0.0.1:50920 - R:localhost/127.0.0.1:5193] for POST '/session/97ea267ff1412f89fa015f587443de13/execute/sync'
12:09:46.586 [AsyncHttpClient-1-8] DEBUG org.asynchttpclient.netty.handler.HttpHandler - 

Request DefaultHttpRequest(decodeResult: success, version: HTTP/1.1)
POST /session/97ea267ff1412f89fa015f587443de13/execute/sync HTTP/1.1
User-Agent: selenium/4.9.0 (java windows)
Content-Length: 203
Content-Type: application/json; charset=utf-8
host: localhost:5193
accept: */*

Response DefaultHttpResponse(decodeResult: success, version: HTTP/1.1)
HTTP/1.1 200 OK
Content-Length: 14
Content-Type: application/json; charset=utf-8
cache-control: no-cache

12:09:46.587 [AsyncHttpClient-1-8] DEBUG org.asynchttpclient.netty.channel.ChannelManager - Adding key: http://localhost:5193 for channel [id: 0xeaf54744, L:/127.0.0.1:50920 - R:localhost/127.0.0.1:5193]
12:09:46.589 [Forwarding clickElement on session 97ea267ff1412f89fa015f587443de13 to remote] DEBUG org.asynchttpclient.netty.request.NettyRequestSender - Using pooled Channel '[id: 0xeaf54744, L:/127.0.0.1:50920 - R:localhost/127.0.0.1:5193]' for 'POST' to 'http://localhost:5193/session/97ea267ff1412f89fa015f587443de13/element/f.49811B945936FB0DA02BE29811C9AA4D.d.610FA18899D596E5C00E3614F87AA0B7.e.50/click'
12:09:46.589 [Forwarding clickElement on session 97ea267ff1412f89fa015f587443de13 to remote] DEBUG org.asynchttpclient.netty.request.NettyRequestSender - Using open Channel [id: 0xeaf54744, L:/127.0.0.1:50920 - R:localhost/127.0.0.1:5193] for POST '/session/97ea267ff1412f89fa015f587443de13/element/f.49811B945936FB0DA02BE29811C9AA4D.d.610FA18899D596E5C00E3614F87AA0B7.e.50/click'
12:09:46.786 [AsyncHttpClient-1-1] DEBUG org.asynchttpclient.netty.channel.DefaultChannelPool - Entry count for : http://localhost:50921 : 1
12:09:46.796 [AsyncHttpClient-1-8] DEBUG org.asynchttpclient.netty.handler.HttpHandler - 

Request DefaultHttpRequest(decodeResult: success, version: HTTP/1.1)
POST /session/97ea267ff1412f89fa015f587443de13/element/f.49811B945936FB0DA02BE29811C9AA4D.d.610FA18899D596E5C00E3614F87AA0B7.e.50/click HTTP/1.1
User-Agent: selenium/4.9.0 (java windows)
Content-Length: 88
Content-Type: application/json; charset=utf-8
host: localhost:5193
accept: */*

Response DefaultHttpResponse(decodeResult: success, version: HTTP/1.1)
HTTP/1.1 200 OK
Content-Length: 14
Content-Type: application/json; charset=utf-8
cache-control: no-cache

12:09:46.797 [AsyncHttpClient-1-8] DEBUG org.asynchttpclient.netty.channel.ChannelManager - Adding key: http://localhost:5193 for channel [id: 0xeaf54744, L:/127.0.0.1:50920 - R:localhost/127.0.0.1:5193]
12:09:46.798 [main] INFO  stepDefinitions.StepDefinitions - Clicked on the link: IFRAME
  When I click on the "IFRAME" link                                          # stepDefinitions.StepDefinitions.clickLink(java.lang.String)
12:09:46.800 [Forwarding getWindowHandles on session 97ea267ff1412f89fa015f587443de13 to remote] DEBUG org.asynchttpclient.netty.request.NettyRequestSender - Using pooled Channel '[id: 0xeaf54744, L:/127.0.0.1:50920 - R:localhost/127.0.0.1:5193]' for 'GET' to 'http://localhost:5193/session/97ea267ff1412f89fa015f587443de13/window/handles'
12:09:46.800 [Forwarding getWindowHandles on session 97ea267ff1412f89fa015f587443de13 to remote] DEBUG org.asynchttpclient.netty.request.NettyRequestSender - Using open Channel [id: 0xeaf54744, L:/127.0.0.1:50920 - R:localhost/127.0.0.1:5193] for GET '/session/97ea267ff1412f89fa015f587443de13/window/handles'
12:09:46.818 [AsyncHttpClient-1-8] DEBUG org.asynchttpclient.netty.handler.HttpHandler - 

Request DefaultFullHttpRequest(decodeResult: success, version: HTTP/1.1, content: EmptyByteBufBE)
GET /session/97ea267ff1412f89fa015f587443de13/window/handles HTTP/1.1
User-Agent: selenium/4.9.0 (java windows)
Cache-Control: no-cache
Content-Type: application/json; charset=utf-8
host: localhost:5193
accept: */*

Response DefaultHttpResponse(decodeResult: success, version: HTTP/1.1)
HTTP/1.1 200 OK
Content-Length: 81
Content-Type: application/json; charset=utf-8
cache-control: no-cache

12:09:46.818 [AsyncHttpClient-1-8] DEBUG org.asynchttpclient.netty.channel.ChannelManager - Adding key: http://localhost:5193 for channel [id: 0xeaf54744, L:/127.0.0.1:50920 - R:localhost/127.0.0.1:5193]
12:09:46.820 [Forwarding switchToWindow on session 97ea267ff1412f89fa015f587443de13 to remote] DEBUG org.asynchttpclient.netty.request.NettyRequestSender - Using pooled Channel '[id: 0xeaf54744, L:/127.0.0.1:50920 - R:localhost/127.0.0.1:5193]' for 'POST' to 'http://localhost:5193/session/97ea267ff1412f89fa015f587443de13/window'
12:09:46.820 [Forwarding switchToWindow on session 97ea267ff1412f89fa015f587443de13 to remote] DEBUG org.asynchttpclient.netty.request.NettyRequestSender - Using open Channel [id: 0xeaf54744, L:/127.0.0.1:50920 - R:localhost/127.0.0.1:5193] for POST '/session/97ea267ff1412f89fa015f587443de13/window'
12:09:46.847 [AsyncHttpClient-1-8] DEBUG org.asynchttpclient.netty.handler.HttpHandler - 

Request DefaultHttpRequest(decodeResult: success, version: HTTP/1.1)
POST /session/97ea267ff1412f89fa015f587443de13/window HTTP/1.1
User-Agent: selenium/4.9.0 (java windows)
Content-Length: 50
Content-Type: application/json; charset=utf-8
host: localhost:5193
accept: */*

Response DefaultHttpResponse(decodeResult: success, version: HTTP/1.1)
HTTP/1.1 200 OK
Content-Length: 14
Content-Type: application/json; charset=utf-8
cache-control: no-cache

12:09:46.848 [AsyncHttpClient-1-8] DEBUG org.asynchttpclient.netty.channel.ChannelManager - Adding key: http://localhost:5193 for channel [id: 0xeaf54744, L:/127.0.0.1:50920 - R:localhost/127.0.0.1:5193]
12:09:46.850 [Forwarding getTitle on session 97ea267ff1412f89fa015f587443de13 to remote] DEBUG org.asynchttpclient.netty.request.NettyRequestSender - Using pooled Channel '[id: 0xeaf54744, L:/127.0.0.1:50920 - R:localhost/127.0.0.1:5193]' for 'GET' to 'http://localhost:5193/session/97ea267ff1412f89fa015f587443de13/title'
12:09:46.850 [Forwarding getTitle on session 97ea267ff1412f89fa015f587443de13 to remote] DEBUG org.asynchttpclient.netty.request.NettyRequestSender - Using open Channel [id: 0xeaf54744, L:/127.0.0.1:50920 - R:localhost/127.0.0.1:5193] for GET '/session/97ea267ff1412f89fa015f587443de13/title'
12:09:46.878 [AsyncHttpClient-1-8] DEBUG org.asynchttpclient.netty.handler.HttpHandler - 

Request DefaultFullHttpRequest(decodeResult: success, version: HTTP/1.1, content: EmptyByteBufBE)
GET /session/97ea267ff1412f89fa015f587443de13/title HTTP/1.1
User-Agent: selenium/4.9.0 (java windows)
Cache-Control: no-cache
Content-Type: application/json; charset=utf-8
host: localhost:5193
accept: */*

Response DefaultHttpResponse(decodeResult: success, version: HTTP/1.1)
HTTP/1.1 200 OK
Content-Length: 82
Content-Type: application/json; charset=utf-8
cache-control: no-cache

12:09:46.879 [AsyncHttpClient-1-8] DEBUG org.asynchttpclient.netty.channel.ChannelManager - Adding key: http://localhost:5193 for channel [id: 0xeaf54744, L:/127.0.0.1:50920 - R:localhost/127.0.0.1:5193]
12:09:46.881 [Forwarding switchToWindow on session 97ea267ff1412f89fa015f587443de13 to remote] DEBUG org.asynchttpclient.netty.request.NettyRequestSender - Using pooled Channel '[id: 0xeaf54744, L:/127.0.0.1:50920 - R:localhost/127.0.0.1:5193]' for 'POST' to 'http://localhost:5193/session/97ea267ff1412f89fa015f587443de13/window'
12:09:46.882 [Forwarding switchToWindow on session 97ea267ff1412f89fa015f587443de13 to remote] DEBUG org.asynchttpclient.netty.request.NettyRequestSender - Using open Channel [id: 0xeaf54744, L:/127.0.0.1:50920 - R:localhost/127.0.0.1:5193] for POST '/session/97ea267ff1412f89fa015f587443de13/window'
12:09:46.904 [AsyncHttpClient-1-8] DEBUG org.asynchttpclient.netty.handler.HttpHandler - 

Request DefaultHttpRequest(decodeResult: success, version: HTTP/1.1)
POST /session/97ea267ff1412f89fa015f587443de13/window HTTP/1.1
User-Agent: selenium/4.9.0 (java windows)
Content-Length: 50
Content-Type: application/json; charset=utf-8
host: localhost:5193
accept: */*

Response DefaultHttpResponse(decodeResult: success, version: HTTP/1.1)
HTTP/1.1 200 OK
Content-Length: 14
Content-Type: application/json; charset=utf-8
cache-control: no-cache

12:09:46.904 [AsyncHttpClient-1-8] DEBUG org.asynchttpclient.netty.channel.ChannelManager - Adding key: http://localhost:5193 for channel [id: 0xeaf54744, L:/127.0.0.1:50920 - R:localhost/127.0.0.1:5193]
12:09:46.906 [Forwarding getTitle on session 97ea267ff1412f89fa015f587443de13 to remote] DEBUG org.asynchttpclient.netty.request.NettyRequestSender - Using pooled Channel '[id: 0xeaf54744, L:/127.0.0.1:50920 - R:localhost/127.0.0.1:5193]' for 'GET' to 'http://localhost:5193/session/97ea267ff1412f89fa015f587443de13/title'
12:09:46.907 [Forwarding getTitle on session 97ea267ff1412f89fa015f587443de13 to remote] DEBUG org.asynchttpclient.netty.request.NettyRequestSender - Using open Channel [id: 0xeaf54744, L:/127.0.0.1:50920 - R:localhost/127.0.0.1:5193] for GET '/session/97ea267ff1412f89fa015f587443de13/title'
12:09:47.879 [AsyncHttpClient-1-1] DEBUG org.asynchttpclient.netty.channel.DefaultChannelPool - Entry count for : http://localhost:50921 : 1
12:09:48.378 [AsyncHttpClient-1-8] DEBUG org.asynchttpclient.netty.handler.HttpHandler - 

Request DefaultFullHttpRequest(decodeResult: success, version: HTTP/1.1, content: EmptyByteBufBE)
GET /session/97ea267ff1412f89fa015f587443de13/title HTTP/1.1
User-Agent: selenium/4.9.0 (java windows)
Cache-Control: no-cache
Content-Type: application/json; charset=utf-8
host: localhost:5193
accept: */*

Response DefaultHttpResponse(decodeResult: success, version: HTTP/1.1)
HTTP/1.1 200 OK
Content-Length: 30
Content-Type: application/json; charset=utf-8
cache-control: no-cache

12:09:48.378 [AsyncHttpClient-1-8] DEBUG org.asynchttpclient.netty.channel.ChannelManager - Adding key: http://localhost:5193 for channel [id: 0xeaf54744, L:/127.0.0.1:50920 - R:localhost/127.0.0.1:5193]
12:09:48.380 [Forwarding getTitle on session 97ea267ff1412f89fa015f587443de13 to remote] DEBUG org.asynchttpclient.netty.request.NettyRequestSender - Using pooled Channel '[id: 0xeaf54744, L:/127.0.0.1:50920 - R:localhost/127.0.0.1:5193]' for 'GET' to 'http://localhost:5193/session/97ea267ff1412f89fa015f587443de13/title'
12:09:48.381 [Forwarding getTitle on session 97ea267ff1412f89fa015f587443de13 to remote] DEBUG org.asynchttpclient.netty.request.NettyRequestSender - Using open Channel [id: 0xeaf54744, L:/127.0.0.1:50920 - R:localhost/127.0.0.1:5193] for GET '/session/97ea267ff1412f89fa015f587443de13/title'
12:09:48.388 [AsyncHttpClient-1-8] DEBUG org.asynchttpclient.netty.handler.HttpHandler - 

Request DefaultFullHttpRequest(decodeResult: success, version: HTTP/1.1, content: EmptyByteBufBE)
GET /session/97ea267ff1412f89fa015f587443de13/title HTTP/1.1
User-Agent: selenium/4.9.0 (java windows)
Cache-Control: no-cache
Content-Type: application/json; charset=utf-8
host: localhost:5193
accept: */*

Response DefaultHttpResponse(decodeResult: success, version: HTTP/1.1)
HTTP/1.1 200 OK
Content-Length: 30
Content-Type: application/json; charset=utf-8
cache-control: no-cache

12:09:48.388 [AsyncHttpClient-1-8] DEBUG org.asynchttpclient.netty.channel.ChannelManager - Adding key: http://localhost:5193 for channel [id: 0xeaf54744, L:/127.0.0.1:50920 - R:localhost/127.0.0.1:5193]
12:09:48.390 [main] INFO  stepDefinitions.StepDefinitions - Switched to the new tab with title: WebDriver | IFrame
12:09:48.391 [Forwarding getTitle on session 97ea267ff1412f89fa015f587443de13 to remote] DEBUG org.asynchttpclient.netty.request.NettyRequestSender - Using pooled Channel '[id: 0xeaf54744, L:/127.0.0.1:50920 - R:localhost/127.0.0.1:5193]' for 'GET' to 'http://localhost:5193/session/97ea267ff1412f89fa015f587443de13/title'
12:09:48.391 [Forwarding getTitle on session 97ea267ff1412f89fa015f587443de13 to remote] DEBUG org.asynchttpclient.netty.request.NettyRequestSender - Using open Channel [id: 0xeaf54744, L:/127.0.0.1:50920 - R:localhost/127.0.0.1:5193] for GET '/session/97ea267ff1412f89fa015f587443de13/title'
12:09:48.396 [AsyncHttpClient-1-8] DEBUG org.asynchttpclient.netty.handler.HttpHandler - 

Request DefaultFullHttpRequest(decodeResult: success, version: HTTP/1.1, content: EmptyByteBufBE)
GET /session/97ea267ff1412f89fa015f587443de13/title HTTP/1.1
User-Agent: selenium/4.9.0 (java windows)
Cache-Control: no-cache
Content-Type: application/json; charset=utf-8
host: localhost:5193
accept: */*

Response DefaultHttpResponse(decodeResult: success, version: HTTP/1.1)
HTTP/1.1 200 OK
Content-Length: 30
Content-Type: application/json; charset=utf-8
cache-control: no-cache

12:09:48.396 [AsyncHttpClient-1-8] DEBUG org.asynchttpclient.netty.channel.ChannelManager - Adding key: http://localhost:5193 for channel [id: 0xeaf54744, L:/127.0.0.1:50920 - R:localhost/127.0.0.1:5193]
  Then I switch to the new tab                                               # stepDefinitions.StepDefinitions.switchToNewTab()
12:09:48.399 [Forwarding maximizeCurrentWindow on session 97ea267ff1412f89fa015f587443de13 to remote] DEBUG org.asynchttpclient.netty.request.NettyRequestSender - Using pooled Channel '[id: 0xeaf54744, L:/127.0.0.1:50920 - R:localhost/127.0.0.1:5193]' for 'POST' to 'http://localhost:5193/session/97ea267ff1412f89fa015f587443de13/window/maximize'
12:09:48.399 [Forwarding maximizeCurrentWindow on session 97ea267ff1412f89fa015f587443de13 to remote] DEBUG org.asynchttpclient.netty.request.NettyRequestSender - Using open Channel [id: 0xeaf54744, L:/127.0.0.1:50920 - R:localhost/127.0.0.1:5193] for POST '/session/97ea267ff1412f89fa015f587443de13/window/maximize'
12:09:48.407 [AsyncHttpClient-1-8] DEBUG org.asynchttpclient.netty.handler.HttpHandler - 

Request DefaultHttpRequest(decodeResult: success, version: HTTP/1.1)
POST /session/97ea267ff1412f89fa015f587443de13/window/maximize HTTP/1.1
User-Agent: selenium/4.9.0 (java windows)
Content-Length: 3
Content-Type: application/json; charset=utf-8
host: localhost:5193
accept: */*

Response DefaultHttpResponse(decodeResult: success, version: HTTP/1.1)
HTTP/1.1 200 OK
Content-Length: 51
Content-Type: application/json; charset=utf-8
cache-control: no-cache

12:09:48.408 [AsyncHttpClient-1-8] DEBUG org.asynchttpclient.netty.channel.ChannelManager - Adding key: http://localhost:5193 for channel [id: 0xeaf54744, L:/127.0.0.1:50920 - R:localhost/127.0.0.1:5193]
12:09:48.411 [Forwarding get on session 97ea267ff1412f89fa015f587443de13 to remote] DEBUG org.asynchttpclient.netty.request.NettyRequestSender - Using pooled Channel '[id: 0xeaf54744, L:/127.0.0.1:50920 - R:localhost/127.0.0.1:5193]' for 'POST' to 'http://localhost:5193/session/97ea267ff1412f89fa015f587443de13/url'
12:09:48.411 [Forwarding get on session 97ea267ff1412f89fa015f587443de13 to remote] DEBUG org.asynchttpclient.netty.request.NettyRequestSender - Using open Channel [id: 0xeaf54744, L:/127.0.0.1:50920 - R:localhost/127.0.0.1:5193] for POST '/session/97ea267ff1412f89fa015f587443de13/url'
12:09:48.575 [AsyncHttpClient-1-8] DEBUG org.asynchttpclient.netty.handler.HttpHandler - 

Request DefaultHttpRequest(decodeResult: success, version: HTTP/1.1)
POST /session/97ea267ff1412f89fa015f587443de13/url HTTP/1.1
User-Agent: selenium/4.9.0 (java windows)
Content-Length: 84
Content-Type: application/json; charset=utf-8
host: localhost:5193
accept: */*

Response DefaultHttpResponse(decodeResult: success, version: HTTP/1.1)
HTTP/1.1 200 OK
Content-Length: 14
Content-Type: application/json; charset=utf-8
cache-control: no-cache

12:09:48.576 [AsyncHttpClient-1-8] DEBUG org.asynchttpclient.netty.channel.ChannelManager - Adding key: http://localhost:5193 for channel [id: 0xeaf54744, L:/127.0.0.1:50920 - R:localhost/127.0.0.1:5193]
[...]
Content-Length: 85
Content-Type: application/json; charset=utf-8
host: localhost:28493
accept: */*

Response DefaultHttpResponse(decodeResult: success, version: HTTP/1.1)
HTTP/1.1 200 OK
Content-Length: 126
Content-Type: application/json; charset=utf-8
cache-control: no-cache

12:10:02.089 [AsyncHttpClient-1-11] DEBUG org.asynchttpclient.netty.channel.ChannelManager - Adding key: http://localhost:28493 for channel [id: 0x13ae7cfb, L:/127.0.0.1:50944 - R:localhost/127.0.0.1:28493]
12:10:02.097 [Forwarding isElementDisplayed on session 9f6134ae7591387d5560a63a2b582794 to remote] DEBUG org.asynchttpclient.netty.request.NettyRequestSender - Using pooled Channel '[id: 0x13ae7cfb, L:/127.0.0.1:50944 - R:localhost/127.0.0.1:28493]' for 'POST' to 'http://localhost:28493/session/9f6134ae7591387d5560a63a2b582794/execute/sync'
12:10:02.097 [Forwarding isElementDisplayed on session 9f6134ae7591387d5560a63a2b582794 to remote] DEBUG org.asynchttpclient.netty.request.NettyRequestSender - Using open Channel [id: 0x13ae7cfb, L:/127.0.0.1:50944 - R:localhost/127.0.0.1:28493] for POST '/session/9f6134ae7591387d5560a63a2b582794/execute/sync'
12:10:02.130 [AsyncHttpClient-1-11] DEBUG org.asynchttpclient.netty.handler.HttpHandler - 

Request DefaultHttpRequest(decodeResult: success, version: HTTP/1.1)
POST /session/9f6134ae7591387d5560a63a2b582794/execute/sync HTTP/1.1
User-Agent: selenium/4.9.0 (java windows)
Content-Length: 48845
Content-Type: application/json; charset=utf-8
host: localhost:28493
accept: */*

Response DefaultHttpResponse(decodeResult: success, version: HTTP/1.1)
HTTP/1.1 200 OK
Content-Length: 15
Content-Type: application/json; charset=utf-8
cache-control: no-cache

12:10:02.130 [AsyncHttpClient-1-11] DEBUG org.asynchttpclient.netty.channel.ChannelManager - Adding key: http://localhost:28493 for channel [id: 0x13ae7cfb, L:/127.0.0.1:50944 - R:localhost/127.0.0.1:28493]
12:10:02.187 [AsyncHttpClient-1-1] DEBUG org.asynchttpclient.netty.channel.DefaultChannelPool - Entry count for : http://localhost:28493 : 1
12:10:02.187 [AsyncHttpClient-1-1] DEBUG org.asynchttpclient.netty.channel.DefaultChannelPool - Entry count for : http://localhost:50945 : 1
12:10:02.647 [Forwarding findElement on session 9f6134ae7591387d5560a63a2b582794 to remote] DEBUG org.asynchttpclient.netty.request.NettyRequestSender - Using pooled Channel '[id: 0x13ae7cfb, L:/127.0.0.1:50944 - R:localhost/127.0.0.1:28493]' for 'POST' to 'http://localhost:28493/session/9f6134ae7591387d5560a63a2b582794/element'
12:10:02.648 [Forwarding findElement on session 9f6134ae7591387d5560a63a2b582794 to remote] DEBUG org.asynchttpclient.netty.request.NettyRequestSender - Using open Channel [id: 0x13ae7cfb, L:/127.0.0.1:50944 - R:localhost/127.0.0.1:28493] for POST '/session/9f6134ae7591387d5560a63a2b582794/element'
12:10:02.661 [AsyncHttpClient-1-11] DEBUG org.asynchttpclient.netty.handler.HttpHandler - 

Request DefaultHttpRequest(decodeResult: success, version: HTTP/1.1)
POST /session/9f6134ae7591387d5560a63a2b582794/element HTTP/1.1
User-Agent: selenium/4.9.0 (java windows)
Content-Length: 85
Content-Type: application/json; charset=utf-8
host: localhost:28493
accept: */*

Response DefaultHttpResponse(decodeResult: success, version: HTTP/1.1)
HTTP/1.1 200 OK
Content-Length: 126
Content-Type: application/json; charset=utf-8
cache-control: no-cache

12:10:02.661 [AsyncHttpClient-1-11] DEBUG org.asynchttpclient.netty.channel.ChannelManager - Adding key: http://localhost:28493 for channel [id: 0x13ae7cfb, L:/127.0.0.1:50944 - R:localhost/127.0.0.1:28493]
12:10:02.663 [Forwarding isElementDisplayed on session 9f6134ae7591387d5560a63a2b582794 to remote] DEBUG org.asynchttpclient.netty.request.NettyRequestSender - Using pooled Channel '[id: 0x13ae7cfb, L:/127.0.0.1:50944 - R:localhost/127.0.0.1:28493]' for 'POST' to 'http://localhost:28493/session/9f6134ae7591387d5560a63a2b582794/execute/sync'
12:10:02.663 [Forwarding isElementDisplayed on session 9f6134ae7591387d5560a63a2b582794 to remote] DEBUG org.asynchttpclient.netty.request.NettyRequestSender - Using open Channel [id: 0x13ae7cfb, L:/127.0.0.1:50944 - R:localhost/127.0.0.1:28493] for POST '/session/9f6134ae7591387d5560a63a2b582794/execute/sync'
12:10:02.679 [AsyncHttpClient-1-11] DEBUG org.asynchttpclient.netty.handler.HttpHandler - 

Request DefaultHttpRequest(decodeResult: success, version: HTTP/1.1)
POST /session/9f6134ae7591387d5560a63a2b582794/execute/sync HTTP/1.1
User-Agent: selenium/4.9.0 (java windows)
Content-Length: 48845
Content-Type: application/json; charset=utf-8
host: localhost:28493
accept: */*

Response DefaultHttpResponse(decodeResult: success, version: HTTP/1.1)
HTTP/1.1 200 OK
Content-Length: 15
Content-Type: application/json; charset=utf-8
cache-control: no-cache

12:10:02.679 [AsyncHttpClient-1-11] DEBUG org.asynchttpclient.netty.channel.ChannelManager - Adding key: http://localhost:28493 for channel [id: 0x13ae7cfb, L:/127.0.0.1:50944 - R:localhost/127.0.0.1:28493]
12:10:03.205 [Forwarding findElement on session 9f6134ae7591387d5560a63a2b582794 to remote] DEBUG org.asynchttpclient.netty.request.NettyRequestSender - Using pooled Channel '[id: 0x13ae7cfb, L:/127.0.0.1:50944 - R:localhost/127.0.0.1:28493]' for 'POST' to 'http://localhost:28493/session/9f6134ae7591387d5560a63a2b582794/element'
12:10:03.205 [Forwarding findElement on session 9f6134ae7591387d5560a63a2b582794 to remote] DEBUG org.asynchttpclient.netty.request.NettyRequestSender - Using open Channel [id: 0x13ae7cfb, L:/127.0.0.1:50944 - R:localhost/127.0.0.1:28493] for POST '/session/9f6134ae7591387d5560a63a2b582794/element'
12:10:03.266 [AsyncHttpClient-1-11] DEBUG org.asynchttpclient.netty.handler.HttpHandler - 

Request DefaultHttpRequest(decodeResult: success, version: HTTP/1.1)
POST /session/9f6134ae7591387d5560a63a2b582794/element HTTP/1.1
User-Agent: selenium/4.9.0 (java windows)
Content-Length: 85
Content-Type: application/json; charset=utf-8
host: localhost:28493
accept: */*

Response DefaultHttpResponse(decodeResult: success, version: HTTP/1.1)
HTTP/1.1 200 OK
Content-Length: 126
Content-Type: application/json; charset=utf-8
cache-control: no-cache

12:10:03.267 [AsyncHttpClient-1-11] DEBUG org.asynchttpclient.netty.channel.ChannelManager - Adding key: http://localhost:28493 for channel [id: 0x13ae7cfb, L:/127.0.0.1:50944 - R:localhost/127.0.0.1:28493]
12:10:03.274 [Forwarding isElementDisplayed on session 9f6134ae7591387d5560a63a2b582794 to remote] DEBUG org.asynchttpclient.netty.request.NettyRequestSender - Using pooled Channel '[id: 0x13ae7cfb, L:/127.0.0.1:50944 - R:localhost/127.0.0.1:28493]' for 'POST' to 'http://localhost:28493/session/9f6134ae7591387d5560a63a2b582794/execute/sync'
12:10:03.274 [Forwarding isElementDisplayed on session 9f6134ae7591387d5560a63a2b582794 to remote] DEBUG org.asynchttpclient.netty.request.NettyRequestSender - Using open Channel [id: 0x13ae7cfb, L:/127.0.0.1:50944 - R:localhost/127.0.0.1:28493] for POST '/session/9f6134ae7591387d5560a63a2b582794/execute/sync'
12:10:03.282 [AsyncHttpClient-1-1] DEBUG org.asynchttpclient.netty.channel.DefaultChannelPool - Entry count for : http://localhost:50945 : 1
12:10:03.298 [AsyncHttpClient-1-11] DEBUG org.asynchttpclient.netty.handler.HttpHandler - 

Request DefaultHttpRequest(decodeResult: success, version: HTTP/1.1)
POST /session/9f6134ae7591387d5560a63a2b582794/execute/sync HTTP/1.1
User-Agent: selenium/4.9.0 (java windows)
Content-Length: 48845
Content-Type: application/json; charset=utf-8
host: localhost:28493
accept: */*

Response DefaultHttpResponse(decodeResult: success, version: HTTP/1.1)
HTTP/1.1 200 OK
Content-Length: 15
Content-Type: application/json; charset=utf-8
cache-control: no-cache

12:10:03.299 [AsyncHttpClient-1-11] DEBUG org.asynchttpclient.netty.channel.ChannelManager - Adding key: http://localhost:28493 for channel [id: 0x13ae7cfb, L:/127.0.0.1:50944 - R:localhost/127.0.0.1:28493]
12:10:03.811 [Forwarding findElement on session 9f6134ae7591387d5560a63a2b582794 to remote] DEBUG org.asynchttpclient.netty.request.NettyRequestSender - Using pooled Channel '[id: 0x13ae7cfb, L:/127.0.0.1:50944 - R:localhost/127.0.0.1:28493]' for 'POST' to 'http://localhost:28493/session/9f6134ae7591387d5560a63a2b582794/element'
12:10:03.811 [Forwarding findElement on session 9f6134ae7591387d5560a63a2b582794 to remote] DEBUG org.asynchttpclient.netty.request.NettyRequestSender - Using open Channel [id: 0x13ae7cfb, L:/127.0.0.1:50944 - R:localhost/127.0.0.1:28493] for POST '/session/9f6134ae7591387d5560a63a2b582794/element'
12:10:03.828 [AsyncHttpClient-1-11] DEBUG org.asynchttpclient.netty.handler.HttpHandler - 

Request DefaultHttpRequest(decodeResult: success, version: HTTP/1.1)
POST /session/9f6134ae7591387d5560a63a2b582794/element HTTP/1.1
User-Agent: selenium/4.9.0 (java windows)
Content-Length: 85
Content-Type: application/json; charset=utf-8
host: localhost:28493
accept: */*

Response DefaultHttpResponse(decodeResult: success, version: HTTP/1.1)
HTTP/1.1 200 OK
Content-Length: 126
Content-Type: application/json; charset=utf-8
cache-control: no-cache

12:10:03.828 [AsyncHttpClient-1-11] DEBUG org.asynchttpclient.netty.channel.ChannelManager - Adding key: http://localhost:28493 for channel [id: 0x13ae7cfb, L:/127.0.0.1:50944 - R:localhost/127.0.0.1:28493]
12:10:03.834 [Forwarding isElementDisplayed on session 9f6134ae7591387d5560a63a2b582794 to remote] DEBUG org.asynchttpclient.netty.request.NettyRequestSender - Using pooled Channel '[id: 0x13ae7cfb, L:/127.0.0.1:50944 - R:localhost/127.0.0.1:28493]' for 'POST' to 'http://localhost:28493/session/9f6134ae7591387d5560a63a2b582794/execute/sync'
12:10:03.834 [Forwarding isElementDisplayed on session 9f6134ae7591387d5560a63a2b582794 to remote] DEBUG org.asynchttpclient.netty.request.NettyRequestSender - Using open Channel [id: 0x13ae7cfb, L:/127.0.0.1:50944 - R:localhost/127.0.0.1:28493] for POST '/session/9f6134ae7591387d5560a63a2b582794/execute/sync'
12:10:03.858 [AsyncHttpClient-1-11] DEBUG org.asynchttpclient.netty.handler.HttpHandler - 

Request DefaultHttpRequest(decodeResult: success, version: HTTP/1.1)
POST /session/9f6134ae7591387d5560a63a2b582794/execute/sync HTTP/1.1
User-Agent: selenium/4.9.0 (java windows)
Content-Length: 48845
Content-Type: application/json; charset=utf-8
host: localhost:28493
accept: */*

Response DefaultHttpResponse(decodeResult: success, version: HTTP/1.1)
HTTP/1.1 200 OK
Content-Length: 15
Content-Type: application/json; charset=utf-8
cache-control: no-cache

12:10:03.858 [AsyncHttpClient-1-11] DEBUG org.asynchttpclient.netty.channel.ChannelManager - Adding key: http://localhost:28493 for channel [id: 0x13ae7cfb, L:/127.0.0.1:50944 - R:localhost/127.0.0.1:28493]
12:10:04.369 [Forwarding findElement on session 9f6134ae7591387d5560a63a2b582794 to remote] DEBUG org.asynchttpclient.netty.request.NettyRequestSender - Using pooled Channel '[id: 0x13ae7cfb, L:/127.0.0.1:50944 - R:localhost/127.0.0.1:28493]' for 'POST' to 'http://localhost:28493/session/9f6134ae7591387d5560a63a2b582794/element'
12:10:04.371 [Forwarding findElement on session 9f6134ae7591387d5560a63a2b582794 to remote] DEBUG org.asynchttpclient.netty.request.NettyRequestSender - Using open Channel [id: 0x13ae7cfb, L:/127.0.0.1:50944 - R:localhost/127.0.0.1:28493] for POST '/session/9f6134ae7591387d5560a63a2b582794/element'
12:10:04.384 [AsyncHttpClient-1-1] DEBUG org.asynchttpclient.netty.channel.DefaultChannelPool - Entry count for : http://localhost:50945 : 1
12:10:04.387 [AsyncHttpClient-1-11] DEBUG org.asynchttpclient.netty.handler.HttpHandler - 

Request DefaultHttpRequest(decodeResult: success, version: HTTP/1.1)
POST /session/9f6134ae7591387d5560a63a2b582794/element HTTP/1.1
User-Agent: selenium/4.9.0 (java windows)
Content-Length: 85
Content-Type: application/json; charset=utf-8
host: localhost:28493
accept: */*

Response DefaultHttpResponse(decodeResult: success, version: HTTP/1.1)
HTTP/1.1 200 OK
Content-Length: 126
Content-Type: application/json; charset=utf-8
cache-control: no-cache

12:10:04.388 [AsyncHttpClient-1-11] DEBUG org.asynchttpclient.netty.channel.ChannelManager - Adding key: http://localhost:28493 for channel [id: 0x13ae7cfb, L:/127.0.0.1:50944 - R:localhost/127.0.0.1:28493]
12:10:04.392 [Forwarding isElementDisplayed on session 9f6134ae7591387d5560a63a2b582794 to remote] DEBUG org.asynchttpclient.netty.request.NettyRequestSender - Using pooled Channel '[id: 0x13ae7cfb, L:/127.0.0.1:50944 - R:localhost/127.0.0.1:28493]' for 'POST' to 'http://localhost:28493/session/9f6134ae7591387d5560a63a2b582794/execute/sync'
12:10:04.392 [Forwarding isElementDisplayed on session 9f6134ae7591387d5560a63a2b582794 to remote] DEBUG org.asynchttpclient.netty.request.NettyRequestSender - Using open Channel [id: 0x13ae7cfb, L:/127.0.0.1:50944 - R:localhost/127.0.0.1:28493] for POST '/session/9f6134ae7591387d5560a63a2b582794/execute/sync'
12:10:04.410 [AsyncHttpClient-1-11] DEBUG org.asynchttpclient.netty.handler.HttpHandler - 

Request DefaultHttpRequest(decodeResult: success, version: HTTP/1.1)
POST /session/9f6134ae7591387d5560a63a2b582794/execute/sync HTTP/1.1
User-Agent: selenium/4.9.0 (java windows)
Content-Length: 48845
Content-Type: application/json; charset=utf-8
host: localhost:28493
accept: */*

Response DefaultHttpResponse(decodeResult: success, version: HTTP/1.1)
HTTP/1.1 200 OK
Content-Length: 14
Content-Type: application/json; charset=utf-8
cache-control: no-cache

12:10:04.410 [AsyncHttpClient-1-11] DEBUG org.asynchttpclient.netty.channel.ChannelManager - Adding key: http://localhost:28493 for channel [id: 0x13ae7cfb, L:/127.0.0.1:50944 - R:localhost/127.0.0.1:28493]
12:10:04.413 [Forwarding elementScreenshot on session 9f6134ae7591387d5560a63a2b582794 to remote] DEBUG org.asynchttpclient.netty.request.NettyRequestSender - Using pooled Channel '[id: 0x13ae7cfb, L:/127.0.0.1:50944 - R:localhost/127.0.0.1:28493]' for 'GET' to 'http://localhost:28493/session/9f6134ae7591387d5560a63a2b582794/element/f.CBF97100AF3119C36AC352052F22799B.d.63DE7DF42F3A327E5D014F15756ED5C3.e.10/screenshot'
12:10:04.413 [Forwarding elementScreenshot on session 9f6134ae7591387d5560a63a2b582794 to remote] DEBUG org.asynchttpclient.netty.request.NettyRequestSender - Using open Channel [id: 0x13ae7cfb, L:/127.0.0.1:50944 - R:localhost/127.0.0.1:28493] for GET '/session/9f6134ae7591387d5560a63a2b582794/element/f.CBF97100AF3119C36AC352052F22799B.d.63DE7DF42F3A327E5D014F15756ED5C3.e.10/screenshot'
12:10:04.669 [AsyncHttpClient-1-11] DEBUG org.asynchttpclient.netty.handler.HttpHandler - 

Request DefaultFullHttpRequest(decodeResult: success, version: HTTP/1.1, content: EmptyByteBufBE)
GET /session/9f6134ae7591387d5560a63a2b582794/element/f.CBF97100AF3119C36AC352052F22799B.d.63DE7DF42F3A327E5D014F15756ED5C3.e.10/screenshot HTTP/1.1
User-Agent: selenium/4.9.0 (java windows)
Cache-Control: no-cache
Content-Type: application/json; charset=utf-8
host: localhost:28493
accept: */*

Response DefaultHttpResponse(decodeResult: success, version: HTTP/1.1)
HTTP/1.1 200 OK
Content-Length: 39988
Content-Type: application/json; charset=utf-8
cache-control: no-cache

12:10:04.674 [AsyncHttpClient-1-11] DEBUG org.asynchttpclient.netty.channel.ChannelManager - Adding key: http://localhost:28493 for channel [id: 0x13ae7cfb, L:/127.0.0.1:50944 - R:localhost/127.0.0.1:28493]
12:10:04.675 [main] INFO  stepDefinitions.StepDefinitions - Images are changing successfully.
  Then I verify the images are changing accordingly                           # stepDefinitions.StepDefinitions.verifyImageChanges()
12:10:04.686 [AsyncHttpClient-1-13] DEBUG org.asynchttpclient.netty.handler.WebSocketHandler - Channel Closed: [id: 0x9348d23b, L:/127.0.0.1:50954 ! R:localhost/127.0.0.1:50945] with attribute DISCARD
12:10:04.696 [Driver Command Executor] DEBUG org.asynchttpclient.netty.request.NettyRequestSender - Using pooled Channel '[id: 0x13ae7cfb, L:/127.0.0.1:50944 - R:localhost/127.0.0.1:28493]' for 'DELETE' to 'http://localhost:28493/session/9f6134ae7591387d5560a63a2b582794'
12:10:04.696 [Driver Command Executor] DEBUG org.asynchttpclient.netty.request.NettyRequestSender - Using open Channel [id: 0x13ae7cfb, L:/127.0.0.1:50944 - R:localhost/127.0.0.1:28493] for DELETE '/session/9f6134ae7591387d5560a63a2b582794'
12:10:04.804 [AsyncHttpClient-1-12] DEBUG org.asynchttpclient.netty.handler.HttpHandler - Unexpected I/O exception on channel [id: 0xc7f6ea95, L:/127.0.0.1:50953 - R:localhost/127.0.0.1:50945]
java.net.SocketException: Connection reset
	at java.base/sun.nio.ch.SocketChannelImpl.throwConnectionReset(SocketChannelImpl.java:401)
	at java.base/sun.nio.ch.SocketChannelImpl.read(SocketChannelImpl.java:434)
	at io.netty.buffer.PooledByteBuf.setBytes(PooledByteBuf.java:256)
	at io.netty.buffer.AbstractByteBuf.writeBytes(AbstractByteBuf.java:1132)
	at io.netty.channel.socket.nio.NioSocketChannel.doReadBytes(NioSocketChannel.java:357)
	at io.netty.channel.nio.AbstractNioByteChannel$NioByteUnsafe.read(AbstractNioByteChannel.java:151)
	at io.netty.channel.nio.NioEventLoop.processSelectedKey(NioEventLoop.java:788)
	at io.netty.channel.nio.NioEventLoop.processSelectedKeysOptimized(NioEventLoop.java:724)
	at io.netty.channel.nio.NioEventLoop.processSelectedKeys(NioEventLoop.java:650)
	at io.netty.channel.nio.NioEventLoop.run(NioEventLoop.java:562)
	at io.netty.util.concurrent.SingleThreadEventExecutor$4.run(SingleThreadEventExecutor.java:997)
	at io.netty.util.internal.ThreadExecutorMap$2.run(ThreadExecutorMap.java:74)
	at io.netty.util.concurrent.FastThreadLocalRunnable.run(FastThreadLocalRunnable.java:30)
	at java.base/java.lang.Thread.run(Thread.java:1583)
12:10:04.806 [AsyncHttpClient-1-12] DEBUG org.asynchttpclient.netty.channel.ChannelManager - Closing Channel [id: 0xc7f6ea95, L:/127.0.0.1:50953 - R:localhost/127.0.0.1:50945] 
12:10:04.807 [AsyncHttpClient-1-12] DEBUG org.asynchttpclient.netty.handler.HttpHandler - Channel Closed: [id: 0xc7f6ea95, L:/127.0.0.1:50953 ! R:localhost/127.0.0.1:50945] with attribute DISCARD
12:10:04.852 [AsyncHttpClient-1-11] DEBUG org.asynchttpclient.netty.handler.HttpHandler - 

Request DefaultFullHttpRequest(decodeResult: success, version: HTTP/1.1, content: EmptyByteBufBE)
DELETE /session/9f6134ae7591387d5560a63a2b582794 HTTP/1.1
User-Agent: selenium/4.9.0 (java windows)
Content-Type: application/json; charset=utf-8
host: localhost:28493
accept: */*

Response DefaultHttpResponse(decodeResult: success, version: HTTP/1.1)
HTTP/1.1 200 OK
Content-Length: 14
Content-Type: application/json; charset=utf-8
cache-control: no-cache

12:10:04.852 [AsyncHttpClient-1-11] DEBUG org.asynchttpclient.netty.channel.ChannelManager - Adding key: http://localhost:28493 for channel [id: 0x13ae7cfb, L:/127.0.0.1:50944 - R:localhost/127.0.0.1:28493]
12:10:05.093 [AsyncHttpClient-1-11] DEBUG org.asynchttpclient.netty.handler.HttpHandler - Channel Closed: [id: 0x13ae7cfb, L:/127.0.0.1:50944 ! R:localhost/127.0.0.1:28493] with attribute DISCARD
Browser closed successfully.
]]></system-out>
    <system-err><![CDATA[Starting ChromeDriver 136.0.7103.94 (fa0be0b33debeb378a8e6ad9c599be34e2dc3b37-refs/branch-heads/7103@{#1842}) on port 28493
Only local connections are allowed.
Please see https://chromedriver.chromium.org/security-considerations for suggestions on keeping ChromeDriver safe.
ChromeDriver was started successfully on port 28493.
May 16, 2025 12:09:50 PM org.openqa.selenium.devtools.CdpVersionFinder findNearestMatch
WARNING: Unable to find CDP implementation matching 136
May 16, 2025 12:09:50 PM org.openqa.selenium.chromium.ChromiumDriver lambda$new$3
WARNING: Unable to find version of CDP to use for . You may need to include a dependency on a specific version of the CDP using something similar to `org.seleniumhq.selenium:selenium-devtools-v86:4.9.0` where the version ("v86") matches the version of the chromium-based browser you're using and the version number of the artifact is the same as Selenium's.
]]></system-err>
  </testcase>
</testsuite>