<?xml version="1.0" encoding="UTF-8"?>
<testsuite xmlns:xsi="http://www.w3.org/2001/XMLSchema-instance" xsi:noNamespaceSchemaLocation="https://maven.apache.org/surefire/maven-surefire-plugin/xsd/surefire-test-report-3.0.xsd" version="3.0" name="runners.TestRunner" time="19.673" tests="4" errors="0" skipped="0" failures="0">
  <properties>
[...]
</properties>
  <testcase name="runScenario[&quot;Verify the title of the page and image carousel functionality&quot;, &quot;Verify Page Title and Image Carousel&quot;](1)" classname="runners.TestRunner" time="4.05">
    <system-out><![CDATA[
Scenario: Verify the title of the page and image carousel functionality                       # src/test/resources/features/VerifyPageTitle.feature:3
22:22:44.858 [main] DEBUG io.github.bonigarcia.wdm.WebDriverManager - Using WebDriverManager 5.5.3
22:22:45.064 [main] DEBUG io.github.bonigarcia.wdm.cache.ResolutionCache - Resolution chrome=136 in cache (valid until 22:41:22 15/05/2025 IST)
22:22:45.064 [main] DEBUG io.github.bonigarcia.wdm.cache.ResolutionCache - Resolution chrome136=136.0.7103.94 in cache (valid until 16:55:21 16/05/2025 IST)
22:22:45.064 [main] INFO io.github.bonigarcia.wdm.WebDriverManager - Using chromedriver 136.0.7103.94 (resolved driver for Chrome 136)
22:22:45.077 [main] DEBUG io.github.bonigarcia.wdm.WebDriverManager - Driver chromedriver 136.0.7103.94 found in cache
22:22:45.077 [main] INFO io.github.bonigarcia.wdm.WebDriverManager - Exporting webdriver.chrome.driver as C:\Users\Sahasra Reddy\.cache\selenium\chromedriver\win64\136.0.7103.94\chromedriver.exe
22:22:45.140 [main] DEBUG io.netty.util.internal.logging.InternalLoggerFactory - Using SLF4J as the default logging framework
22:22:45.140 [main] DEBUG io.netty.util.ResourceLeakDetector - -Dio.netty.leakDetection.level: simple
22:22:45.140 [main] DEBUG io.netty.util.ResourceLeakDetector - -Dio.netty.leakDetection.targetRecords: 4
22:22:45.158 [main] DEBUG io.netty.util.ResourceLeakDetectorFactory - Loaded default ResourceLeakDetector: io.netty.util.ResourceLeakDetector@77865933
22:22:45.162 [main] DEBUG io.netty.util.internal.PlatformDependent0 - -Dio.netty.noUnsafe: false
22:22:45.162 [main] DEBUG io.netty.util.internal.PlatformDependent0 - Java version: 21
22:22:45.162 [main] DEBUG io.netty.util.internal.PlatformDependent0 - sun.misc.Unsafe.theUnsafe: available
22:22:45.162 [main] DEBUG io.netty.util.internal.PlatformDependent0 - sun.misc.Unsafe.copyMemory: available
22:22:45.162 [main] DEBUG io.netty.util.internal.PlatformDependent0 - sun.misc.Unsafe.storeFence: available
22:22:45.162 [main] DEBUG io.netty.util.internal.PlatformDependent0 - java.nio.Buffer.address: available
22:22:45.162 [main] DEBUG io.netty.util.internal.PlatformDependent0 - direct buffer constructor: unavailable: java.nio.DirectByteBuffer.<init>(long,int)
22:22:45.162 [main] DEBUG io.netty.util.internal.PlatformDependent0 - java.nio.Bits.unaligned: available, true
22:22:45.162 [main] DEBUG io.netty.util.internal.PlatformDependent0 - jdk.internal.misc.Unsafe.allocateUninitializedArray(int): unavailable: class io.netty.util.internal.PlatformDependent0$7 cannot access class jdk.internal.misc.Unsafe (in module java.base) because module java.base does not export jdk.internal.misc to unnamed module @1efee8e7
22:22:45.162 [main] DEBUG io.netty.util.internal.PlatformDependent0 - java.nio.DirectByteBuffer.<init>(long, int): unavailable
22:22:45.162 [main] DEBUG io.netty.util.internal.PlatformDependent - sun.misc.Unsafe: available
22:22:45.162 [main] DEBUG io.netty.util.internal.PlatformDependent - maxDirectMemory: 4223664128 bytes (maybe)
22:22:45.162 [main] DEBUG io.netty.util.internal.PlatformDependent - -Dio.netty.tmpdir: C:\Users\SAHASR~1\AppData\Local\Temp (java.io.tmpdir)
22:22:45.162 [main] DEBUG io.netty.util.internal.PlatformDependent - -Dio.netty.bitMode: 64 (sun.arch.data.model)
22:22:45.162 [main] DEBUG io.netty.util.internal.PlatformDependent - Platform: Windows
22:22:45.175 [main] DEBUG io.netty.util.internal.PlatformDependent - -Dio.netty.maxDirectMemory: -1 bytes
22:22:45.175 [main] DEBUG io.netty.util.internal.PlatformDependent - -Dio.netty.uninitializedArrayAllocationThreshold: -1
22:22:45.176 [main] DEBUG io.netty.util.internal.CleanerJava9 - java.nio.ByteBuffer.cleaner(): available
22:22:45.177 [main] DEBUG io.netty.util.internal.PlatformDependent - -Dio.netty.noPreferDirect: false
22:22:45.180 [main] DEBUG io.netty.util.internal.PlatformDependent - org.jctools-core.MpscChunkedArrayQueue: available
22:22:45.181 [main] DEBUG io.netty.util.internal.InternalThreadLocalMap - -Dio.netty.threadLocalMap.stringBuilder.initialSize: 1024
22:22:45.181 [main] DEBUG io.netty.util.internal.InternalThreadLocalMap - -Dio.netty.threadLocalMap.stringBuilder.maxSize: 4096
22:22:45.216 [main] DEBUG io.netty.handler.ssl.JdkSslContext - Default protocols (JDK): [TLSv1.3, TLSv1.2] 
22:22:45.217 [main] DEBUG io.netty.handler.ssl.JdkSslContext - Default cipher suites (JDK): [TLS_ECDHE_ECDSA_WITH_AES_256_GCM_SHA384, TLS_ECDHE_ECDSA_WITH_AES_128_GCM_SHA256, TLS_ECDHE_RSA_WITH_AES_128_GCM_SHA256, TLS_ECDHE_RSA_WITH_AES_256_GCM_SHA384, TLS_ECDHE_RSA_WITH_AES_128_CBC_SHA, TLS_ECDHE_RSA_WITH_AES_256_CBC_SHA, TLS_RSA_WITH_AES_128_GCM_SHA256, TLS_RSA_WITH_AES_128_CBC_SHA, TLS_RSA_WITH_AES_256_CBC_SHA, TLS_AES_128_GCM_SHA256, TLS_AES_256_GCM_SHA384]
22:22:45.223 [main] DEBUG io.netty.util.concurrent.GlobalEventExecutor - -Dio.netty.globalEventExecutor.quietPeriodSeconds: 1
22:22:45.231 [main] DEBUG io.netty.channel.MultithreadEventLoopGroup - -Dio.netty.eventLoopThreads: 24
22:22:45.236 [main] DEBUG io.netty.channel.nio.NioEventLoop - -Dio.netty.noKeySetOptimization: false
22:22:45.237 [main] DEBUG io.netty.channel.nio.NioEventLoop - -Dio.netty.selectorAutoRebuildThreshold: 512
22:22:45.280 [main] DEBUG io.netty.buffer.PooledByteBufAllocator - -Dio.netty.allocator.numHeapArenas: 24
22:22:45.280 [main] DEBUG io.netty.buffer.PooledByteBufAllocator - -Dio.netty.allocator.numDirectArenas: 24
22:22:45.280 [main] DEBUG io.netty.buffer.PooledByteBufAllocator - -Dio.netty.allocator.pageSize: 8192
22:22:45.280 [main] DEBUG io.netty.buffer.PooledByteBufAllocator - -Dio.netty.allocator.maxOrder: 9
22:22:45.280 [main] DEBUG io.netty.buffer.PooledByteBufAllocator - -Dio.netty.allocator.chunkSize: 4194304
22:22:45.280 [main] DEBUG io.netty.buffer.PooledByteBufAllocator - -Dio.netty.allocator.smallCacheSize: 256
22:22:45.280 [main] DEBUG io.netty.buffer.PooledByteBufAllocator - -Dio.netty.allocator.normalCacheSize: 64
22:22:45.280 [main] DEBUG io.netty.buffer.PooledByteBufAllocator - -Dio.netty.allocator.maxCachedBufferCapacity: 32768
22:22:45.280 [main] DEBUG io.netty.buffer.PooledByteBufAllocator - -Dio.netty.allocator.cacheTrimInterval: 8192
22:22:45.280 [main] DEBUG io.netty.buffer.PooledByteBufAllocator - -Dio.netty.allocator.cacheTrimIntervalMillis: 0
22:22:45.281 [main] DEBUG io.netty.buffer.PooledByteBufAllocator - -Dio.netty.allocator.useCacheForAllThreads: false
22:22:45.281 [main] DEBUG io.netty.buffer.PooledByteBufAllocator - -Dio.netty.allocator.maxCachedByteBuffersPerChunk: 1023
22:22:45.281 [main] DEBUG io.netty.buffer.ByteBufUtil - -Dio.netty.allocator.type: pooled
22:22:45.281 [main] DEBUG io.netty.buffer.ByteBufUtil - -Dio.netty.threadLocalDirectBufferSize: 0
22:22:45.281 [main] DEBUG io.netty.buffer.ByteBufUtil - -Dio.netty.maxThreadLocalCharBufferSize: 16384
22:22:45.451 [Forwarding newSession on session null to remote] DEBUG io.netty.channel.DefaultChannelId - -Dio.netty.processId: 19088 (auto-detected)
22:22:45.452 [Forwarding newSession on session null to remote] DEBUG io.netty.util.NetUtil - -Djava.net.preferIPv4Stack: false
22:22:45.452 [Forwarding newSession on session null to remote] DEBUG io.netty.util.NetUtil - -Djava.net.preferIPv6Addresses: false
22:22:45.454 [Forwarding newSession on session null to remote] DEBUG io.netty.util.NetUtilInitializations - Loopback interface: loopback_0 (Software Loopback Interface 1, 0:0:0:0:0:0:0:1)
22:22:45.454 [Forwarding newSession on session null to remote] DEBUG io.netty.util.NetUtil - Failed to get SOMAXCONN from sysctl and file \proc\sys\net\core\somaxconn. Default: 200
22:22:45.455 [Forwarding newSession on session null to remote] DEBUG io.netty.channel.DefaultChannelId - -Dio.netty.machineId: 04:e8:b9:ff:fe:da:c2:7f (auto-detected)
22:22:45.477 [AsyncHttpClient-1-2] DEBUG io.netty.buffer.AbstractByteBuf - -Dio.netty.buffer.checkAccessible: true
22:22:45.477 [AsyncHttpClient-1-2] DEBUG io.netty.buffer.AbstractByteBuf - -Dio.netty.buffer.checkBounds: true
22:22:45.477 [AsyncHttpClient-1-2] DEBUG io.netty.util.ResourceLeakDetectorFactory - Loaded default ResourceLeakDetector: io.netty.util.ResourceLeakDetector@654cad1
22:22:45.493 [AsyncHttpClient-1-2] DEBUG org.asynchttpclient.netty.channel.NettyConnectListener - Using new Channel '[id: 0xfd765c97, L:/127.0.0.1:64916 - R:localhost/127.0.0.1:43178]' for 'POST' to '/session'
22:22:45.498 [AsyncHttpClient-1-2] DEBUG io.netty.util.Recycler - -Dio.netty.recycler.maxCapacityPerThread: 4096
22:22:45.498 [AsyncHttpClient-1-2] DEBUG io.netty.util.Recycler - -Dio.netty.recycler.ratio: 8
22:22:45.498 [AsyncHttpClient-1-2] DEBUG io.netty.util.Recycler - -Dio.netty.recycler.chunkSize: 32
22:22:45.498 [AsyncHttpClient-1-2] DEBUG io.netty.util.Recycler - -Dio.netty.recycler.blocking: false
22:22:45.498 [AsyncHttpClient-1-2] DEBUG io.netty.util.Recycler - -Dio.netty.recycler.batchFastThreadLocalOnly: true
22:22:46.043 [AsyncHttpClient-1-2] DEBUG io.netty.handler.codec.compression.Brotli - brotli4j not in the classpath; Brotli support will be unavailable.
22:22:46.043 [AsyncHttpClient-1-2] DEBUG org.asynchttpclient.netty.handler.HttpHandler - 

Request DefaultHttpRequest(decodeResult: success, version: HTTP/1.1)
POST /session HTTP/1.1
User-Agent: selenium/4.9.0 (java windows)
Content-Length: 254
Content-Type: application/json; charset=utf-8
host: localhost:43178
accept: */*

Response DefaultHttpResponse(decodeResult: success, version: HTTP/1.1)
HTTP/1.1 200 OK
Content-Length: 886
Content-Type: application/json; charset=utf-8
cache-control: no-cache

22:22:46.043 [AsyncHttpClient-1-2] DEBUG org.asynchttpclient.netty.channel.ChannelManager - Adding key: http://localhost:43178 for channel [id: 0xfd765c97, L:/127.0.0.1:64916 - R:localhost/127.0.0.1:43178]
22:22:46.092 [AsyncHttpClient-1-3] DEBUG org.asynchttpclient.netty.channel.NettyConnectListener - Using new Channel '[id: 0x2e89c492, L:/127.0.0.1:64924 - R:localhost/127.0.0.1:64917]' for 'GET' to '/json/version'
22:22:46.097 [AsyncHttpClient-1-3] DEBUG org.asynchttpclient.netty.handler.HttpHandler - 

Request DefaultFullHttpRequest(decodeResult: success, version: HTTP/1.1, content: EmptyByteBufBE)
GET /json/version HTTP/1.1
User-Agent: selenium/4.9.0 (java windows)
host: localhost:64917
accept: */*

Response DefaultHttpResponse(decodeResult: success, version: HTTP/1.1)
HTTP/1.1 200 OK
Content-Security-Policy: frame-ancestors 'none'
Content-Length: 424
Content-Type: application/json; charset=UTF-8

22:22:46.097 [AsyncHttpClient-1-3] DEBUG org.asynchttpclient.netty.channel.ChannelManager - Adding key: http://localhost:64917 for channel [id: 0x2e89c492, L:/127.0.0.1:64924 - R:localhost/127.0.0.1:64917]
22:22:46.101 [main] DEBUG io.netty.util.internal.ThreadLocalRandom - -Dio.netty.initialSeedUniquifier: 0x325d801cae5ddfa3
22:22:46.107 [AsyncHttpClient-1-4] DEBUG org.asynchttpclient.netty.channel.NettyConnectListener - Using new Channel '[id: 0x51267c4f, L:/127.0.0.1:64925 - R:localhost/127.0.0.1:64917]' for 'GET' to '/devtools/browser/ac3ee0dc-643c-4e88-9794-e35b67019ef6'
22:22:46.111 [AsyncHttpClient-1-4] DEBUG org.asynchttpclient.netty.handler.WebSocketHandler - 

Request DefaultFullHttpRequest(decodeResult: success, version: HTTP/1.1, content: EmptyByteBufBE)
GET /devtools/browser/ac3ee0dc-643c-4e88-9794-e35b67019ef6 HTTP/1.1
upgrade: websocket
connection: upgrade
sec-websocket-key: mePN1pKO0M3pC6WZHedtNA==
sec-websocket-version: 13
origin: http://localhost:64917
host: localhost:64917
accept: */*
user-agent: AHC/2.1

Response DefaultHttpResponse(decodeResult: success, version: HTTP/1.1)
HTTP/1.1 101 WebSocket Protocol Handshake
Upgrade: WebSocket
Connection: Upgrade
Sec-WebSocket-Accept: DUFqunZIEDPPLLLeFvz0Yr8BZsQ=

22:22:46.137 [Forwarding get on session 5ed1549e9d639bdde864242a078ac06d to remote] DEBUG org.asynchttpclient.netty.request.NettyRequestSender - Using pooled Channel '[id: 0xfd765c97, L:/127.0.0.1:64916 - R:localhost/127.0.0.1:43178]' for 'POST' to 'http://localhost:43178/session/5ed1549e9d639bdde864242a078ac06d/url'
22:22:46.137 [Forwarding get on session 5ed1549e9d639bdde864242a078ac06d to remote] DEBUG org.asynchttpclient.netty.request.NettyRequestSender - Using open Channel [id: 0xfd765c97, L:/127.0.0.1:64916 - R:localhost/127.0.0.1:43178] for POST '/session/5ed1549e9d639bdde864242a078ac06d/url'
22:22:46.284 [AsyncHttpClient-1-1] DEBUG org.asynchttpclient.netty.channel.DefaultChannelPool - Entry count for : http://localhost:64917 : 1
22:22:47.390 [AsyncHttpClient-1-1] DEBUG org.asynchttpclient.netty.channel.DefaultChannelPool - Entry count for : http://localhost:64917 : 1
22:22:48.308 [AsyncHttpClient-1-2] DEBUG org.asynchttpclient.netty.handler.HttpHandler - 

Request DefaultHttpRequest(decodeResult: success, version: HTTP/1.1)
POST /session/5ed1549e9d639bdde864242a078ac06d/url HTTP/1.1
User-Agent: selenium/4.9.0 (java windows)
Content-Length: 71
Content-Type: application/json; charset=utf-8
host: localhost:43178
accept: */*

Response DefaultHttpResponse(decodeResult: success, version: HTTP/1.1)
HTTP/1.1 200 OK
Content-Length: 14
Content-Type: application/json; charset=utf-8
cache-control: no-cache

22:22:48.308 [AsyncHttpClient-1-2] DEBUG org.asynchttpclient.netty.channel.ChannelManager - Adding key: http://localhost:43178 for channel [id: 0xfd765c97, L:/127.0.0.1:64916 - R:localhost/127.0.0.1:43178]
22:22:48.314 [Forwarding maximizeCurrentWindow on session 5ed1549e9d639bdde864242a078ac06d to remote] DEBUG org.asynchttpclient.netty.request.NettyRequestSender - Using pooled Channel '[id: 0xfd765c97, L:/127.0.0.1:64916 - R:localhost/127.0.0.1:43178]' for 'POST' to 'http://localhost:43178/session/5ed1549e9d639bdde864242a078ac06d/window/maximize'
22:22:48.314 [Forwarding maximizeCurrentWindow on session 5ed1549e9d639bdde864242a078ac06d to remote] DEBUG org.asynchttpclient.netty.request.NettyRequestSender - Using open Channel [id: 0xfd765c97, L:/127.0.0.1:64916 - R:localhost/127.0.0.1:43178] for POST '/session/5ed1549e9d639bdde864242a078ac06d/window/maximize'
22:22:48.345 [AsyncHttpClient-1-2] DEBUG org.asynchttpclient.netty.handler.HttpHandler - 

Request DefaultHttpRequest(decodeResult: success, version: HTTP/1.1)
POST /session/5ed1549e9d639bdde864242a078ac06d/window/maximize HTTP/1.1
User-Agent: selenium/4.9.0 (java windows)
Content-Length: 3
Content-Type: application/json; charset=utf-8
host: localhost:43178
accept: */*

Response DefaultHttpResponse(decodeResult: success, version: HTTP/1.1)
HTTP/1.1 200 OK
Content-Length: 51
Content-Type: application/json; charset=utf-8
cache-control: no-cache

22:22:48.345 [AsyncHttpClient-1-2] DEBUG org.asynchttpclient.netty.channel.ChannelManager - Adding key: http://localhost:43178 for channel [id: 0xfd765c97, L:/127.0.0.1:64916 - R:localhost/127.0.0.1:43178]
22:22:48.356 [main] INFO  stepDefinitions.StepDefinitions - Application launched successfully with url: http://webdriveruniversity.com/index.html
  Given I launch the application "http://webdriveruniversity.com/index.html"                  # stepDefinitions.StepDefinitions.launchApplication(java.lang.String)
22:22:48.372 [Forwarding findElement on session 5ed1549e9d639bdde864242a078ac06d to remote] DEBUG org.asynchttpclient.netty.request.NettyRequestSender - Using pooled Channel '[id: 0xfd765c97, L:/127.0.0.1:64916 - R:localhost/127.0.0.1:43178]' for 'POST' to 'http://localhost:43178/session/5ed1549e9d639bdde864242a078ac06d/element'
22:22:48.372 [Forwarding findElement on session 5ed1549e9d639bdde864242a078ac06d to remote] DEBUG org.asynchttpclient.netty.request.NettyRequestSender - Using open Channel [id: 0xfd765c97, L:/127.0.0.1:64916 - R:localhost/127.0.0.1:43178] for POST '/session/5ed1549e9d639bdde864242a078ac06d/element'
22:22:48.388 [AsyncHttpClient-1-2] DEBUG org.asynchttpclient.netty.handler.HttpHandler - 

Request DefaultHttpRequest(decodeResult: success, version: HTTP/1.1)
POST /session/5ed1549e9d639bdde864242a078ac06d/element HTTP/1.1
User-Agent: selenium/4.9.0 (java windows)
Content-Length: 67
Content-Type: application/json; charset=utf-8
host: localhost:43178
accept: */*

Response DefaultHttpResponse(decodeResult: success, version: HTTP/1.1)
HTTP/1.1 200 OK
Content-Length: 126
Content-Type: application/json; charset=utf-8
cache-control: no-cache

22:22:48.388 [AsyncHttpClient-1-2] DEBUG org.asynchttpclient.netty.channel.ChannelManager - Adding key: http://localhost:43178 for channel [id: 0xfd765c97, L:/127.0.0.1:64916 - R:localhost/127.0.0.1:43178]
22:22:48.399 [Forwarding isElementDisplayed on session 5ed1549e9d639bdde864242a078ac06d to remote] DEBUG org.asynchttpclient.netty.request.NettyRequestSender - Using pooled Channel '[id: 0xfd765c97, L:/127.0.0.1:64916 - R:localhost/127.0.0.1:43178]' for 'POST' to 'http://localhost:43178/session/5ed1549e9d639bdde864242a078ac06d/execute/sync'
22:22:48.399 [Forwarding isElementDisplayed on session 5ed1549e9d639bdde864242a078ac06d to remote] DEBUG org.asynchttpclient.netty.request.NettyRequestSender - Using open Channel [id: 0xfd765c97, L:/127.0.0.1:64916 - R:localhost/127.0.0.1:43178] for POST '/session/5ed1549e9d639bdde864242a078ac06d/execute/sync'
22:22:48.412 [AsyncHttpClient-1-2] DEBUG org.asynchttpclient.netty.handler.HttpHandler - 

Request DefaultHttpRequest(decodeResult: success, version: HTTP/1.1)
POST /session/5ed1549e9d639bdde864242a078ac06d/execute/sync HTTP/1.1
User-Agent: selenium/4.9.0 (java windows)
Content-Length: 48845
Content-Type: application/json; charset=utf-8
host: localhost:43178
accept: */*

Response DefaultHttpResponse(decodeResult: success, version: HTTP/1.1)
HTTP/1.1 200 OK
Content-Length: 14
Content-Type: application/json; charset=utf-8
cache-control: no-cache

22:22:48.412 [AsyncHttpClient-1-2] DEBUG org.asynchttpclient.netty.channel.ChannelManager - Adding key: http://localhost:43178 for channel [id: 0xfd765c97, L:/127.0.0.1:64916 - R:localhost/127.0.0.1:43178]
22:22:48.418 [Forwarding getElementText on session 5ed1549e9d639bdde864242a078ac06d to remote] DEBUG org.asynchttpclient.netty.request.NettyRequestSender - Using pooled Channel '[id: 0xfd765c97, L:/127.0.0.1:64916 - R:localhost/127.0.0.1:43178]' for 'GET' to 'http://localhost:43178/session/5ed1549e9d639bdde864242a078ac06d/element/f.1113CBA1CE360F27313C736E6707E9F0.d.ABB0DFF5CDA504928D240A5248EE2E52.e.49/text'
22:22:48.418 [Forwarding getElementText on session 5ed1549e9d639bdde864242a078ac06d to remote] DEBUG org.asynchttpclient.netty.request.NettyRequestSender - Using open Channel [id: 0xfd765c97, L:/127.0.0.1:64916 - R:localhost/127.0.0.1:43178] for GET '/session/5ed1549e9d639bdde864242a078ac06d/element/f.1113CBA1CE360F27313C736E6707E9F0.d.ABB0DFF5CDA504928D240A5248EE2E52.e.49/text'
22:22:48.430 [AsyncHttpClient-1-2] DEBUG org.asynchttpclient.netty.handler.HttpHandler - 

Request DefaultFullHttpRequest(decodeResult: success, version: HTTP/1.1, content: EmptyByteBufBE)
GET /session/5ed1549e9d639bdde864242a078ac06d/element/f.1113CBA1CE360F27313C736E6707E9F0.d.ABB0DFF5CDA504928D240A5248EE2E52.e.49/text HTTP/1.1
User-Agent: selenium/4.9.0 (java windows)
Cache-Control: no-cache
Content-Type: application/json; charset=utf-8
host: localhost:43178
accept: */*

Response DefaultHttpResponse(decodeResult: success, version: HTTP/1.1)
HTTP/1.1 200 OK
Content-Length: 62
Content-Type: application/json; charset=utf-8
cache-control: no-cache

22:22:48.430 [AsyncHttpClient-1-2] DEBUG org.asynchttpclient.netty.channel.ChannelManager - Adding key: http://localhost:43178 for channel [id: 0xfd765c97, L:/127.0.0.1:64916 - R:localhost/127.0.0.1:43178]
22:22:48.432 [main] INFO  stepDefinitions.StepDefinitions - Page title verified successfully. Expected: WebdriverUniversity.com (New Approach To Learning), Actual: WebdriverUniversity.com (New Approach To Learning)
  Then I verify the title of the page is "WebdriverUniversity.com (New Approach To Learning)" # stepDefinitions.StepDefinitions.verifyPageTitle(java.lang.String)
22:22:48.436 [Driver Command Executor] DEBUG org.asynchttpclient.netty.request.NettyRequestSender - Using pooled Channel '[id: 0xfd765c97, L:/127.0.0.1:64916 - R:localhost/127.0.0.1:43178]' for 'DELETE' to 'http://localhost:43178/session/5ed1549e9d639bdde864242a078ac06d'
22:22:48.436 [Driver Command Executor] DEBUG org.asynchttpclient.netty.request.NettyRequestSender - Using open Channel [id: 0xfd765c97, L:/127.0.0.1:64916 - R:localhost/127.0.0.1:43178] for DELETE '/session/5ed1549e9d639bdde864242a078ac06d'
22:22:48.438 [AsyncHttpClient-1-4] DEBUG org.asynchttpclient.netty.handler.WebSocketHandler - Channel Closed: [id: 0x51267c4f, L:/127.0.0.1:64925 ! R:localhost/127.0.0.1:64917] with attribute DISCARD
22:22:48.467 [AsyncHttpClient-1-3] DEBUG org.asynchttpclient.netty.handler.HttpHandler - Unexpected I/O exception on channel [id: 0x2e89c492, L:/127.0.0.1:64924 - R:localhost/127.0.0.1:64917]
java.net.SocketException: Connection reset
	at java.base/sun.nio.ch.SocketChannelImpl.throwConnectionReset(SocketChannelImpl.java:401)
	at java.base/sun.nio.ch.SocketChannelImpl.read(SocketChannelImpl.java:434)
	at io.netty.buffer.PooledByteBuf.setBytes(PooledByteBuf.java:256)
	at io.netty.buffer.AbstractByteBuf.writeBytes(AbstractByteBuf.java:1132)
	at io.netty.channel.socket.nio.NioSocketChannel.doReadBytes(NioSocketChannel.java:357)
	at io.netty.channel.nio.AbstractNioByteChannel$NioByteUnsafe.read(AbstractNioByteChannel.java:151)
	at io.netty.channel.nio.NioEventLoop.processSelectedKey(NioEventLoop.java:788)
	at io.netty.channel.nio.NioEventLoop.processSelectedKeysOptimized(NioEventLoop.java:724)
	at io.netty.channel.nio.NioEventLoop.processSelectedKeys(NioEventLoop.java:650)
	at io.netty.channel.nio.NioEventLoop.run(NioEventLoop.java:562)
	at io.netty.util.concurrent.SingleThreadEventExecutor$4.run(SingleThreadEventExecutor.java:997)
	at io.netty.util.internal.ThreadExecutorMap$2.run(ThreadExecutorMap.java:74)
	at io.netty.util.concurrent.FastThreadLocalRunnable.run(FastThreadLocalRunnable.java:30)
	at java.base/java.lang.Thread.run(Thread.java:1583)
22:22:48.467 [AsyncHttpClient-1-3] DEBUG org.asynchttpclient.netty.channel.ChannelManager - Closing Channel [id: 0x2e89c492, L:/127.0.0.1:64924 - R:localhost/127.0.0.1:64917] 
22:22:48.469 [AsyncHttpClient-1-3] DEBUG org.asynchttpclient.netty.handler.HttpHandler - Channel Closed: [id: 0x2e89c492, L:/127.0.0.1:64924 ! R:localhost/127.0.0.1:64917] with attribute DISCARD
22:22:48.484 [AsyncHttpClient-1-1] DEBUG org.asynchttpclient.netty.channel.DefaultChannelPool - Entry count for : http://localhost:64917 : 1
22:22:48.484 [AsyncHttpClient-1-1] DEBUG org.asynchttpclient.netty.channel.DefaultChannelPool - Adding Candidate expired Channel [id: 0x2e89c492, L:/127.0.0.1:64924 ! R:localhost/127.0.0.1:64917] isIdleTimeoutExpired=false isRemotelyClosed=true isTtlExpired=false
22:22:48.484 [AsyncHttpClient-1-1] DEBUG org.asynchttpclient.netty.channel.DefaultChannelPool - Closing Idle Channel [id: 0x2e89c492, L:/127.0.0.1:64924 ! R:localhost/127.0.0.1:64917]
22:22:48.485 [AsyncHttpClient-1-1] DEBUG org.asynchttpclient.netty.channel.DefaultChannelPool - Closed 1 connections out of 1 in 1 ms
22:22:48.486 [AsyncHttpClient-1-2] DEBUG org.asynchttpclient.netty.handler.HttpHandler - 

Request DefaultFullHttpRequest(decodeResult: success, version: HTTP/1.1, content: EmptyByteBufBE)
DELETE /session/5ed1549e9d639bdde864242a078ac06d HTTP/1.1
User-Agent: selenium/4.9.0 (java windows)
Content-Type: application/json; charset=utf-8
host: localhost:43178
accept: */*

Response DefaultHttpResponse(decodeResult: success, version: HTTP/1.1)
HTTP/1.1 200 OK
Content-Length: 14
Content-Type: application/json; charset=utf-8
cache-control: no-cache

22:22:48.487 [AsyncHttpClient-1-2] DEBUG org.asynchttpclient.netty.channel.ChannelManager - Adding key: http://localhost:43178 for channel [id: 0xfd765c97, L:/127.0.0.1:64916 - R:localhost/127.0.0.1:43178]
22:22:48.542 [AsyncHttpClient-1-2] DEBUG org.asynchttpclient.netty.handler.HttpHandler - Channel Closed: [id: 0xfd765c97, L:/127.0.0.1:64916 ! R:localhost/127.0.0.1:43178] with attribute DISCARD
Browser closed successfully.
]]></system-out>
    <system-err><![CDATA[SLF4J: Class path contains multiple SLF4J bindings.
SLF4J: Found binding in [jar:file:/C:/Users/Sahasra%20Reddy/.m2/repository/ch/qos/logback/logback-classic/1.2.11/logback-classic-1.2.11.jar!/org/slf4j/impl/StaticLoggerBinder.class]
SLF4J: Found binding in [jar:file:/C:/Users/Sahasra%20Reddy/.m2/repository/org/apache/logging/log4j/log4j-slf4j-impl/2.20.0/log4j-slf4j-impl-2.20.0.jar!/org/slf4j/impl/StaticLoggerBinder.class]
SLF4J: See http://www.slf4j.org/codes.html#multiple_bindings for an explanation.
SLF4J: Actual binding is of type [ch.qos.logback.classic.util.ContextSelectorStaticBinder]
Starting ChromeDriver 136.0.7103.94 (fa0be0b33debeb378a8e6ad9c599be34e2dc3b37-refs/branch-heads/7103@{#1842}) on port 43178
Only local connections are allowed.
Please see https://chromedriver.chromium.org/security-considerations for suggestions on keeping ChromeDriver safe.
ChromeDriver was started successfully on port 43178.
May 15, 2025 10:22:46 PM org.openqa.selenium.devtools.CdpVersionFinder findNearestMatch
WARNING: Unable to find CDP implementation matching 136
May 15, 2025 10:22:46 PM org.openqa.selenium.chromium.ChromiumDriver lambda$new$3
WARNING: Unable to find version of CDP to use for . You may need to include a dependency on a specific version of the CDP using something similar to `org.seleniumhq.selenium:selenium-devtools-v86:4.9.0` where the version ("v86") matches the version of the chromium-based browser you're using and the version number of the artifact is the same as Selenium's.
]]></system-err>
  </testcase>
  <testcase name="runScenario[&quot;When clicked on IFRAME link verify I switched to new tab&quot;, &quot;Verify Page Title and Image Carousel&quot;](2)" classname="runners.TestRunner" time="4.53">
    <system-out><![CDATA[
Scenario: When clicked on IFRAME link verify I switched to new tab           # src/test/resources/features/VerifyPageTitle.feature:12
22:22:48.560 [main] DEBUG io.github.bonigarcia.wdm.WebDriverManager - Using WebDriverManager 5.5.3
22:22:48.579 [main] DEBUG io.github.bonigarcia.wdm.cache.ResolutionCache - Resolution chrome=136 in cache (valid until 22:41:22 15/05/2025 IST)
22:22:48.579 [main] DEBUG io.github.bonigarcia.wdm.cache.ResolutionCache - Resolution chrome136=136.0.7103.94 in cache (valid until 16:55:21 16/05/2025 IST)
22:22:48.579 [main] INFO io.github.bonigarcia.wdm.WebDriverManager - Using chromedriver 136.0.7103.94 (resolved driver for Chrome 136)
22:22:48.583 [main] DEBUG io.github.bonigarcia.wdm.WebDriverManager - Driver chromedriver 136.0.7103.94 found in cache
22:22:48.584 [main] INFO io.github.bonigarcia.wdm.WebDriverManager - Exporting webdriver.chrome.driver as C:\Users\Sahasra Reddy\.cache\selenium\chromedriver\win64\136.0.7103.94\chromedriver.exe
22:22:48.647 [AsyncHttpClient-1-5] DEBUG org.asynchttpclient.netty.channel.NettyConnectListener - Using new Channel '[id: 0x01217189, L:/127.0.0.1:64938 - R:localhost/127.0.0.1:5313]' for 'POST' to '/session'
22:22:49.183 [AsyncHttpClient-1-5] DEBUG org.asynchttpclient.netty.handler.HttpHandler - 

Request DefaultHttpRequest(decodeResult: success, version: HTTP/1.1)
POST /session HTTP/1.1
User-Agent: selenium/4.9.0 (java windows)
Content-Length: 254
Content-Type: application/json; charset=utf-8
host: localhost:5313
accept: */*

Response DefaultHttpResponse(decodeResult: success, version: HTTP/1.1)
HTTP/1.1 200 OK
Content-Length: 885
Content-Type: application/json; charset=utf-8
cache-control: no-cache

22:22:49.183 [AsyncHttpClient-1-5] DEBUG org.asynchttpclient.netty.channel.ChannelManager - Adding key: http://localhost:5313 for channel [id: 0x01217189, L:/127.0.0.1:64938 - R:localhost/127.0.0.1:5313]
22:22:49.192 [AsyncHttpClient-1-6] DEBUG org.asynchttpclient.netty.channel.NettyConnectListener - Using new Channel '[id: 0xace82c12, L:/127.0.0.1:64953 - R:localhost/127.0.0.1:64942]' for 'GET' to '/json/version'
22:22:49.198 [AsyncHttpClient-1-6] DEBUG org.asynchttpclient.netty.handler.HttpHandler - 

Request DefaultFullHttpRequest(decodeResult: success, version: HTTP/1.1, content: EmptyByteBufBE)
GET /json/version HTTP/1.1
User-Agent: selenium/4.9.0 (java windows)
host: localhost:64942
accept: */*

Response DefaultHttpResponse(decodeResult: success, version: HTTP/1.1)
HTTP/1.1 200 OK
Content-Security-Policy: frame-ancestors 'none'
Content-Length: 424
Content-Type: application/json; charset=UTF-8

22:22:49.198 [AsyncHttpClient-1-6] DEBUG org.asynchttpclient.netty.channel.ChannelManager - Adding key: http://localhost:64942 for channel [id: 0xace82c12, L:/127.0.0.1:64953 - R:localhost/127.0.0.1:64942]
22:22:49.198 [AsyncHttpClient-1-7] DEBUG org.asynchttpclient.netty.channel.NettyConnectListener - Using new Channel '[id: 0xc3ba5f52, L:/127.0.0.1:64954 - R:localhost/127.0.0.1:64942]' for 'GET' to '/devtools/browser/ebd2ec29-c1f2-4545-aaf9-0ab5585199e4'
22:22:49.198 [AsyncHttpClient-1-7] DEBUG org.asynchttpclient.netty.handler.WebSocketHandler - 

Request DefaultFullHttpRequest(decodeResult: success, version: HTTP/1.1, content: EmptyByteBufBE)
GET /devtools/browser/ebd2ec29-c1f2-4545-aaf9-0ab5585199e4 HTTP/1.1
upgrade: websocket
connection: upgrade
sec-websocket-key: jn+YD6k28y/Ms+wV2wN4sQ==
sec-websocket-version: 13
origin: http://localhost:64942
host: localhost:64942
accept: */*
user-agent: AHC/2.1

Response DefaultHttpResponse(decodeResult: success, version: HTTP/1.1)
HTTP/1.1 101 WebSocket Protocol Handshake
Upgrade: WebSocket
Connection: Upgrade
Sec-WebSocket-Accept: xYQDufRdK4NJHNh61sP8jgzuHpM=

22:22:49.210 [Forwarding get on session 5c8edaa5ab923fe69de5ce4a76e594c5 to remote] DEBUG org.asynchttpclient.netty.request.NettyRequestSender - Using pooled Channel '[id: 0x01217189, L:/127.0.0.1:64938 - R:localhost/127.0.0.1:5313]' for 'POST' to 'http://localhost:5313/session/5c8edaa5ab923fe69de5ce4a76e594c5/url'
22:22:49.210 [Forwarding get on session 5c8edaa5ab923fe69de5ce4a76e594c5 to remote] DEBUG org.asynchttpclient.netty.request.NettyRequestSender - Using open Channel [id: 0x01217189, L:/127.0.0.1:64938 - R:localhost/127.0.0.1:5313] for POST '/session/5c8edaa5ab923fe69de5ce4a76e594c5/url'
22:22:49.591 [AsyncHttpClient-1-1] DEBUG org.asynchttpclient.netty.channel.DefaultChannelPool - Entry count for : http://localhost:64942 : 1
22:22:49.591 [AsyncHttpClient-1-1] DEBUG org.asynchttpclient.netty.channel.DefaultChannelPool - Entry count for : http://localhost:43178 : 1
22:22:49.592 [AsyncHttpClient-1-1] DEBUG org.asynchttpclient.netty.channel.DefaultChannelPool - Adding Candidate expired Channel [id: 0xfd765c97, L:/127.0.0.1:64916 ! R:localhost/127.0.0.1:43178] isIdleTimeoutExpired=false isRemotelyClosed=true isTtlExpired=false
22:22:49.593 [AsyncHttpClient-1-1] DEBUG org.asynchttpclient.netty.channel.DefaultChannelPool - Closing Idle Channel [id: 0xfd765c97, L:/127.0.0.1:64916 ! R:localhost/127.0.0.1:43178]
22:22:49.595 [AsyncHttpClient-1-1] DEBUG org.asynchttpclient.netty.channel.DefaultChannelPool - Closed 1 connections out of 2 in 2 ms
22:22:50.692 [AsyncHttpClient-1-1] DEBUG org.asynchttpclient.netty.channel.DefaultChannelPool - Entry count for : http://localhost:64942 : 1
22:22:51.253 [AsyncHttpClient-1-5] DEBUG org.asynchttpclient.netty.handler.HttpHandler - 

Request DefaultHttpRequest(decodeResult: success, version: HTTP/1.1)
POST /session/5c8edaa5ab923fe69de5ce4a76e594c5/url HTTP/1.1
User-Agent: selenium/4.9.0 (java windows)
Content-Length: 71
Content-Type: application/json; charset=utf-8
host: localhost:5313
accept: */*

Response DefaultHttpResponse(decodeResult: success, version: HTTP/1.1)
HTTP/1.1 200 OK
Content-Length: 14
Content-Type: application/json; charset=utf-8
cache-control: no-cache

22:22:51.253 [AsyncHttpClient-1-5] DEBUG org.asynchttpclient.netty.channel.ChannelManager - Adding key: http://localhost:5313 for channel [id: 0x01217189, L:/127.0.0.1:64938 - R:localhost/127.0.0.1:5313]
22:22:51.253 [Forwarding maximizeCurrentWindow on session 5c8edaa5ab923fe69de5ce4a76e594c5 to remote] DEBUG org.asynchttpclient.netty.request.NettyRequestSender - Using pooled Channel '[id: 0x01217189, L:/127.0.0.1:64938 - R:localhost/127.0.0.1:5313]' for 'POST' to 'http://localhost:5313/session/5c8edaa5ab923fe69de5ce4a76e594c5/window/maximize'
22:22:51.253 [Forwarding maximizeCurrentWindow on session 5c8edaa5ab923fe69de5ce4a76e594c5 to remote] DEBUG org.asynchttpclient.netty.request.NettyRequestSender - Using open Channel [id: 0x01217189, L:/127.0.0.1:64938 - R:localhost/127.0.0.1:5313] for POST '/session/5c8edaa5ab923fe69de5ce4a76e594c5/window/maximize'
22:22:51.280 [AsyncHttpClient-1-5] DEBUG org.asynchttpclient.netty.handler.HttpHandler - 

Request DefaultHttpRequest(decodeResult: success, version: HTTP/1.1)
POST /session/5c8edaa5ab923fe69de5ce4a76e594c5/window/maximize HTTP/1.1
User-Agent: selenium/4.9.0 (java windows)
Content-Length: 3
Content-Type: application/json; charset=utf-8
host: localhost:5313
accept: */*

Response DefaultHttpResponse(decodeResult: success, version: HTTP/1.1)
HTTP/1.1 200 OK
Content-Length: 51
Content-Type: application/json; charset=utf-8
cache-control: no-cache

22:22:51.281 [AsyncHttpClient-1-5] DEBUG org.asynchttpclient.netty.channel.ChannelManager - Adding key: http://localhost:5313 for channel [id: 0x01217189, L:/127.0.0.1:64938 - R:localhost/127.0.0.1:5313]
22:22:51.282 [main] INFO  stepDefinitions.StepDefinitions - Application launched successfully with url: http://webdriveruniversity.com/index.html
  Given I launch the application "http://webdriveruniversity.com/index.html" # stepDefinitions.StepDefinitions.launchApplication(java.lang.String)
22:22:51.285 [Forwarding findElement on session 5c8edaa5ab923fe69de5ce4a76e594c5 to remote] DEBUG org.asynchttpclient.netty.request.NettyRequestSender - Using pooled Channel '[id: 0x01217189, L:/127.0.0.1:64938 - R:localhost/127.0.0.1:5313]' for 'POST' to 'http://localhost:5313/session/5c8edaa5ab923fe69de5ce4a76e594c5/element'
22:22:51.285 [Forwarding findElement on session 5c8edaa5ab923fe69de5ce4a76e594c5 to remote] DEBUG org.asynchttpclient.netty.request.NettyRequestSender - Using open Channel [id: 0x01217189, L:/127.0.0.1:64938 - R:localhost/127.0.0.1:5313] for POST '/session/5c8edaa5ab923fe69de5ce4a76e594c5/element'
22:22:51.300 [AsyncHttpClient-1-5] DEBUG org.asynchttpclient.netty.handler.HttpHandler - 

Request DefaultHttpRequest(decodeResult: success, version: HTTP/1.1)
POST /session/5c8edaa5ab923fe69de5ce4a76e594c5/element HTTP/1.1
User-Agent: selenium/4.9.0 (java windows)
Content-Length: 64
Content-Type: application/json; charset=utf-8
host: localhost:5313
accept: */*

Response DefaultHttpResponse(decodeResult: success, version: HTTP/1.1)
HTTP/1.1 200 OK
Content-Length: 126
Content-Type: application/json; charset=utf-8
cache-control: no-cache

22:22:51.301 [AsyncHttpClient-1-5] DEBUG org.asynchttpclient.netty.channel.ChannelManager - Adding key: http://localhost:5313 for channel [id: 0x01217189, L:/127.0.0.1:64938 - R:localhost/127.0.0.1:5313]
22:22:51.302 [Forwarding executeScript on session 5c8edaa5ab923fe69de5ce4a76e594c5 to remote] DEBUG org.asynchttpclient.netty.request.NettyRequestSender - Using pooled Channel '[id: 0x01217189, L:/127.0.0.1:64938 - R:localhost/127.0.0.1:5313]' for 'POST' to 'http://localhost:5313/session/5c8edaa5ab923fe69de5ce4a76e594c5/execute/sync'
22:22:51.302 [Forwarding executeScript on session 5c8edaa5ab923fe69de5ce4a76e594c5 to remote] DEBUG org.asynchttpclient.netty.request.NettyRequestSender - Using open Channel [id: 0x01217189, L:/127.0.0.1:64938 - R:localhost/127.0.0.1:5313] for POST '/session/5c8edaa5ab923fe69de5ce4a76e594c5/execute/sync'
22:22:51.306 [AsyncHttpClient-1-5] DEBUG org.asynchttpclient.netty.handler.HttpHandler - 

Request DefaultHttpRequest(decodeResult: success, version: HTTP/1.1)
POST /session/5c8edaa5ab923fe69de5ce4a76e594c5/execute/sync HTTP/1.1
User-Agent: selenium/4.9.0 (java windows)
Content-Length: 203
Content-Type: application/json; charset=utf-8
host: localhost:5313
accept: */*

Response DefaultHttpResponse(decodeResult: success, version: HTTP/1.1)
HTTP/1.1 200 OK
Content-Length: 14
Content-Type: application/json; charset=utf-8
cache-control: no-cache

22:22:51.306 [AsyncHttpClient-1-5] DEBUG org.asynchttpclient.netty.channel.ChannelManager - Adding key: http://localhost:5313 for channel [id: 0x01217189, L:/127.0.0.1:64938 - R:localhost/127.0.0.1:5313]
22:22:51.309 [Forwarding clickElement on session 5c8edaa5ab923fe69de5ce4a76e594c5 to remote] DEBUG org.asynchttpclient.netty.request.NettyRequestSender - Using pooled Channel '[id: 0x01217189, L:/127.0.0.1:64938 - R:localhost/127.0.0.1:5313]' for 'POST' to 'http://localhost:5313/session/5c8edaa5ab923fe69de5ce4a76e594c5/element/f.8DE926ADB35E38ED487B7E473EB1E731.d.EF7BEBB1AA322018961473E5403CDA3D.e.50/click'
22:22:51.309 [Forwarding clickElement on session 5c8edaa5ab923fe69de5ce4a76e594c5 to remote] DEBUG org.asynchttpclient.netty.request.NettyRequestSender - Using open Channel [id: 0x01217189, L:/127.0.0.1:64938 - R:localhost/127.0.0.1:5313] for POST '/session/5c8edaa5ab923fe69de5ce4a76e594c5/element/f.8DE926ADB35E38ED487B7E473EB1E731.d.EF7BEBB1AA322018961473E5403CDA3D.e.50/click'
22:22:51.415 [AsyncHttpClient-1-5] DEBUG org.asynchttpclient.netty.handler.HttpHandler - 

Request DefaultHttpRequest(decodeResult: success, version: HTTP/1.1)
POST /session/5c8edaa5ab923fe69de5ce4a76e594c5/element/f.8DE926ADB35E38ED487B7E473EB1E731.d.EF7BEBB1AA322018961473E5403CDA3D.e.50/click HTTP/1.1
User-Agent: selenium/4.9.0 (java windows)
Content-Length: 88
Content-Type: application/json; charset=utf-8
host: localhost:5313
accept: */*

Response DefaultHttpResponse(decodeResult: success, version: HTTP/1.1)
HTTP/1.1 200 OK
Content-Length: 14
Content-Type: application/json; charset=utf-8
cache-control: no-cache

22:22:51.415 [AsyncHttpClient-1-5] DEBUG org.asynchttpclient.netty.channel.ChannelManager - Adding key: http://localhost:5313 for channel [id: 0x01217189, L:/127.0.0.1:64938 - R:localhost/127.0.0.1:5313]
22:22:51.417 [main] INFO  stepDefinitions.StepDefinitions - Clicked on the link: IFRAME
  When I click on the "IFRAME" link                                          # stepDefinitions.StepDefinitions.clickLink(java.lang.String)
22:22:51.418 [Forwarding getWindowHandles on session 5c8edaa5ab923fe69de5ce4a76e594c5 to remote] DEBUG org.asynchttpclient.netty.request.NettyRequestSender - Using pooled Channel '[id: 0x01217189, L:/127.0.0.1:64938 - R:localhost/127.0.0.1:5313]' for 'GET' to 'http://localhost:5313/session/5c8edaa5ab923fe69de5ce4a76e594c5/window/handles'
22:22:51.418 [Forwarding getWindowHandles on session 5c8edaa5ab923fe69de5ce4a76e594c5 to remote] DEBUG org.asynchttpclient.netty.request.NettyRequestSender - Using open Channel [id: 0x01217189, L:/127.0.0.1:64938 - R:localhost/127.0.0.1:5313] for GET '/session/5c8edaa5ab923fe69de5ce4a76e594c5/window/handles'
22:22:51.429 [AsyncHttpClient-1-5] DEBUG org.asynchttpclient.netty.handler.HttpHandler - 

Request DefaultFullHttpRequest(decodeResult: success, version: HTTP/1.1, content: EmptyByteBufBE)
GET /session/5c8edaa5ab923fe69de5ce4a76e594c5/window/handles HTTP/1.1
User-Agent: selenium/4.9.0 (java windows)
Cache-Control: no-cache
Content-Type: application/json; charset=utf-8
host: localhost:5313
accept: */*

Response DefaultHttpResponse(decodeResult: success, version: HTTP/1.1)
HTTP/1.1 200 OK
Content-Length: 81
Content-Type: application/json; charset=utf-8
cache-control: no-cache

22:22:51.429 [AsyncHttpClient-1-5] DEBUG org.asynchttpclient.netty.channel.ChannelManager - Adding key: http://localhost:5313 for channel [id: 0x01217189, L:/127.0.0.1:64938 - R:localhost/127.0.0.1:5313]
22:22:51.429 [Forwarding switchToWindow on session 5c8edaa5ab923fe69de5ce4a76e594c5 to remote] DEBUG org.asynchttpclient.netty.request.NettyRequestSender - Using pooled Channel '[id: 0x01217189, L:/127.0.0.1:64938 - R:localhost/127.0.0.1:5313]' for 'POST' to 'http://localhost:5313/session/5c8edaa5ab923fe69de5ce4a76e594c5/window'
22:22:51.429 [Forwarding switchToWindow on session 5c8edaa5ab923fe69de5ce4a76e594c5 to remote] DEBUG org.asynchttpclient.netty.request.NettyRequestSender - Using open Channel [id: 0x01217189, L:/127.0.0.1:64938 - R:localhost/127.0.0.1:5313] for POST '/session/5c8edaa5ab923fe69de5ce4a76e594c5/window'
22:22:51.449 [AsyncHttpClient-1-5] DEBUG org.asynchttpclient.netty.handler.HttpHandler - 

Request DefaultHttpRequest(decodeResult: success, version: HTTP/1.1)
POST /session/5c8edaa5ab923fe69de5ce4a76e594c5/window HTTP/1.1
User-Agent: selenium/4.9.0 (java windows)
Content-Length: 50
Content-Type: application/json; charset=utf-8
host: localhost:5313
accept: */*

Response DefaultHttpResponse(decodeResult: success, version: HTTP/1.1)
HTTP/1.1 200 OK
Content-Length: 14
Content-Type: application/json; charset=utf-8
cache-control: no-cache

22:22:51.450 [AsyncHttpClient-1-5] DEBUG org.asynchttpclient.netty.channel.ChannelManager - Adding key: http://localhost:5313 for channel [id: 0x01217189, L:/127.0.0.1:64938 - R:localhost/127.0.0.1:5313]
22:22:51.451 [Forwarding getTitle on session 5c8edaa5ab923fe69de5ce4a76e594c5 to remote] DEBUG org.asynchttpclient.netty.request.NettyRequestSender - Using pooled Channel '[id: 0x01217189, L:/127.0.0.1:64938 - R:localhost/127.0.0.1:5313]' for 'GET' to 'http://localhost:5313/session/5c8edaa5ab923fe69de5ce4a76e594c5/title'
22:22:51.451 [Forwarding getTitle on session 5c8edaa5ab923fe69de5ce4a76e594c5 to remote] DEBUG org.asynchttpclient.netty.request.NettyRequestSender - Using open Channel [id: 0x01217189, L:/127.0.0.1:64938 - R:localhost/127.0.0.1:5313] for GET '/session/5c8edaa5ab923fe69de5ce4a76e594c5/title'
22:22:51.458 [AsyncHttpClient-1-5] DEBUG org.asynchttpclient.netty.handler.HttpHandler - 

Request DefaultFullHttpRequest(decodeResult: success, version: HTTP/1.1, content: EmptyByteBufBE)
GET /session/5c8edaa5ab923fe69de5ce4a76e594c5/title HTTP/1.1
User-Agent: selenium/4.9.0 (java windows)
Cache-Control: no-cache
Content-Type: application/json; charset=utf-8
host: localhost:5313
accept: */*

Response DefaultHttpResponse(decodeResult: success, version: HTTP/1.1)
HTTP/1.1 200 OK
Content-Length: 82
Content-Type: application/json; charset=utf-8
cache-control: no-cache

22:22:51.458 [AsyncHttpClient-1-5] DEBUG org.asynchttpclient.netty.channel.ChannelManager - Adding key: http://localhost:5313 for channel [id: 0x01217189, L:/127.0.0.1:64938 - R:localhost/127.0.0.1:5313]
22:22:51.460 [Forwarding switchToWindow on session 5c8edaa5ab923fe69de5ce4a76e594c5 to remote] DEBUG org.asynchttpclient.netty.request.NettyRequestSender - Using pooled Channel '[id: 0x01217189, L:/127.0.0.1:64938 - R:localhost/127.0.0.1:5313]' for 'POST' to 'http://localhost:5313/session/5c8edaa5ab923fe69de5ce4a76e594c5/window'
22:22:51.460 [Forwarding switchToWindow on session 5c8edaa5ab923fe69de5ce4a76e594c5 to remote] DEBUG org.asynchttpclient.netty.request.NettyRequestSender - Using open Channel [id: 0x01217189, L:/127.0.0.1:64938 - R:localhost/127.0.0.1:5313] for POST '/session/5c8edaa5ab923fe69de5ce4a76e594c5/window'
22:22:51.475 [AsyncHttpClient-1-5] DEBUG org.asynchttpclient.netty.handler.HttpHandler - 

Request DefaultHttpRequest(decodeResult: success, version: HTTP/1.1)
POST /session/5c8edaa5ab923fe69de5ce4a76e594c5/window HTTP/1.1
User-Agent: selenium/4.9.0 (java windows)
Content-Length: 50
Content-Type: application/json; charset=utf-8
host: localhost:5313
accept: */*

Response DefaultHttpResponse(decodeResult: success, version: HTTP/1.1)
HTTP/1.1 200 OK
Content-Length: 14
Content-Type: application/json; charset=utf-8
cache-control: no-cache

22:22:51.475 [AsyncHttpClient-1-5] DEBUG org.asynchttpclient.netty.channel.ChannelManager - Adding key: http://localhost:5313 for channel [id: 0x01217189, L:/127.0.0.1:64938 - R:localhost/127.0.0.1:5313]
22:22:51.477 [Forwarding getTitle on session 5c8edaa5ab923fe69de5ce4a76e594c5 to remote] DEBUG org.asynchttpclient.netty.request.NettyRequestSender - Using pooled Channel '[id: 0x01217189, L:/127.0.0.1:64938 - R:localhost/127.0.0.1:5313]' for 'GET' to 'http://localhost:5313/session/5c8edaa5ab923fe69de5ce4a76e594c5/title'
22:22:51.478 [Forwarding getTitle on session 5c8edaa5ab923fe69de5ce4a76e594c5 to remote] DEBUG org.asynchttpclient.netty.request.NettyRequestSender - Using open Channel [id: 0x01217189, L:/127.0.0.1:64938 - R:localhost/127.0.0.1:5313] for GET '/session/5c8edaa5ab923fe69de5ce4a76e594c5/title'
22:22:51.790 [AsyncHttpClient-1-1] DEBUG org.asynchttpclient.netty.channel.DefaultChannelPool - Entry count for : http://localhost:64942 : 1
22:22:52.885 [AsyncHttpClient-1-1] DEBUG org.asynchttpclient.netty.channel.DefaultChannelPool - Entry count for : http://localhost:64942 : 1
22:22:52.889 [AsyncHttpClient-1-5] DEBUG org.asynchttpclient.netty.handler.HttpHandler - 

Request DefaultFullHttpRequest(decodeResult: success, version: HTTP/1.1, content: EmptyByteBufBE)
GET /session/5c8edaa5ab923fe69de5ce4a76e594c5/title HTTP/1.1
User-Agent: selenium/4.9.0 (java windows)
Cache-Control: no-cache
Content-Type: application/json; charset=utf-8
host: localhost:5313
accept: */*

Response DefaultHttpResponse(decodeResult: success, version: HTTP/1.1)
HTTP/1.1 200 OK
Content-Length: 30
Content-Type: application/json; charset=utf-8
cache-control: no-cache

22:22:52.889 [AsyncHttpClient-1-5] DEBUG org.asynchttpclient.netty.channel.ChannelManager - Adding key: http://localhost:5313 for channel [id: 0x01217189, L:/127.0.0.1:64938 - R:localhost/127.0.0.1:5313]
22:22:52.890 [Forwarding getTitle on session 5c8edaa5ab923fe69de5ce4a76e594c5 to remote] DEBUG org.asynchttpclient.netty.request.NettyRequestSender - Using pooled Channel '[id: 0x01217189, L:/127.0.0.1:64938 - R:localhost/127.0.0.1:5313]' for 'GET' to 'http://localhost:5313/session/5c8edaa5ab923fe69de5ce4a76e594c5/title'
22:22:52.890 [Forwarding getTitle on session 5c8edaa5ab923fe69de5ce4a76e594c5 to remote] DEBUG org.asynchttpclient.netty.request.NettyRequestSender - Using open Channel [id: 0x01217189, L:/127.0.0.1:64938 - R:localhost/127.0.0.1:5313] for GET '/session/5c8edaa5ab923fe69de5ce4a76e594c5/title'
22:22:52.894 [AsyncHttpClient-1-5] DEBUG org.asynchttpclient.netty.handler.HttpHandler - 

Request DefaultFullHttpRequest(decodeResult: success, version: HTTP/1.1, content: EmptyByteBufBE)
GET /session/5c8edaa5ab923fe69de5ce4a76e594c5/title HTTP/1.1
User-Agent: selenium/4.9.0 (java windows)
Cache-Control: no-cache
Content-Type: application/json; charset=utf-8
host: localhost:5313
accept: */*

Response DefaultHttpResponse(decodeResult: success, version: HTTP/1.1)
HTTP/1.1 200 OK
Content-Length: 30
Content-Type: application/json; charset=utf-8
cache-control: no-cache

22:22:52.894 [AsyncHttpClient-1-5] DEBUG org.asynchttpclient.netty.channel.ChannelManager - Adding key: http://localhost:5313 for channel [id: 0x01217189, L:/127.0.0.1:64938 - R:localhost/127.0.0.1:5313]
22:22:52.894 [main] INFO  stepDefinitions.StepDefinitions - Switched to the new tab with title: WebDriver | IFrame
22:22:52.894 [Forwarding getTitle on session 5c8edaa5ab923fe69de5ce4a76e594c5 to remote] DEBUG org.asynchttpclient.netty.request.NettyRequestSender - Using pooled Channel '[id: 0x01217189, L:/127.0.0.1:64938 - R:localhost/127.0.0.1:5313]' for 'GET' to 'http://localhost:5313/session/5c8edaa5ab923fe69de5ce4a76e594c5/title'
22:22:52.894 [Forwarding getTitle on session 5c8edaa5ab923fe69de5ce4a76e594c5 to remote] DEBUG org.asynchttpclient.netty.request.NettyRequestSender - Using open Channel [id: 0x01217189, L:/127.0.0.1:64938 - R:localhost/127.0.0.1:5313] for GET '/session/5c8edaa5ab923fe69de5ce4a76e594c5/title'
22:22:52.894 [AsyncHttpClient-1-5] DEBUG org.asynchttpclient.netty.handler.HttpHandler - 

Request DefaultFullHttpRequest(decodeResult: success, version: HTTP/1.1, content: EmptyByteBufBE)
GET /session/5c8edaa5ab923fe69de5ce4a76e594c5/title HTTP/1.1
User-Agent: selenium/4.9.0 (java windows)
Cache-Control: no-cache
Content-Type: application/json; charset=utf-8
host: localhost:5313
accept: */*

Response DefaultHttpResponse(decodeResult: success, version: HTTP/1.1)
HTTP/1.1 200 OK
Content-Length: 30
Content-Type: application/json; charset=utf-8
cache-control: no-cache

22:22:52.894 [AsyncHttpClient-1-5] DEBUG org.asynchttpclient.netty.channel.ChannelManager - Adding key: http://localhost:5313 for channel [id: 0x01217189, L:/127.0.0.1:64938 - R:localhost/127.0.0.1:5313]
  Then I switch to the new tab                                               # stepDefinitions.StepDefinitions.switchToNewTab()
22:22:52.894 [AsyncHttpClient-1-7] DEBUG org.asynchttpclient.netty.handler.WebSocketHandler - Channel Closed: [id: 0xc3ba5f52, L:/127.0.0.1:64954 ! R:localhost/127.0.0.1:64942] with attribute DISCARD
22:22:52.894 [Driver Command Executor] DEBUG org.asynchttpclient.netty.request.NettyRequestSender - Using pooled Channel '[id: 0x01217189, L:/127.0.0.1:64938 - R:localhost/127.0.0.1:5313]' for 'DELETE' to 'http://localhost:5313/session/5c8edaa5ab923fe69de5ce4a76e594c5'
22:22:52.894 [Driver Command Executor] DEBUG org.asynchttpclient.netty.request.NettyRequestSender - Using open Channel [id: 0x01217189, L:/127.0.0.1:64938 - R:localhost/127.0.0.1:5313] for DELETE '/session/5c8edaa5ab923fe69de5ce4a76e594c5'
22:22:52.950 [AsyncHttpClient-1-6] DEBUG org.asynchttpclient.netty.handler.HttpHandler - Unexpected I/O exception on channel [id: 0xace82c12, L:/127.0.0.1:64953 - R:localhost/127.0.0.1:64942]
java.net.SocketException: Connection reset
	at java.base/sun.nio.ch.SocketChannelImpl.throwConnectionReset(SocketChannelImpl.java:401)
	at java.base/sun.nio.ch.SocketChannelImpl.read(SocketChannelImpl.java:434)
	at io.netty.buffer.PooledByteBuf.setBytes(PooledByteBuf.java:256)
	at io.netty.buffer.AbstractByteBuf.writeBytes(AbstractByteBuf.java:1132)
	at io.netty.channel.socket.nio.NioSocketChannel.doReadBytes(NioSocketChannel.java:357)
	at io.netty.channel.nio.AbstractNioByteChannel$NioByteUnsafe.read(AbstractNioByteChannel.java:151)
	at io.netty.channel.nio.NioEventLoop.processSelectedKey(NioEventLoop.java:788)
	at io.netty.channel.nio.NioEventLoop.processSelectedKeysOptimized(NioEventLoop.java:724)
	at io.netty.channel.nio.NioEventLoop.processSelectedKeys(NioEventLoop.java:650)
	at io.netty.channel.nio.NioEventLoop.run(NioEventLoop.java:562)
	at io.netty.util.concurrent.SingleThreadEventExecutor$4.run(SingleThreadEventExecutor.java:997)
	at io.netty.util.internal.ThreadExecutorMap$2.run(ThreadExecutorMap.java:74)
	at io.netty.util.concurrent.FastThreadLocalRunnable.run(FastThreadLocalRunnable.java:30)
	at java.base/java.lang.Thread.run(Thread.java:1583)
22:22:52.950 [AsyncHttpClient-1-6] DEBUG org.asynchttpclient.netty.channel.ChannelManager - Closing Channel [id: 0xace82c12, L:/127.0.0.1:64953 - R:localhost/127.0.0.1:64942] 
22:22:52.950 [AsyncHttpClient-1-6] DEBUG org.asynchttpclient.netty.handler.HttpHandler - Channel Closed: [id: 0xace82c12, L:/127.0.0.1:64953 ! R:localhost/127.0.0.1:64942] with attribute DISCARD
22:22:52.970 [AsyncHttpClient-1-5] DEBUG org.asynchttpclient.netty.handler.HttpHandler - 

Request DefaultFullHttpRequest(decodeResult: success, version: HTTP/1.1, content: EmptyByteBufBE)
DELETE /session/5c8edaa5ab923fe69de5ce4a76e594c5 HTTP/1.1
User-Agent: selenium/4.9.0 (java windows)
Content-Type: application/json; charset=utf-8
host: localhost:5313
accept: */*

Response DefaultHttpResponse(decodeResult: success, version: HTTP/1.1)
HTTP/1.1 200 OK
Content-Length: 14
Content-Type: application/json; charset=utf-8
cache-control: no-cache

22:22:52.971 [AsyncHttpClient-1-5] DEBUG org.asynchttpclient.netty.channel.ChannelManager - Adding key: http://localhost:5313 for channel [id: 0x01217189, L:/127.0.0.1:64938 - R:localhost/127.0.0.1:5313]
22:22:53.026 [AsyncHttpClient-1-5] DEBUG org.asynchttpclient.netty.handler.HttpHandler - Channel Closed: [id: 0x01217189, L:/127.0.0.1:64938 ! R:localhost/127.0.0.1:5313] with attribute DISCARD
Browser closed successfully.
]]></system-out>
    <system-err><![CDATA[Starting ChromeDriver 136.0.7103.94 (fa0be0b33debeb378a8e6ad9c599be34e2dc3b37-refs/branch-heads/7103@{#1842}) on port 5313
Only local connections are allowed.
Please see https://chromedriver.chromium.org/security-considerations for suggestions on keeping ChromeDriver safe.
ChromeDriver was started successfully on port 5313.
May 15, 2025 10:22:49 PM org.openqa.selenium.devtools.CdpVersionFinder findNearestMatch
WARNING: Unable to find CDP implementation matching 136
May 15, 2025 10:22:49 PM org.openqa.selenium.chromium.ChromiumDriver lambda$new$3
WARNING: Unable to find version of CDP to use for . You may need to include a dependency on a specific version of the CDP using something similar to `org.seleniumhq.selenium:selenium-devtools-v86:4.9.0` where the version ("v86") matches the version of the chromium-based browser you're using and the version number of the artifact is the same as Selenium's.
]]></system-err>
  </testcase>
  <testcase name="runScenario[&quot;When switched to new tab verify the image is present&quot;, &quot;Verify Page Title and Image Carousel&quot;](3)" classname="runners.TestRunner" time="4.901">
    <system-out><![CDATA[
Scenario: When switched to new tab verify the image is present               # src/test/resources/features/VerifyPageTitle.feature:17
22:22:53.095 [main] DEBUG io.github.bonigarcia.wdm.WebDriverManager - Using WebDriverManager 5.5.3
22:22:53.105 [main] DEBUG io.github.bonigarcia.wdm.cache.ResolutionCache - Resolution chrome=136 in cache (valid until 22:41:22 15/05/2025 IST)
22:22:53.108 [main] DEBUG io.github.bonigarcia.wdm.cache.ResolutionCache - Resolution chrome136=136.0.7103.94 in cache (valid until 16:55:21 16/05/2025 IST)
22:22:53.108 [main] INFO io.github.bonigarcia.wdm.WebDriverManager - Using chromedriver 136.0.7103.94 (resolved driver for Chrome 136)
22:22:53.114 [main] DEBUG io.github.bonigarcia.wdm.WebDriverManager - Driver chromedriver 136.0.7103.94 found in cache
22:22:53.115 [main] INFO io.github.bonigarcia.wdm.WebDriverManager - Exporting webdriver.chrome.driver as C:\Users\Sahasra Reddy\.cache\selenium\chromedriver\win64\136.0.7103.94\chromedriver.exe
22:22:53.179 [AsyncHttpClient-1-8] DEBUG org.asynchttpclient.netty.channel.NettyConnectListener - Using new Channel '[id: 0x1a7dfba8, L:/127.0.0.1:64970 - R:localhost/127.0.0.1:4180]' for 'POST' to '/session'
22:22:53.709 [AsyncHttpClient-1-8] DEBUG org.asynchttpclient.netty.handler.HttpHandler - 

Request DefaultHttpRequest(decodeResult: success, version: HTTP/1.1)
POST /session HTTP/1.1
User-Agent: selenium/4.9.0 (java windows)
Content-Length: 254
Content-Type: application/json; charset=utf-8
host: localhost:4180
accept: */*

Response DefaultHttpResponse(decodeResult: success, version: HTTP/1.1)
HTTP/1.1 200 OK
Content-Length: 886
Content-Type: application/json; charset=utf-8
cache-control: no-cache

22:22:53.709 [AsyncHttpClient-1-8] DEBUG org.asynchttpclient.netty.channel.ChannelManager - Adding key: http://localhost:4180 for channel [id: 0x1a7dfba8, L:/127.0.0.1:64970 - R:localhost/127.0.0.1:4180]
22:22:53.724 [AsyncHttpClient-1-9] DEBUG org.asynchttpclient.netty.channel.NettyConnectListener - Using new Channel '[id: 0xc88c15f1, L:/127.0.0.1:64978 - R:localhost/127.0.0.1:64971]' for 'GET' to '/json/version'
22:22:53.727 [AsyncHttpClient-1-9] DEBUG org.asynchttpclient.netty.handler.HttpHandler - 

Request DefaultFullHttpRequest(decodeResult: success, version: HTTP/1.1, content: EmptyByteBufBE)
GET /json/version HTTP/1.1
User-Agent: selenium/4.9.0 (java windows)
host: localhost:64971
accept: */*

Response DefaultHttpResponse(decodeResult: success, version: HTTP/1.1)
HTTP/1.1 200 OK
Content-Security-Policy: frame-ancestors 'none'
Content-Length: 424
Content-Type: application/json; charset=UTF-8

22:22:53.727 [AsyncHttpClient-1-9] DEBUG org.asynchttpclient.netty.channel.ChannelManager - Adding key: http://localhost:64971 for channel [id: 0xc88c15f1, L:/127.0.0.1:64978 - R:localhost/127.0.0.1:64971]
22:22:53.729 [AsyncHttpClient-1-10] DEBUG org.asynchttpclient.netty.channel.NettyConnectListener - Using new Channel '[id: 0xaf5f7e00, L:/127.0.0.1:64979 - R:localhost/127.0.0.1:64971]' for 'GET' to '/devtools/browser/da064920-3447-449d-a3d1-3ab93416ce3a'
22:22:53.731 [AsyncHttpClient-1-10] DEBUG org.asynchttpclient.netty.handler.WebSocketHandler - 

Request DefaultFullHttpRequest(decodeResult: success, version: HTTP/1.1, content: EmptyByteBufBE)
GET /devtools/browser/da064920-3447-449d-a3d1-3ab93416ce3a HTTP/1.1
upgrade: websocket
connection: upgrade
sec-websocket-key: B1KKaT0USjAhg+une1ES7Q==
sec-websocket-version: 13
origin: http://localhost:64971
host: localhost:64971
accept: */*
user-agent: AHC/2.1

Response DefaultHttpResponse(decodeResult: success, version: HTTP/1.1)
HTTP/1.1 101 WebSocket Protocol Handshake
Upgrade: WebSocket
Connection: Upgrade
Sec-WebSocket-Accept: S2gPyR6GsW4isiB6ZYVnBUXkHt0=

22:22:53.734 [Forwarding get on session 36b271847cd02088dcbf089c712f59df to remote] DEBUG org.asynchttpclient.netty.request.NettyRequestSender - Using pooled Channel '[id: 0x1a7dfba8, L:/127.0.0.1:64970 - R:localhost/127.0.0.1:4180]' for 'POST' to 'http://localhost:4180/session/36b271847cd02088dcbf089c712f59df/url'
22:22:53.735 [Forwarding get on session 36b271847cd02088dcbf089c712f59df to remote] DEBUG org.asynchttpclient.netty.request.NettyRequestSender - Using open Channel [id: 0x1a7dfba8, L:/127.0.0.1:64970 - R:localhost/127.0.0.1:4180] for POST '/session/36b271847cd02088dcbf089c712f59df/url'
22:22:53.992 [AsyncHttpClient-1-1] DEBUG org.asynchttpclient.netty.channel.DefaultChannelPool - Entry count for : http://localhost:64942 : 1
22:22:53.992 [AsyncHttpClient-1-1] DEBUG org.asynchttpclient.netty.channel.DefaultChannelPool - Entry count for : http://localhost:5313 : 1
22:22:53.992 [AsyncHttpClient-1-1] DEBUG org.asynchttpclient.netty.channel.DefaultChannelPool - Entry count for : http://localhost:64971 : 1
22:22:53.992 [AsyncHttpClient-1-1] DEBUG org.asynchttpclient.netty.channel.DefaultChannelPool - Adding Candidate expired Channel [id: 0xace82c12, L:/127.0.0.1:64953 ! R:localhost/127.0.0.1:64942] isIdleTimeoutExpired=false isRemotelyClosed=true isTtlExpired=false
22:22:53.992 [AsyncHttpClient-1-1] DEBUG org.asynchttpclient.netty.channel.DefaultChannelPool - Closing Idle Channel [id: 0xace82c12, L:/127.0.0.1:64953 ! R:localhost/127.0.0.1:64942]
22:22:53.993 [AsyncHttpClient-1-1] DEBUG org.asynchttpclient.netty.channel.DefaultChannelPool - Adding Candidate expired Channel [id: 0x01217189, L:/127.0.0.1:64938 ! R:localhost/127.0.0.1:5313] isIdleTimeoutExpired=false isRemotelyClosed=true isTtlExpired=false
22:22:53.993 [AsyncHttpClient-1-1] DEBUG org.asynchttpclient.netty.channel.DefaultChannelPool - Closing Idle Channel [id: 0x01217189, L:/127.0.0.1:64938 ! R:localhost/127.0.0.1:5313]
22:22:53.993 [AsyncHttpClient-1-1] DEBUG org.asynchttpclient.netty.channel.DefaultChannelPool - Closed 2 connections out of 3 in 1 ms
22:22:55.084 [AsyncHttpClient-1-1] DEBUG org.asynchttpclient.netty.channel.DefaultChannelPool - Entry count for : http://localhost:64971 : 1
22:22:55.878 [AsyncHttpClient-1-8] DEBUG org.asynchttpclient.netty.handler.HttpHandler - 

Request DefaultHttpRequest(decodeResult: success, version: HTTP/1.1)
POST /session/36b271847cd02088dcbf089c712f59df/url HTTP/1.1
User-Agent: selenium/4.9.0 (java windows)
Content-Length: 71
Content-Type: application/json; charset=utf-8
host: localhost:4180
accept: */*

Response DefaultHttpResponse(decodeResult: success, version: HTTP/1.1)
HTTP/1.1 200 OK
Content-Length: 14
Content-Type: application/json; charset=utf-8
cache-control: no-cache

22:22:55.878 [AsyncHttpClient-1-8] DEBUG org.asynchttpclient.netty.channel.ChannelManager - Adding key: http://localhost:4180 for channel [id: 0x1a7dfba8, L:/127.0.0.1:64970 - R:localhost/127.0.0.1:4180]
22:22:55.878 [Forwarding maximizeCurrentWindow on session 36b271847cd02088dcbf089c712f59df to remote] DEBUG org.asynchttpclient.netty.request.NettyRequestSender - Using pooled Channel '[id: 0x1a7dfba8, L:/127.0.0.1:64970 - R:localhost/127.0.0.1:4180]' for 'POST' to 'http://localhost:4180/session/36b271847cd02088dcbf089c712f59df/window/maximize'
22:22:55.878 [Forwarding maximizeCurrentWindow on session 36b271847cd02088dcbf089c712f59df to remote] DEBUG org.asynchttpclient.netty.request.NettyRequestSender - Using open Channel [id: 0x1a7dfba8, L:/127.0.0.1:64970 - R:localhost/127.0.0.1:4180] for POST '/session/36b271847cd02088dcbf089c712f59df/window/maximize'
22:22:55.903 [AsyncHttpClient-1-8] DEBUG org.asynchttpclient.netty.handler.HttpHandler - 

Request DefaultHttpRequest(decodeResult: success, version: HTTP/1.1)
POST /session/36b271847cd02088dcbf089c712f59df/window/maximize HTTP/1.1
User-Agent: selenium/4.9.0 (java windows)
Content-Length: 3
Content-Type: application/json; charset=utf-8
host: localhost:4180
accept: */*

Response DefaultHttpResponse(decodeResult: success, version: HTTP/1.1)
HTTP/1.1 200 OK
Content-Length: 51
Content-Type: application/json; charset=utf-8
cache-control: no-cache

22:22:55.903 [AsyncHttpClient-1-8] DEBUG org.asynchttpclient.netty.channel.ChannelManager - Adding key: http://localhost:4180 for channel [id: 0x1a7dfba8, L:/127.0.0.1:64970 - R:localhost/127.0.0.1:4180]
22:22:55.904 [main] INFO  stepDefinitions.StepDefinitions - Application launched successfully with url: http://webdriveruniversity.com/index.html
  Given I launch the application "http://webdriveruniversity.com/index.html" # stepDefinitions.StepDefinitions.launchApplication(java.lang.String)
22:22:55.906 [Forwarding findElement on session 36b271847cd02088dcbf089c712f59df to remote] DEBUG org.asynchttpclient.netty.request.NettyRequestSender - Using pooled Channel '[id: 0x1a7dfba8, L:/127.0.0.1:64970 - R:localhost/127.0.0.1:4180]' for 'POST' to 'http://localhost:4180/session/36b271847cd02088dcbf089c712f59df/element'
22:22:55.906 [Forwarding findElement on session 36b271847cd02088dcbf089c712f59df to remote] DEBUG org.asynchttpclient.netty.request.NettyRequestSender - Using open Channel [id: 0x1a7dfba8, L:/127.0.0.1:64970 - R:localhost/127.0.0.1:4180] for POST '/session/36b271847cd02088dcbf089c712f59df/element'
22:22:55.925 [AsyncHttpClient-1-8] DEBUG org.asynchttpclient.netty.handler.HttpHandler - 

Request DefaultHttpRequest(decodeResult: success, version: HTTP/1.1)
POST /session/36b271847cd02088dcbf089c712f59df/element HTTP/1.1
User-Agent: selenium/4.9.0 (java windows)
Content-Length: 64
Content-Type: application/json; charset=utf-8
host: localhost:4180
accept: */*

Response DefaultHttpResponse(decodeResult: success, version: HTTP/1.1)
HTTP/1.1 200 OK
Content-Length: 126
Content-Type: application/json; charset=utf-8
cache-control: no-cache

22:22:55.926 [AsyncHttpClient-1-8] DEBUG org.asynchttpclient.netty.channel.ChannelManager - Adding key: http://localhost:4180 for channel [id: 0x1a7dfba8, L:/127.0.0.1:64970 - R:localhost/127.0.0.1:4180]
22:22:55.928 [Forwarding executeScript on session 36b271847cd02088dcbf089c712f59df to remote] DEBUG org.asynchttpclient.netty.request.NettyRequestSender - Using pooled Channel '[id: 0x1a7dfba8, L:/127.0.0.1:64970 - R:localhost/127.0.0.1:4180]' for 'POST' to 'http://localhost:4180/session/36b271847cd02088dcbf089c712f59df/execute/sync'
22:22:55.928 [Forwarding executeScript on session 36b271847cd02088dcbf089c712f59df to remote] DEBUG org.asynchttpclient.netty.request.NettyRequestSender - Using open Channel [id: 0x1a7dfba8, L:/127.0.0.1:64970 - R:localhost/127.0.0.1:4180] for POST '/session/36b271847cd02088dcbf089c712f59df/execute/sync'
22:22:55.928 [AsyncHttpClient-1-8] DEBUG org.asynchttpclient.netty.handler.HttpHandler - 

Request DefaultHttpRequest(decodeResult: success, version: HTTP/1.1)
POST /session/36b271847cd02088dcbf089c712f59df/execute/sync HTTP/1.1
User-Agent: selenium/4.9.0 (java windows)
Content-Length: 203
Content-Type: application/json; charset=utf-8
host: localhost:4180
accept: */*

Response DefaultHttpResponse(decodeResult: success, version: HTTP/1.1)
HTTP/1.1 200 OK
Content-Length: 14
Content-Type: application/json; charset=utf-8
cache-control: no-cache

22:22:55.928 [AsyncHttpClient-1-8] DEBUG org.asynchttpclient.netty.channel.ChannelManager - Adding key: http://localhost:4180 for channel [id: 0x1a7dfba8, L:/127.0.0.1:64970 - R:localhost/127.0.0.1:4180]
22:22:55.928 [Forwarding clickElement on session 36b271847cd02088dcbf089c712f59df to remote] DEBUG org.asynchttpclient.netty.request.NettyRequestSender - Using pooled Channel '[id: 0x1a7dfba8, L:/127.0.0.1:64970 - R:localhost/127.0.0.1:4180]' for 'POST' to 'http://localhost:4180/session/36b271847cd02088dcbf089c712f59df/element/f.6B78806C7F53844EB9E75A8A0D3CEDF5.d.51C102E04703EE2615515331F4F89AAD.e.50/click'
22:22:55.928 [Forwarding clickElement on session 36b271847cd02088dcbf089c712f59df to remote] DEBUG org.asynchttpclient.netty.request.NettyRequestSender - Using open Channel [id: 0x1a7dfba8, L:/127.0.0.1:64970 - R:localhost/127.0.0.1:4180] for POST '/session/36b271847cd02088dcbf089c712f59df/element/f.6B78806C7F53844EB9E75A8A0D3CEDF5.d.51C102E04703EE2615515331F4F89AAD.e.50/click'
22:22:56.044 [AsyncHttpClient-1-8] DEBUG org.asynchttpclient.netty.handler.HttpHandler - 

Request DefaultHttpRequest(decodeResult: success, version: HTTP/1.1)
POST /session/36b271847cd02088dcbf089c712f59df/element/f.6B78806C7F53844EB9E75A8A0D3CEDF5.d.51C102E04703EE2615515331F4F89AAD.e.50/click HTTP/1.1
User-Agent: selenium/4.9.0 (java windows)
Content-Length: 88
Content-Type: application/json; charset=utf-8
host: localhost:4180
accept: */*

Response DefaultHttpResponse(decodeResult: success, version: HTTP/1.1)
HTTP/1.1 200 OK
Content-Length: 14
Content-Type: application/json; charset=utf-8
cache-control: no-cache

22:22:56.044 [AsyncHttpClient-1-8] DEBUG org.asynchttpclient.netty.channel.ChannelManager - Adding key: http://localhost:4180 for channel [id: 0x1a7dfba8, L:/127.0.0.1:64970 - R:localhost/127.0.0.1:4180]
22:22:56.046 [main] INFO  stepDefinitions.StepDefinitions - Clicked on the link: IFRAME
  When I click on the "IFRAME" link                                          # stepDefinitions.StepDefinitions.clickLink(java.lang.String)
22:22:56.047 [Forwarding getWindowHandles on session 36b271847cd02088dcbf089c712f59df to remote] DEBUG org.asynchttpclient.netty.request.NettyRequestSender - Using pooled Channel '[id: 0x1a7dfba8, L:/127.0.0.1:64970 - R:localhost/127.0.0.1:4180]' for 'GET' to 'http://localhost:4180/session/36b271847cd02088dcbf089c712f59df/window/handles'
22:22:56.047 [Forwarding getWindowHandles on session 36b271847cd02088dcbf089c712f59df to remote] DEBUG org.asynchttpclient.netty.request.NettyRequestSender - Using open Channel [id: 0x1a7dfba8, L:/127.0.0.1:64970 - R:localhost/127.0.0.1:4180] for GET '/session/36b271847cd02088dcbf089c712f59df/window/handles'
22:22:56.054 [AsyncHttpClient-1-8] DEBUG org.asynchttpclient.netty.handler.HttpHandler - 

Request DefaultFullHttpRequest(decodeResult: success, version: HTTP/1.1, content: EmptyByteBufBE)
GET /session/36b271847cd02088dcbf089c712f59df/window/handles HTTP/1.1
User-Agent: selenium/4.9.0 (java windows)
Cache-Control: no-cache
Content-Type: application/json; charset=utf-8
host: localhost:4180
accept: */*

Response DefaultHttpResponse(decodeResult: success, version: HTTP/1.1)
HTTP/1.1 200 OK
Content-Length: 81
Content-Type: application/json; charset=utf-8
cache-control: no-cache

22:22:56.055 [AsyncHttpClient-1-8] DEBUG org.asynchttpclient.netty.channel.ChannelManager - Adding key: http://localhost:4180 for channel [id: 0x1a7dfba8, L:/127.0.0.1:64970 - R:localhost/127.0.0.1:4180]
22:22:56.056 [Forwarding switchToWindow on session 36b271847cd02088dcbf089c712f59df to remote] DEBUG org.asynchttpclient.netty.request.NettyRequestSender - Using pooled Channel '[id: 0x1a7dfba8, L:/127.0.0.1:64970 - R:localhost/127.0.0.1:4180]' for 'POST' to 'http://localhost:4180/session/36b271847cd02088dcbf089c712f59df/window'
22:22:56.056 [Forwarding switchToWindow on session 36b271847cd02088dcbf089c712f59df to remote] DEBUG org.asynchttpclient.netty.request.NettyRequestSender - Using open Channel [id: 0x1a7dfba8, L:/127.0.0.1:64970 - R:localhost/127.0.0.1:4180] for POST '/session/36b271847cd02088dcbf089c712f59df/window'
22:22:56.069 [AsyncHttpClient-1-8] DEBUG org.asynchttpclient.netty.handler.HttpHandler - 

Request DefaultHttpRequest(decodeResult: success, version: HTTP/1.1)
POST /session/36b271847cd02088dcbf089c712f59df/window HTTP/1.1
User-Agent: selenium/4.9.0 (java windows)
Content-Length: 50
Content-Type: application/json; charset=utf-8
host: localhost:4180
accept: */*

Response DefaultHttpResponse(decodeResult: success, version: HTTP/1.1)
HTTP/1.1 200 OK
Content-Length: 14
Content-Type: application/json; charset=utf-8
cache-control: no-cache

22:22:56.070 [AsyncHttpClient-1-8] DEBUG org.asynchttpclient.netty.channel.ChannelManager - Adding key: http://localhost:4180 for channel [id: 0x1a7dfba8, L:/127.0.0.1:64970 - R:localhost/127.0.0.1:4180]
22:22:56.071 [Forwarding getTitle on session 36b271847cd02088dcbf089c712f59df to remote] DEBUG org.asynchttpclient.netty.request.NettyRequestSender - Using pooled Channel '[id: 0x1a7dfba8, L:/127.0.0.1:64970 - R:localhost/127.0.0.1:4180]' for 'GET' to 'http://localhost:4180/session/36b271847cd02088dcbf089c712f59df/title'
22:22:56.071 [Forwarding getTitle on session 36b271847cd02088dcbf089c712f59df to remote] DEBUG org.asynchttpclient.netty.request.NettyRequestSender - Using open Channel [id: 0x1a7dfba8, L:/127.0.0.1:64970 - R:localhost/127.0.0.1:4180] for GET '/session/36b271847cd02088dcbf089c712f59df/title'
22:22:56.082 [AsyncHttpClient-1-8] DEBUG org.asynchttpclient.netty.handler.HttpHandler - 

Request DefaultFullHttpRequest(decodeResult: success, version: HTTP/1.1, content: EmptyByteBufBE)
GET /session/36b271847cd02088dcbf089c712f59df/title HTTP/1.1
User-Agent: selenium/4.9.0 (java windows)
Cache-Control: no-cache
Content-Type: application/json; charset=utf-8
host: localhost:4180
accept: */*

Response DefaultHttpResponse(decodeResult: success, version: HTTP/1.1)
HTTP/1.1 200 OK
Content-Length: 82
Content-Type: application/json; charset=utf-8
cache-control: no-cache

22:22:56.082 [AsyncHttpClient-1-8] DEBUG org.asynchttpclient.netty.channel.ChannelManager - Adding key: http://localhost:4180 for channel [id: 0x1a7dfba8, L:/127.0.0.1:64970 - R:localhost/127.0.0.1:4180]
22:22:56.083 [Forwarding switchToWindow on session 36b271847cd02088dcbf089c712f59df to remote] DEBUG org.asynchttpclient.netty.request.NettyRequestSender - Using pooled Channel '[id: 0x1a7dfba8, L:/127.0.0.1:64970 - R:localhost/127.0.0.1:4180]' for 'POST' to 'http://localhost:4180/session/36b271847cd02088dcbf089c712f59df/window'
22:22:56.083 [Forwarding switchToWindow on session 36b271847cd02088dcbf089c712f59df to remote] DEBUG org.asynchttpclient.netty.request.NettyRequestSender - Using open Channel [id: 0x1a7dfba8, L:/127.0.0.1:64970 - R:localhost/127.0.0.1:4180] for POST '/session/36b271847cd02088dcbf089c712f59df/window'
22:22:56.098 [AsyncHttpClient-1-8] DEBUG org.asynchttpclient.netty.handler.HttpHandler - 

Request DefaultHttpRequest(decodeResult: success, version: HTTP/1.1)
POST /session/36b271847cd02088dcbf089c712f59df/window HTTP/1.1
User-Agent: selenium/4.9.0 (java windows)
Content-Length: 50
Content-Type: application/json; charset=utf-8
host: localhost:4180
accept: */*

Response DefaultHttpResponse(decodeResult: success, version: HTTP/1.1)
HTTP/1.1 200 OK
Content-Length: 14
Content-Type: application/json; charset=utf-8
cache-control: no-cache

22:22:56.098 [AsyncHttpClient-1-8] DEBUG org.asynchttpclient.netty.channel.ChannelManager - Adding key: http://localhost:4180 for channel [id: 0x1a7dfba8, L:/127.0.0.1:64970 - R:localhost/127.0.0.1:4180]
22:22:56.099 [Forwarding getTitle on session 36b271847cd02088dcbf089c712f59df to remote] DEBUG org.asynchttpclient.netty.request.NettyRequestSender - Using pooled Channel '[id: 0x1a7dfba8, L:/127.0.0.1:64970 - R:localhost/127.0.0.1:4180]' for 'GET' to 'http://localhost:4180/session/36b271847cd02088dcbf089c712f59df/title'
22:22:56.099 [Forwarding getTitle on session 36b271847cd02088dcbf089c712f59df to remote] DEBUG org.asynchttpclient.netty.request.NettyRequestSender - Using open Channel [id: 0x1a7dfba8, L:/127.0.0.1:64970 - R:localhost/127.0.0.1:4180] for GET '/session/36b271847cd02088dcbf089c712f59df/title'
22:22:56.190 [AsyncHttpClient-1-1] DEBUG org.asynchttpclient.netty.channel.DefaultChannelPool - Entry count for : http://localhost:64971 : 1
22:22:57.295 [AsyncHttpClient-1-1] DEBUG org.asynchttpclient.netty.channel.DefaultChannelPool - Entry count for : http://localhost:64971 : 1
22:22:57.641 [AsyncHttpClient-1-8] DEBUG org.asynchttpclient.netty.handler.HttpHandler - 

Request DefaultFullHttpRequest(decodeResult: success, version: HTTP/1.1, content: EmptyByteBufBE)
GET /session/36b271847cd02088dcbf089c712f59df/title HTTP/1.1
User-Agent: selenium/4.9.0 (java windows)
Cache-Control: no-cache
Content-Type: application/json; charset=utf-8
host: localhost:4180
accept: */*

Response DefaultHttpResponse(decodeResult: success, version: HTTP/1.1)
HTTP/1.1 200 OK
Content-Length: 30
Content-Type: application/json; charset=utf-8
cache-control: no-cache

22:22:57.642 [AsyncHttpClient-1-8] DEBUG org.asynchttpclient.netty.channel.ChannelManager - Adding key: http://localhost:4180 for channel [id: 0x1a7dfba8, L:/127.0.0.1:64970 - R:localhost/127.0.0.1:4180]
22:22:57.642 [Forwarding getTitle on session 36b271847cd02088dcbf089c712f59df to remote] DEBUG org.asynchttpclient.netty.request.NettyRequestSender - Using pooled Channel '[id: 0x1a7dfba8, L:/127.0.0.1:64970 - R:localhost/127.0.0.1:4180]' for 'GET' to 'http://localhost:4180/session/36b271847cd02088dcbf089c712f59df/title'
22:22:57.642 [Forwarding getTitle on session 36b271847cd02088dcbf089c712f59df to remote] DEBUG org.asynchttpclient.netty.request.NettyRequestSender - Using open Channel [id: 0x1a7dfba8, L:/127.0.0.1:64970 - R:localhost/127.0.0.1:4180] for GET '/session/36b271847cd02088dcbf089c712f59df/title'
22:22:57.642 [AsyncHttpClient-1-8] DEBUG org.asynchttpclient.netty.handler.HttpHandler - 

Request DefaultFullHttpRequest(decodeResult: success, version: HTTP/1.1, content: EmptyByteBufBE)
GET /session/36b271847cd02088dcbf089c712f59df/title HTTP/1.1
User-Agent: selenium/4.9.0 (java windows)
Cache-Control: no-cache
Content-Type: application/json; charset=utf-8
host: localhost:4180
accept: */*

Response DefaultHttpResponse(decodeResult: success, version: HTTP/1.1)
HTTP/1.1 200 OK
Content-Length: 30
Content-Type: application/json; charset=utf-8
cache-control: no-cache

22:22:57.642 [AsyncHttpClient-1-8] DEBUG org.asynchttpclient.netty.channel.ChannelManager - Adding key: http://localhost:4180 for channel [id: 0x1a7dfba8, L:/127.0.0.1:64970 - R:localhost/127.0.0.1:4180]
22:22:57.642 [main] INFO  stepDefinitions.StepDefinitions - Switched to the new tab with title: WebDriver | IFrame
22:22:57.642 [Forwarding getTitle on session 36b271847cd02088dcbf089c712f59df to remote] DEBUG org.asynchttpclient.netty.request.NettyRequestSender - Using pooled Channel '[id: 0x1a7dfba8, L:/127.0.0.1:64970 - R:localhost/127.0.0.1:4180]' for 'GET' to 'http://localhost:4180/session/36b271847cd02088dcbf089c712f59df/title'
22:22:57.642 [Forwarding getTitle on session 36b271847cd02088dcbf089c712f59df to remote] DEBUG org.asynchttpclient.netty.request.NettyRequestSender - Using open Channel [id: 0x1a7dfba8, L:/127.0.0.1:64970 - R:localhost/127.0.0.1:4180] for GET '/session/36b271847cd02088dcbf089c712f59df/title'
22:22:57.642 [AsyncHttpClient-1-8] DEBUG org.asynchttpclient.netty.handler.HttpHandler - 

Request DefaultFullHttpRequest(decodeResult: success, version: HTTP/1.1, content: EmptyByteBufBE)
GET /session/36b271847cd02088dcbf089c712f59df/title HTTP/1.1
User-Agent: selenium/4.9.0 (java windows)
Cache-Control: no-cache
Content-Type: application/json; charset=utf-8
host: localhost:4180
accept: */*

Response DefaultHttpResponse(decodeResult: success, version: HTTP/1.1)
HTTP/1.1 200 OK
Content-Length: 30
Content-Type: application/json; charset=utf-8
cache-control: no-cache

22:22:57.642 [AsyncHttpClient-1-8] DEBUG org.asynchttpclient.netty.channel.ChannelManager - Adding key: http://localhost:4180 for channel [id: 0x1a7dfba8, L:/127.0.0.1:64970 - R:localhost/127.0.0.1:4180]
  Then I switch to the new tab                                               # stepDefinitions.StepDefinitions.switchToNewTab()
22:22:57.642 [Forwarding maximizeCurrentWindow on session 36b271847cd02088dcbf089c712f59df to remote] DEBUG org.asynchttpclient.netty.request.NettyRequestSender - Using pooled Channel '[id: 0x1a7dfba8, L:/127.0.0.1:64970 - R:localhost/127.0.0.1:4180]' for 'POST' to 'http://localhost:4180/session/36b271847cd02088dcbf089c712f59df/window/maximize'
22:22:57.642 [Forwarding maximizeCurrentWindow on session 36b271847cd02088dcbf089c712f59df to remote] DEBUG org.asynchttpclient.netty.request.NettyRequestSender - Using open Channel [id: 0x1a7dfba8, L:/127.0.0.1:64970 - R:localhost/127.0.0.1:4180] for POST '/session/36b271847cd02088dcbf089c712f59df/window/maximize'
22:22:57.642 [AsyncHttpClient-1-8] DEBUG org.asynchttpclient.netty.handler.HttpHandler - 

Request DefaultHttpRequest(decodeResult: success, version: HTTP/1.1)
POST /session/36b271847cd02088dcbf089c712f59df/window/maximize HTTP/1.1
User-Agent: selenium/4.9.0 (java windows)
Content-Length: 3
Content-Type: application/json; charset=utf-8
host: localhost:4180
accept: */*

Response DefaultHttpResponse(decodeResult: success, version: HTTP/1.1)
HTTP/1.1 200 OK
Content-Length: 51
Content-Type: application/json; charset=utf-8
cache-control: no-cache

22:22:57.642 [AsyncHttpClient-1-8] DEBUG org.asynchttpclient.netty.channel.ChannelManager - Adding key: http://localhost:4180 for channel [id: 0x1a7dfba8, L:/127.0.0.1:64970 - R:localhost/127.0.0.1:4180]
22:22:57.642 [Forwarding get on session 36b271847cd02088dcbf089c712f59df to remote] DEBUG org.asynchttpclient.netty.request.NettyRequestSender - Using pooled Channel '[id: 0x1a7dfba8, L:/127.0.0.1:64970 - R:localhost/127.0.0.1:4180]' for 'POST' to 'http://localhost:4180/session/36b271847cd02088dcbf089c712f59df/url'
22:22:57.642 [Forwarding get on session 36b271847cd02088dcbf089c712f59df to remote] DEBUG org.asynchttpclient.netty.request.NettyRequestSender - Using open Channel [id: 0x1a7dfba8, L:/127.0.0.1:64970 - R:localhost/127.0.0.1:4180] for POST '/session/36b271847cd02088dcbf089c712f59df/url'
22:22:57.752 [AsyncHttpClient-1-8] DEBUG org.asynchttpclient.netty.handler.HttpHandler - 

Request DefaultHttpRequest(decodeResult: success, version: HTTP/1.1)
POST /session/36b271847cd02088dcbf089c712f59df/url HTTP/1.1
User-Agent: selenium/4.9.0 (java windows)
Content-Length: 84
Content-Type: application/json; charset=utf-8
host: localhost:4180
accept: */*

Response DefaultHttpResponse(decodeResult: success, version: HTTP/1.1)
HTTP/1.1 200 OK
Content-Length: 14
Content-Type: application/json; charset=utf-8
cache-control: no-cache

22:22:57.752 [AsyncHttpClient-1-8] DEBUG org.asynchttpclient.netty.channel.ChannelManager - Adding key: http://localhost:4180 for channel [id: 0x1a7dfba8, L:/127.0.0.1:64970 - R:localhost/127.0.0.1:4180]
[...]
22:23:02.694 [Forwarding findElement on session 1504a92e5988b2e9d8d44e11539c47eb to remote] DEBUG org.asynchttpclient.netty.request.NettyRequestSender - Using open Channel [id: 0x13f0f69f, L:/127.0.0.1:64992 - R:localhost/127.0.0.1:24626] for POST '/session/1504a92e5988b2e9d8d44e11539c47eb/element'
22:23:02.712 [AsyncHttpClient-1-11] DEBUG org.asynchttpclient.netty.handler.HttpHandler - 

Request DefaultHttpRequest(decodeResult: success, version: HTTP/1.1)
POST /session/1504a92e5988b2e9d8d44e11539c47eb/element HTTP/1.1
User-Agent: selenium/4.9.0 (java windows)
Content-Length: 83
Content-Type: application/json; charset=utf-8
host: localhost:24626
accept: */*

Response DefaultHttpResponse(decodeResult: success, version: HTTP/1.1)
HTTP/1.1 200 OK
Content-Length: 126
Content-Type: application/json; charset=utf-8
cache-control: no-cache

22:23:02.712 [AsyncHttpClient-1-11] DEBUG org.asynchttpclient.netty.channel.ChannelManager - Adding key: http://localhost:24626 for channel [id: 0x13f0f69f, L:/127.0.0.1:64992 - R:localhost/127.0.0.1:24626]
22:23:02.713 [Forwarding clickElement on session 1504a92e5988b2e9d8d44e11539c47eb to remote] DEBUG org.asynchttpclient.netty.request.NettyRequestSender - Using pooled Channel '[id: 0x13f0f69f, L:/127.0.0.1:64992 - R:localhost/127.0.0.1:24626]' for 'POST' to 'http://localhost:24626/session/1504a92e5988b2e9d8d44e11539c47eb/element/f.2C6C5EB001DADE08EB6217F276AAA62E.d.32B5CD2ED7183B0D1B70536C3531A2A8.e.29/click'
22:23:02.713 [Forwarding clickElement on session 1504a92e5988b2e9d8d44e11539c47eb to remote] DEBUG org.asynchttpclient.netty.request.NettyRequestSender - Using open Channel [id: 0x13f0f69f, L:/127.0.0.1:64992 - R:localhost/127.0.0.1:24626] for POST '/session/1504a92e5988b2e9d8d44e11539c47eb/element/f.2C6C5EB001DADE08EB6217F276AAA62E.d.32B5CD2ED7183B0D1B70536C3531A2A8.e.29/click'
22:23:02.784 [AsyncHttpClient-1-11] DEBUG org.asynchttpclient.netty.handler.HttpHandler - 

Request DefaultHttpRequest(decodeResult: success, version: HTTP/1.1)
POST /session/1504a92e5988b2e9d8d44e11539c47eb/element/f.2C6C5EB001DADE08EB6217F276AAA62E.d.32B5CD2ED7183B0D1B70536C3531A2A8.e.29/click HTTP/1.1
User-Agent: selenium/4.9.0 (java windows)
Content-Length: 88
Content-Type: application/json; charset=utf-8
host: localhost:24626
accept: */*

Response DefaultHttpResponse(decodeResult: success, version: HTTP/1.1)
HTTP/1.1 200 OK
Content-Length: 14
Content-Type: application/json; charset=utf-8
cache-control: no-cache

22:23:02.785 [AsyncHttpClient-1-11] DEBUG org.asynchttpclient.netty.channel.ChannelManager - Adding key: http://localhost:24626 for channel [id: 0x13f0f69f, L:/127.0.0.1:64992 - R:localhost/127.0.0.1:24626]
22:23:02.785 [main] INFO  stepDefinitions.StepDefinitions - Clicked on the right arrow button.
  When I click on the right arrow button                                      # stepDefinitions.StepDefinitions.clickRightArrowButton()
22:23:02.786 [Forwarding findElement on session 1504a92e5988b2e9d8d44e11539c47eb to remote] DEBUG org.asynchttpclient.netty.request.NettyRequestSender - Using pooled Channel '[id: 0x13f0f69f, L:/127.0.0.1:64992 - R:localhost/127.0.0.1:24626]' for 'POST' to 'http://localhost:24626/session/1504a92e5988b2e9d8d44e11539c47eb/element'
22:23:02.786 [Forwarding findElement on session 1504a92e5988b2e9d8d44e11539c47eb to remote] DEBUG org.asynchttpclient.netty.request.NettyRequestSender - Using open Channel [id: 0x13f0f69f, L:/127.0.0.1:64992 - R:localhost/127.0.0.1:24626] for POST '/session/1504a92e5988b2e9d8d44e11539c47eb/element'
22:23:02.790 [AsyncHttpClient-1-1] DEBUG org.asynchttpclient.netty.channel.DefaultChannelPool - Entry count for : http://localhost:64993 : 1
22:23:02.793 [AsyncHttpClient-1-11] DEBUG org.asynchttpclient.netty.handler.HttpHandler - 

Request DefaultHttpRequest(decodeResult: success, version: HTTP/1.1)
POST /session/1504a92e5988b2e9d8d44e11539c47eb/element HTTP/1.1
User-Agent: selenium/4.9.0 (java windows)
Content-Length: 85
Content-Type: application/json; charset=utf-8
host: localhost:24626
accept: */*

Response DefaultHttpResponse(decodeResult: success, version: HTTP/1.1)
HTTP/1.1 200 OK
Content-Length: 126
Content-Type: application/json; charset=utf-8
cache-control: no-cache

22:23:02.794 [AsyncHttpClient-1-11] DEBUG org.asynchttpclient.netty.channel.ChannelManager - Adding key: http://localhost:24626 for channel [id: 0x13f0f69f, L:/127.0.0.1:64992 - R:localhost/127.0.0.1:24626]
22:23:02.795 [Forwarding isElementDisplayed on session 1504a92e5988b2e9d8d44e11539c47eb to remote] DEBUG org.asynchttpclient.netty.request.NettyRequestSender - Using pooled Channel '[id: 0x13f0f69f, L:/127.0.0.1:64992 - R:localhost/127.0.0.1:24626]' for 'POST' to 'http://localhost:24626/session/1504a92e5988b2e9d8d44e11539c47eb/execute/sync'
22:23:02.795 [Forwarding isElementDisplayed on session 1504a92e5988b2e9d8d44e11539c47eb to remote] DEBUG org.asynchttpclient.netty.request.NettyRequestSender - Using open Channel [id: 0x13f0f69f, L:/127.0.0.1:64992 - R:localhost/127.0.0.1:24626] for POST '/session/1504a92e5988b2e9d8d44e11539c47eb/execute/sync'
22:23:02.801 [AsyncHttpClient-1-11] DEBUG org.asynchttpclient.netty.handler.HttpHandler - 

Request DefaultHttpRequest(decodeResult: success, version: HTTP/1.1)
POST /session/1504a92e5988b2e9d8d44e11539c47eb/execute/sync HTTP/1.1
User-Agent: selenium/4.9.0 (java windows)
Content-Length: 48845
Content-Type: application/json; charset=utf-8
host: localhost:24626
accept: */*

Response DefaultHttpResponse(decodeResult: success, version: HTTP/1.1)
HTTP/1.1 200 OK
Content-Length: 14
Content-Type: application/json; charset=utf-8
cache-control: no-cache

22:23:02.801 [AsyncHttpClient-1-11] DEBUG org.asynchttpclient.netty.channel.ChannelManager - Adding key: http://localhost:24626 for channel [id: 0x13f0f69f, L:/127.0.0.1:64992 - R:localhost/127.0.0.1:24626]
22:23:02.802 [Forwarding elementScreenshot on session 1504a92e5988b2e9d8d44e11539c47eb to remote] DEBUG org.asynchttpclient.netty.request.NettyRequestSender - Using pooled Channel '[id: 0x13f0f69f, L:/127.0.0.1:64992 - R:localhost/127.0.0.1:24626]' for 'GET' to 'http://localhost:24626/session/1504a92e5988b2e9d8d44e11539c47eb/element/f.2C6C5EB001DADE08EB6217F276AAA62E.d.32B5CD2ED7183B0D1B70536C3531A2A8.e.27/screenshot'
22:23:02.803 [Forwarding elementScreenshot on session 1504a92e5988b2e9d8d44e11539c47eb to remote] DEBUG org.asynchttpclient.netty.request.NettyRequestSender - Using open Channel [id: 0x13f0f69f, L:/127.0.0.1:64992 - R:localhost/127.0.0.1:24626] for GET '/session/1504a92e5988b2e9d8d44e11539c47eb/element/f.2C6C5EB001DADE08EB6217F276AAA62E.d.32B5CD2ED7183B0D1B70536C3531A2A8.e.27/screenshot'
22:23:03.087 [AsyncHttpClient-1-11] DEBUG org.asynchttpclient.netty.handler.HttpHandler - 

Request DefaultFullHttpRequest(decodeResult: success, version: HTTP/1.1, content: EmptyByteBufBE)
GET /session/1504a92e5988b2e9d8d44e11539c47eb/element/f.2C6C5EB001DADE08EB6217F276AAA62E.d.32B5CD2ED7183B0D1B70536C3531A2A8.e.27/screenshot HTTP/1.1
User-Agent: selenium/4.9.0 (java windows)
Cache-Control: no-cache
Content-Type: application/json; charset=utf-8
host: localhost:24626
accept: */*

Response DefaultHttpResponse(decodeResult: success, version: HTTP/1.1)
HTTP/1.1 200 OK
Content-Length: 93544
Content-Type: application/json; charset=utf-8
cache-control: no-cache

22:23:03.087 [AsyncHttpClient-1-11] DEBUG org.asynchttpclient.netty.channel.ChannelManager - Adding key: http://localhost:24626 for channel [id: 0x13f0f69f, L:/127.0.0.1:64992 - R:localhost/127.0.0.1:24626]
22:23:03.087 [Forwarding findElement on session 1504a92e5988b2e9d8d44e11539c47eb to remote] DEBUG org.asynchttpclient.netty.request.NettyRequestSender - Using pooled Channel '[id: 0x13f0f69f, L:/127.0.0.1:64992 - R:localhost/127.0.0.1:24626]' for 'POST' to 'http://localhost:24626/session/1504a92e5988b2e9d8d44e11539c47eb/element'
22:23:03.087 [Forwarding findElement on session 1504a92e5988b2e9d8d44e11539c47eb to remote] DEBUG org.asynchttpclient.netty.request.NettyRequestSender - Using open Channel [id: 0x13f0f69f, L:/127.0.0.1:64992 - R:localhost/127.0.0.1:24626] for POST '/session/1504a92e5988b2e9d8d44e11539c47eb/element'
22:23:03.096 [AsyncHttpClient-1-11] DEBUG org.asynchttpclient.netty.handler.HttpHandler - 

Request DefaultHttpRequest(decodeResult: success, version: HTTP/1.1)
POST /session/1504a92e5988b2e9d8d44e11539c47eb/element HTTP/1.1
User-Agent: selenium/4.9.0 (java windows)
Content-Length: 83
Content-Type: application/json; charset=utf-8
host: localhost:24626
accept: */*

Response DefaultHttpResponse(decodeResult: success, version: HTTP/1.1)
HTTP/1.1 200 OK
Content-Length: 126
Content-Type: application/json; charset=utf-8
cache-control: no-cache

22:23:03.096 [AsyncHttpClient-1-11] DEBUG org.asynchttpclient.netty.channel.ChannelManager - Adding key: http://localhost:24626 for channel [id: 0x13f0f69f, L:/127.0.0.1:64992 - R:localhost/127.0.0.1:24626]
22:23:03.097 [Forwarding clickElement on session 1504a92e5988b2e9d8d44e11539c47eb to remote] DEBUG org.asynchttpclient.netty.request.NettyRequestSender - Using pooled Channel '[id: 0x13f0f69f, L:/127.0.0.1:64992 - R:localhost/127.0.0.1:24626]' for 'POST' to 'http://localhost:24626/session/1504a92e5988b2e9d8d44e11539c47eb/element/f.2C6C5EB001DADE08EB6217F276AAA62E.d.32B5CD2ED7183B0D1B70536C3531A2A8.e.29/click'
22:23:03.097 [Forwarding clickElement on session 1504a92e5988b2e9d8d44e11539c47eb to remote] DEBUG org.asynchttpclient.netty.request.NettyRequestSender - Using open Channel [id: 0x13f0f69f, L:/127.0.0.1:64992 - R:localhost/127.0.0.1:24626] for POST '/session/1504a92e5988b2e9d8d44e11539c47eb/element/f.2C6C5EB001DADE08EB6217F276AAA62E.d.32B5CD2ED7183B0D1B70536C3531A2A8.e.29/click'
22:23:03.156 [AsyncHttpClient-1-11] DEBUG org.asynchttpclient.netty.handler.HttpHandler - 

Request DefaultHttpRequest(decodeResult: success, version: HTTP/1.1)
POST /session/1504a92e5988b2e9d8d44e11539c47eb/element/f.2C6C5EB001DADE08EB6217F276AAA62E.d.32B5CD2ED7183B0D1B70536C3531A2A8.e.29/click HTTP/1.1
User-Agent: selenium/4.9.0 (java windows)
Content-Length: 88
Content-Type: application/json; charset=utf-8
host: localhost:24626
accept: */*

Response DefaultHttpResponse(decodeResult: success, version: HTTP/1.1)
HTTP/1.1 200 OK
Content-Length: 14
Content-Type: application/json; charset=utf-8
cache-control: no-cache

22:23:03.156 [AsyncHttpClient-1-11] DEBUG org.asynchttpclient.netty.channel.ChannelManager - Adding key: http://localhost:24626 for channel [id: 0x13f0f69f, L:/127.0.0.1:64992 - R:localhost/127.0.0.1:24626]
22:23:03.157 [Forwarding findElement on session 1504a92e5988b2e9d8d44e11539c47eb to remote] DEBUG org.asynchttpclient.netty.request.NettyRequestSender - Using pooled Channel '[id: 0x13f0f69f, L:/127.0.0.1:64992 - R:localhost/127.0.0.1:24626]' for 'POST' to 'http://localhost:24626/session/1504a92e5988b2e9d8d44e11539c47eb/element'
22:23:03.157 [Forwarding findElement on session 1504a92e5988b2e9d8d44e11539c47eb to remote] DEBUG org.asynchttpclient.netty.request.NettyRequestSender - Using open Channel [id: 0x13f0f69f, L:/127.0.0.1:64992 - R:localhost/127.0.0.1:24626] for POST '/session/1504a92e5988b2e9d8d44e11539c47eb/element'
22:23:03.162 [AsyncHttpClient-1-11] DEBUG org.asynchttpclient.netty.handler.HttpHandler - 

Request DefaultHttpRequest(decodeResult: success, version: HTTP/1.1)
POST /session/1504a92e5988b2e9d8d44e11539c47eb/element HTTP/1.1
User-Agent: selenium/4.9.0 (java windows)
Content-Length: 85
Content-Type: application/json; charset=utf-8
host: localhost:24626
accept: */*

Response DefaultHttpResponse(decodeResult: success, version: HTTP/1.1)
HTTP/1.1 200 OK
Content-Length: 126
Content-Type: application/json; charset=utf-8
cache-control: no-cache

22:23:03.162 [AsyncHttpClient-1-11] DEBUG org.asynchttpclient.netty.channel.ChannelManager - Adding key: http://localhost:24626 for channel [id: 0x13f0f69f, L:/127.0.0.1:64992 - R:localhost/127.0.0.1:24626]
22:23:03.164 [Forwarding isElementDisplayed on session 1504a92e5988b2e9d8d44e11539c47eb to remote] DEBUG org.asynchttpclient.netty.request.NettyRequestSender - Using pooled Channel '[id: 0x13f0f69f, L:/127.0.0.1:64992 - R:localhost/127.0.0.1:24626]' for 'POST' to 'http://localhost:24626/session/1504a92e5988b2e9d8d44e11539c47eb/execute/sync'
22:23:03.164 [Forwarding isElementDisplayed on session 1504a92e5988b2e9d8d44e11539c47eb to remote] DEBUG org.asynchttpclient.netty.request.NettyRequestSender - Using open Channel [id: 0x13f0f69f, L:/127.0.0.1:64992 - R:localhost/127.0.0.1:24626] for POST '/session/1504a92e5988b2e9d8d44e11539c47eb/execute/sync'
22:23:03.169 [AsyncHttpClient-1-11] DEBUG org.asynchttpclient.netty.handler.HttpHandler - 

Request DefaultHttpRequest(decodeResult: success, version: HTTP/1.1)
POST /session/1504a92e5988b2e9d8d44e11539c47eb/execute/sync HTTP/1.1
User-Agent: selenium/4.9.0 (java windows)
Content-Length: 48845
Content-Type: application/json; charset=utf-8
host: localhost:24626
accept: */*

Response DefaultHttpResponse(decodeResult: success, version: HTTP/1.1)
HTTP/1.1 200 OK
Content-Length: 14
Content-Type: application/json; charset=utf-8
cache-control: no-cache

22:23:03.169 [AsyncHttpClient-1-11] DEBUG org.asynchttpclient.netty.channel.ChannelManager - Adding key: http://localhost:24626 for channel [id: 0x13f0f69f, L:/127.0.0.1:64992 - R:localhost/127.0.0.1:24626]
22:23:03.170 [Forwarding elementScreenshot on session 1504a92e5988b2e9d8d44e11539c47eb to remote] DEBUG org.asynchttpclient.netty.request.NettyRequestSender - Using pooled Channel '[id: 0x13f0f69f, L:/127.0.0.1:64992 - R:localhost/127.0.0.1:24626]' for 'GET' to 'http://localhost:24626/session/1504a92e5988b2e9d8d44e11539c47eb/element/f.2C6C5EB001DADE08EB6217F276AAA62E.d.32B5CD2ED7183B0D1B70536C3531A2A8.e.27/screenshot'
22:23:03.170 [Forwarding elementScreenshot on session 1504a92e5988b2e9d8d44e11539c47eb to remote] DEBUG org.asynchttpclient.netty.request.NettyRequestSender - Using open Channel [id: 0x13f0f69f, L:/127.0.0.1:64992 - R:localhost/127.0.0.1:24626] for GET '/session/1504a92e5988b2e9d8d44e11539c47eb/element/f.2C6C5EB001DADE08EB6217F276AAA62E.d.32B5CD2ED7183B0D1B70536C3531A2A8.e.27/screenshot'
22:23:03.319 [AsyncHttpClient-1-11] DEBUG org.asynchttpclient.netty.handler.HttpHandler - 

Request DefaultFullHttpRequest(decodeResult: success, version: HTTP/1.1, content: EmptyByteBufBE)
GET /session/1504a92e5988b2e9d8d44e11539c47eb/element/f.2C6C5EB001DADE08EB6217F276AAA62E.d.32B5CD2ED7183B0D1B70536C3531A2A8.e.27/screenshot HTTP/1.1
User-Agent: selenium/4.9.0 (java windows)
Cache-Control: no-cache
Content-Type: application/json; charset=utf-8
host: localhost:24626
accept: */*

Response DefaultHttpResponse(decodeResult: success, version: HTTP/1.1)
HTTP/1.1 200 OK
Content-Length: 46924
Content-Type: application/json; charset=utf-8
cache-control: no-cache

22:23:03.320 [AsyncHttpClient-1-11] DEBUG org.asynchttpclient.netty.channel.ChannelManager - Adding key: http://localhost:24626 for channel [id: 0x13f0f69f, L:/127.0.0.1:64992 - R:localhost/127.0.0.1:24626]
22:23:03.320 [main] INFO  stepDefinitions.StepDefinitions - Images are changing successfully.
  Then I verify the images are changing accordingly                           # stepDefinitions.StepDefinitions.verifyImageChanges()
22:23:03.322 [Driver Command Executor] DEBUG org.asynchttpclient.netty.request.NettyRequestSender - Using pooled Channel '[id: 0x13f0f69f, L:/127.0.0.1:64992 - R:localhost/127.0.0.1:24626]' for 'DELETE' to 'http://localhost:24626/session/1504a92e5988b2e9d8d44e11539c47eb'
22:23:03.322 [AsyncHttpClient-1-13] DEBUG org.asynchttpclient.netty.handler.WebSocketHandler - Channel Closed: [id: 0x25df3467, L:/127.0.0.1:65001 ! R:localhost/127.0.0.1:64993] with attribute DISCARD
22:23:03.322 [Driver Command Executor] DEBUG org.asynchttpclient.netty.request.NettyRequestSender - Using open Channel [id: 0x13f0f69f, L:/127.0.0.1:64992 - R:localhost/127.0.0.1:24626] for DELETE '/session/1504a92e5988b2e9d8d44e11539c47eb'
22:23:03.375 [AsyncHttpClient-1-12] DEBUG org.asynchttpclient.netty.handler.HttpHandler - Unexpected I/O exception on channel [id: 0x0d51f04b, L:/127.0.0.1:65000 - R:localhost/127.0.0.1:64993]
java.net.SocketException: Connection reset
	at java.base/sun.nio.ch.SocketChannelImpl.throwConnectionReset(SocketChannelImpl.java:401)
	at java.base/sun.nio.ch.SocketChannelImpl.read(SocketChannelImpl.java:434)
	at io.netty.buffer.PooledByteBuf.setBytes(PooledByteBuf.java:256)
	at io.netty.buffer.AbstractByteBuf.writeBytes(AbstractByteBuf.java:1132)
	at io.netty.channel.socket.nio.NioSocketChannel.doReadBytes(NioSocketChannel.java:357)
	at io.netty.channel.nio.AbstractNioByteChannel$NioByteUnsafe.read(AbstractNioByteChannel.java:151)
	at io.netty.channel.nio.NioEventLoop.processSelectedKey(NioEventLoop.java:788)
	at io.netty.channel.nio.NioEventLoop.processSelectedKeysOptimized(NioEventLoop.java:724)
	at io.netty.channel.nio.NioEventLoop.processSelectedKeys(NioEventLoop.java:650)
	at io.netty.channel.nio.NioEventLoop.run(NioEventLoop.java:562)
	at io.netty.util.concurrent.SingleThreadEventExecutor$4.run(SingleThreadEventExecutor.java:997)
	at io.netty.util.internal.ThreadExecutorMap$2.run(ThreadExecutorMap.java:74)
	at io.netty.util.concurrent.FastThreadLocalRunnable.run(FastThreadLocalRunnable.java:30)
	at java.base/java.lang.Thread.run(Thread.java:1583)
22:23:03.375 [AsyncHttpClient-1-12] DEBUG org.asynchttpclient.netty.channel.ChannelManager - Closing Channel [id: 0x0d51f04b, L:/127.0.0.1:65000 - R:localhost/127.0.0.1:64993] 
22:23:03.375 [AsyncHttpClient-1-12] DEBUG org.asynchttpclient.netty.handler.HttpHandler - Channel Closed: [id: 0x0d51f04b, L:/127.0.0.1:65000 ! R:localhost/127.0.0.1:64993] with attribute DISCARD
22:23:03.400 [AsyncHttpClient-1-11] DEBUG org.asynchttpclient.netty.handler.HttpHandler - 

Request DefaultFullHttpRequest(decodeResult: success, version: HTTP/1.1, content: EmptyByteBufBE)
DELETE /session/1504a92e5988b2e9d8d44e11539c47eb HTTP/1.1
User-Agent: selenium/4.9.0 (java windows)
Content-Type: application/json; charset=utf-8
host: localhost:24626
accept: */*

Response DefaultHttpResponse(decodeResult: success, version: HTTP/1.1)
HTTP/1.1 200 OK
Content-Length: 14
Content-Type: application/json; charset=utf-8
cache-control: no-cache

22:23:03.400 [AsyncHttpClient-1-11] DEBUG org.asynchttpclient.netty.channel.ChannelManager - Adding key: http://localhost:24626 for channel [id: 0x13f0f69f, L:/127.0.0.1:64992 - R:localhost/127.0.0.1:24626]
22:23:03.479 [AsyncHttpClient-1-11] DEBUG org.asynchttpclient.netty.handler.HttpHandler - Channel Closed: [id: 0x13f0f69f, L:/127.0.0.1:64992 ! R:localhost/127.0.0.1:24626] with attribute DISCARD
Browser closed successfully.
]]></system-out>
    <system-err><![CDATA[Starting ChromeDriver 136.0.7103.94 (fa0be0b33debeb378a8e6ad9c599be34e2dc3b37-refs/branch-heads/7103@{#1842}) on port 24626
Only local connections are allowed.
Please see https://chromedriver.chromium.org/security-considerations for suggestions on keeping ChromeDriver safe.
ChromeDriver was started successfully on port 24626.
May 15, 2025 10:22:58 PM org.openqa.selenium.devtools.CdpVersionFinder findNearestMatch
WARNING: Unable to find CDP implementation matching 136
May 15, 2025 10:22:58 PM org.openqa.selenium.chromium.ChromiumDriver lambda$new$3
WARNING: Unable to find version of CDP to use for . You may need to include a dependency on a specific version of the CDP using something similar to `org.seleniumhq.selenium:selenium-devtools-v86:4.9.0` where the version ("v86") matches the version of the chromium-based browser you're using and the version number of the artifact is the same as Selenium's.
]]></system-err>
  </testcase>
</testsuite>