<?xml version="1.0" encoding="UTF-8"?>
<testsuite xmlns:xsi="http://www.w3.org/2001/XMLSchema-instance" xsi:noNamespaceSchemaLocation="https://maven.apache.org/surefire/maven-surefire-plugin/xsd/surefire-test-report-3.0.xsd" version="3.0" name="com.api.automation.tests.RegisterApiTest" time="7.36" tests="3" errors="0" skipped="0" failures="0">
  <properties>
[...]
</properties>
  <testcase name="testRegisterApi[eve.holt@reqres.in, pistol](1)" classname="com.api.automation.tests.RegisterApiTest" time="4.046">
    <system-out><![CDATA[15:07:34.116 [main] INFO  com.api.automation.tests.RegisterApiTest - Status Code: 200
15:07:34.178 [main] INFO  com.api.automation.tests.RegisterApiTest - Response: {
    "id": 4,
    "token": "QpwL5tke4Pnpja7X4"
}
15:07:34.956 [main] INFO  com.api.automation.tests.RegisterApiTest - ID: 4
15:07:34.987 [main] INFO  com.api.automation.tests.RegisterApiTest - Token: QpwL5tke4Pnpja7X4
]]></system-out>
  </testcase>
  <testcase name="testRegisterApi[missing.password@reqres.in, ](2)" classname="com.api.automation.tests.RegisterApiTest" time="0.756">
    <system-out><![CDATA[15:07:35.677 [main] INFO  com.api.automation.tests.RegisterApiTest - Status Code: 400
15:07:35.677 [main] INFO  com.api.automation.tests.RegisterApiTest - Response: {
    "error": "Missing password"
}
15:07:35.716 [main] ERROR com.api.automation.tests.RegisterApiTest - Error: Missing password
]]></system-out>
  </testcase>
  <testcase name="testRegisterApi[invalid.email@reqres.in, wrongpass](3)" classname="com.api.automation.tests.RegisterApiTest" time="0.627">
    <system-out><![CDATA[15:07:36.288 [main] INFO  com.api.automation.tests.RegisterApiTest - Status Code: 400
15:07:36.290 [main] INFO  com.api.automation.tests.RegisterApiTest - Response: {
    "error": "Note: Only defined users succeed registration"
}
15:07:36.317 [main] ERROR com.api.automation.tests.RegisterApiTest - Error: Note: Only defined users succeed registration
]]></system-out>
  </testcase>
</testsuite>