<?xml version="1.0" encoding="UTF-8"?>
<testng-results ignored="0" total="3" passed="3" failed="0" skipped="0">
  <reporter-output>
  </reporter-output>
  <suite started-at="2025-05-16T15:07:30 IST" name="Surefire suite" finished-at="2025-05-16T15:07:36 IST" duration-ms="6061">
    <groups>
    </groups>
    <test started-at="2025-05-16T15:07:30 IST" name="Surefire test" finished-at="2025-05-16T15:07:36 IST" duration-ms="6061">
      <class name="com.api.automation.tests.RegisterApiTest">
        <test-method signature="testRegisterApi(java.lang.String,java.lang.String)[pri:0, instance:com.api.automation.tests.RegisterApiTest@2b4c1d96]" started-at="2025-05-16T15:07:30 IST" name="testRegisterApi" data-provider="credentialsProvider" finished-at="2025-05-16T15:07:34 IST" duration-ms="4039" status="PASS">
          <params>
            <param index="0">
              <value>
                <![CDATA[eve.holt@reqres.in]]>
              </value>
            </param>
            <param index="1">
              <value>
                <![CDATA[pistol]]>
              </value>
            </param>
          </params>
          <reporter-output>
          </reporter-output>
        </test-method> <!-- testRegisterApi -->
        <test-method signature="testRegisterApi(java.lang.String,java.lang.String)[pri:0, instance:com.api.automation.tests.RegisterApiTest@2b4c1d96]" started-at="2025-05-16T15:07:34 IST" name="testRegisterApi" data-provider="credentialsProvider" finished-at="2025-05-16T15:07:35 IST" duration-ms="723" status="PASS">
          <params>
            <param index="0">
              <value>
                <![CDATA[missing.password@reqres.in]]>
              </value>
            </param>
            <param index="1">
              <value>
                <![CDATA[]]>
              </value>
            </param>
          </params>
          <reporter-output>
          </reporter-output>
        </test-method> <!-- testRegisterApi -->
        <test-method signature="testRegisterApi(java.lang.String,java.lang.String)[pri:0, instance:com.api.automation.tests.RegisterApiTest@2b4c1d96]" started-at="2025-05-16T15:07:35 IST" name="testRegisterApi" data-provider="credentialsProvider" finished-at="2025-05-16T15:07:36 IST" duration-ms="599" status="PASS">
          <params>
            <param index="0">
              <value>
                <![CDATA[invalid.email@reqres.in]]>
              </value>
            </param>
            <param index="1">
              <value>
                <![CDATA[wrongpass]]>
              </value>
            </param>
          </params>
          <reporter-output>
          </reporter-output>
        </test-method> <!-- testRegisterApi -->
      </class> <!-- com.api.automation.tests.RegisterApiTest -->
    </test> <!-- Surefire test -->
  </suite> <!-- Surefire suite -->
</testng-results>
