<?xml version="1.0" encoding="UTF-8"?>
<testng-results ignored="0" total="2" passed="2" failed="0" skipped="0">
  <reporter-output>
  </reporter-output>
  <suite started-at="2025-05-12T15:18:50 IST" name="Surefire suite" finished-at="2025-05-12T15:18:53 IST" duration-ms="2679">
    <groups>
    </groups>
    <test started-at="2025-05-12T15:18:50 IST" name="Surefire test" finished-at="2025-05-12T15:18:53 IST" duration-ms="2679">
      <class name="com.api.automation.tests.RegisterApiTest">
        <test-method signature="testRegisterApi(java.lang.String,java.lang.String)[pri:0, instance:com.api.automation.tests.RegisterApiTest@10db82ae]" started-at="2025-05-12T15:18:51 IST" name="testRegisterApi" data-provider="credentialsProvider" finished-at="2025-05-12T15:18:53 IST" duration-ms="1813" status="PASS">
          <params>
            <param index="0">
              <value>
                <![CDATA[test1@example.com ]]>
              </value>
            </param>
            <param index="1">
              <value>
                <![CDATA[password1]]>
              </value>
            </param>
          </params>
          <reporter-output>
          </reporter-output>
        </test-method> <!-- testRegisterApi -->
        <test-method signature="testRegisterApi(java.lang.String,java.lang.String)[pri:0, instance:com.api.automation.tests.RegisterApiTest@10db82ae]" started-at="2025-05-12T15:18:53 IST" name="testRegisterApi" data-provider="credentialsProvider" finished-at="2025-05-12T15:18:53 IST" duration-ms="453" status="PASS">
          <params>
            <param index="0">
              <value>
                <![CDATA[test2@example.com ]]>
              </value>
            </param>
            <param index="1">
              <value>
                <![CDATA[password2]]>
              </value>
            </param>
          </params>
          <reporter-output>
          </reporter-output>
        </test-method> <!-- testRegisterApi -->
      </class> <!-- com.api.automation.tests.RegisterApiTest -->
    </test> <!-- Surefire test -->
  </suite> <!-- Surefire suite -->
</testng-results>
