<?xml version="1.0" encoding="UTF-8"?>
<!-- Generated by org.testng.reporters.JUnitXMLReporter -->
<testsuite ignored="0" hostname="Sahasra-PC" failures="0" tests="3" name="Surefire test" time="6.061" errors="0" timestamp="2025-05-16T15:07:36 IST">
  <testcase classname="com.api.automation.tests.RegisterApiTest" name="testRegisterApi" time="4.039"/>
  <testcase classname="com.api.automation.tests.RegisterApiTest" name="testRegisterApi" time="0.723"/>
  <testcase classname="com.api.automation.tests.RegisterApiTest" name="testRegisterApi" time="0.599"/>
</testsuite> <!-- Surefire test -->
