<?xml version="1.0" encoding="UTF-8"?>
<!-- Generated by org.testng.reporters.JUnitXMLReporter -->
<testsuite ignored="0" hostname="Sahasra-PC" failures="0" tests="3" name="Surefire test" time="5.635" errors="0" timestamp="2025-05-16T11:54:22 IST">
  <testcase classname="com.api.automation.tests.RegisterApiTest" name="testRegisterApi" time="3.566"/>
  <testcase classname="com.api.automation.tests.RegisterApiTest" name="testRegisterApi" time="0.658"/>
  <testcase classname="com.api.automation.tests.RegisterApiTest" name="testRegisterApi" time="0.653"/>
</testsuite> <!-- Surefire test -->
